🔍 Verifying diamond storage layouts...
[0;34mAll storage layouts cached in cache/storage-layout; skipping build.[0m
[0;34mStarting storage layout verification...[0m

[0;34m=== Processing CVStrategy ===[0m
  Main contract: [0;34mCVStrategy[0m
  Checking CVAdminFacet... [0;34m  Cache hit:[0m cache/storage-layout/CVStrategy-5a803432eab57a00865de5d62ec4fdd5e1854cf221fbe76b91b7a6c75c101bde.txt
[0;34m  Cache hit:[0m cache/storage-layout/CVAdminFacet-405082e64fda29edd19aa9d3d402217825ba39a4774b988361f9995e7f54100c.txt
[0;32m✓ MATCH[0m
  Checking CVAllocationFacet... [0;34m  Cache hit:[0m cache/storage-layout/CVStrategy-5a803432eab57a00865de5d62ec4fdd5e1854cf221fbe76b91b7a6c75c101bde.txt
[0;34m  Cache hit:[0m cache/storage-layout/CVAllocationFacet-74516ece933c38ebfc8e91c9a384b254616a0c0a8f4fe611afbcf692f8d4b788.txt
[0;32m✓ MATCH[0m
  Checking CVDisputeFacet... [0;34m  Cache hit:[0m cache/storage-layout/CVStrategy-5a803432eab57a00865de5d62ec4fdd5e1854cf221fbe76b91b7a6c75c101bde.txt
[0;34m  Cache hit:[0m cache/storage-layout/CVDisputeFacet-4cea66d303d30816e34fbb088b26f92caaa0e6b084298359efa1805fad46f396.txt
[0;32m✓ MATCH[0m
  Checking CVPauseFacet... [0;34m  Cache hit:[0m cache/storage-layout/CVStrategy-5a803432eab57a00865de5d62ec4fdd5e1854cf221fbe76b91b7a6c75c101bde.txt
[0;34m  Cache hit:[0m cache/storage-layout/CVPauseFacet-c60f6fc43d99959369444d6e7bf4c1fe1c356ea2be13215b87ed8290aa6376df.txt
[0;32m✓ MATCH[0m
  Checking CVPowerFacet... [0;34m  Cache hit:[0m cache/storage-layout/CVStrategy-5a803432eab57a00865de5d62ec4fdd5e1854cf221fbe76b91b7a6c75c101bde.txt
[0;34m  Cache hit:[0m cache/storage-layout/CVPowerFacet-645557d813a8663fa395d18686138542b301fe29ef67a4638eecfd7123de85ab.txt
[0;32m✓ MATCH[0m
  Checking CVProposalFacet... [0;34m  Cache hit:[0m cache/storage-layout/CVStrategy-5a803432eab57a00865de5d62ec4fdd5e1854cf221fbe76b91b7a6c75c101bde.txt
[0;34m  Cache hit:[0m cache/storage-layout/CVProposalFacet-27398445f568b8161a5a26f694461a0a2b9a80958805be668e17f19304cb20c5.txt
[0;32m✓ MATCH[0m
  Checking CVStreamingFacet... [0;34m  Cache hit:[0m cache/storage-layout/CVStrategy-5a803432eab57a00865de5d62ec4fdd5e1854cf221fbe76b91b7a6c75c101bde.txt
[0;34m  Cache hit:[0m cache/storage-layout/CVStreamingFacet-5691a93fe150536303b9108b9f844aa15b1b181f9bd2caeec73b7da317c581e6.txt
[0;32m✓ MATCH[0m
  Checking CVSyncPowerFacet... [0;34m  Cache hit:[0m cache/storage-layout/CVStrategy-5a803432eab57a00865de5d62ec4fdd5e1854cf221fbe76b91b7a6c75c101bde.txt
[0;34m  Cache hit:[0m cache/storage-layout/CVSyncPowerFacet-5dab80e5dabbddd595acffd99230f5075c505a899129ab674a77e246da2de788.txt
[0;32m✓ MATCH[0m

[1;33mSkipping src/diamonds (generic diamond utilities)[0m

[0;34m=== Processing RegistryCommunity ===[0m
  Main contract: [0;34mRegistryCommunity[0m
  Checking CommunityAdminFacet... [0;34m  Cache hit:[0m cache/storage-layout/RegistryCommunity-e435dd2c176ceb8c0703484ef57ac4e4b54a26b4104c719accbc3380541a35b9.txt
[0;34m  Cache hit:[0m cache/storage-layout/CommunityAdminFacet-21328e4c5d04da2b927925acf69e59d1b80b1adc88cd9bc06e49aa07bbca662a.txt
[0;32m✓ MATCH[0m
  Checking CommunityMemberFacet... [0;34m  Cache hit:[0m cache/storage-layout/RegistryCommunity-e435dd2c176ceb8c0703484ef57ac4e4b54a26b4104c719accbc3380541a35b9.txt
[0;34m  Cache hit:[0m cache/storage-layout/CommunityMemberFacet-2df90697b14c68814cb3bef5d6f8cbcebe4d05007216e332162598cdb661e892.txt
[0;32m✓ MATCH[0m
  Checking CommunityPauseFacet... [0;34m  Cache hit:[0m cache/storage-layout/RegistryCommunity-e435dd2c176ceb8c0703484ef57ac4e4b54a26b4104c719accbc3380541a35b9.txt
[0;34m  Cache hit:[0m cache/storage-layout/CommunityPauseFacet-fccfdd45d13a69d9c7eeddbbadf3a8759034ac38a3e8bbb0189e5de5ef380685.txt
[0;32m✓ MATCH[0m
  Checking CommunityPoolFacet... [0;34m  Cache hit:[0m cache/storage-layout/RegistryCommunity-e435dd2c176ceb8c0703484ef57ac4e4b54a26b4104c719accbc3380541a35b9.txt
[0;34m  Cache hit:[0m cache/storage-layout/CommunityPoolFacet-b25bf00e5a3a093466fb37e8079605417b6f86e70629b0863de9a35694d9e25e.txt
[0;32m✓ MATCH[0m
  Checking CommunityPowerFacet... [0;34m  Cache hit:[0m cache/storage-layout/RegistryCommunity-e435dd2c176ceb8c0703484ef57ac4e4b54a26b4104c719accbc3380541a35b9.txt
[0;34m  Cache hit:[0m cache/storage-layout/CommunityPowerFacet-be6a53ab48ada11dd8e78b6d13370b1a11c63e48d9758f89cb0dec011e7778fe.txt
[0;32m✓ MATCH[0m
  Checking CommunityStrategyFacet... [0;34m  Cache hit:[0m cache/storage-layout/RegistryCommunity-e435dd2c176ceb8c0703484ef57ac4e4b54a26b4104c719accbc3380541a35b9.txt
[0;34m  Cache hit:[0m cache/storage-layout/CommunityStrategyFacet-6ee42d273c3961872afa04f5b966f89923a0deb1961632bd7cc0fa8dd7c08bd3.txt
[0;32m✓ MATCH[0m

[0;34m=== Processing RegistryFactory ===[0m
  Checking storage layout invariants... No files changed, compilation skipped
[0;32m✓ MATCH[0m

[0;34m=== Summary ===[0m
[0;32m✓ All storage layouts match![0m
[0;32m  Storage alignment verified (diamond facets + RegistryFactory).[0m
✅ Storage verification passed
Script ran successfully.

## Setting up 1 EVM.

==========================

Chain 42161

Estimated gas price: 0.040096001 gwei

Estimated total gas used for script: 17772687

Estimated amount required: 0.000712613675724687 ETH

==========================


==========================

ONCHAIN EXECUTION COMPLETE & SUCCESSFUL.

Transactions saved to: /home/corantin/Documents/GitHub/gardens-v2/broadcast/RefreshFacetSnapshots.s.sol/42161/run-latest.json

Sensitive values saved to: /home/corantin/Documents/GitHub/gardens-v2/cache/RefreshFacetSnapshots.s.sol/42161/run-latest.json

No files changed, compilation skipped
Script ran successfully.

## Setting up 1 EVM.

==========================

Chain 42161

Estimated gas price: 0.040072001 gwei

Estimated total gas used for script: 45098239

Estimated amount required: 0.001807176678306239 ETH

==========================


==========================

ONCHAIN EXECUTION COMPLETE & SUCCESSFUL.
##
Start verification for (82) contracts
Start verifying contract `0xE59851e92D9886a6f40146ccddD0fdE6F7b49184` deployed on arbitrum
EVM version: prague
Compiler version: 0.8.23
Optimizations:    0

Submitting verification for [pkg/contracts/src/RegistryFactory/RegistryFactory.sol:RegistryFactory] 0xE59851e92D9886a6f40146ccddD0fdE6F7b49184.
Submitted contract for verification:
	Response: `OK`
	GUID: `qds9l5u5i9vylbbjac944hq2hsvlxet3hfthqqs5l7msmvznxg`
	URL: https://arbiscan.io/address/0xe59851e92d9886a6f40146ccddd0fde6f7b49184
Contract verification status:
Response: `NOTOK`
Details: `Pending in queue`
Warning: Verification is still pending...; waiting 15 seconds before trying again (7 tries remaining)
Contract verification status:
Response: `OK`
Details: `Pass - Verified`
Contract successfully verified
Start verifying contract `0x02Af333d38D24C80DCb28942F860d5c380280e1f` deployed on arbitrum
EVM version: prague
Compiler version: 0.8.23
Optimizations:    0

Submitting verification for [pkg/contracts/src/RegistryCommunity/RegistryCommunity.sol:RegistryCommunity] 0x02Af333d38D24C80DCb28942F860d5c380280e1f.
Submitted contract for verification:
	Response: `OK`
	GUID: `cpbybymrsta8y4htg7iwujj4ixvqemtifrd5sjwkuqyyvdziju`
	URL: https://arbiscan.io/address/0x02af333d38d24c80dcb28942f860d5c380280e1f
Contract verification status:
Response: `NOTOK`
Details: `Pending in queue`
Warning: Verification is still pending...; waiting 15 seconds before trying again (7 tries remaining)
Contract verification status:
Response: `OK`
Details: `Pass - Verified`
Contract successfully verified
Start verifying contract `0xD0037068dCEE44A99CE6591a0462e40D512b9D8E` deployed on arbitrum
EVM version: prague
Compiler version: 0.8.23
Optimizations:    0

Submitting verification for [pkg/contracts/src/CVStrategy/CVStrategy.sol:CVStrategy] 0xD0037068dCEE44A99CE6591a0462e40D512b9D8E.
Submitted contract for verification:
	Response: `OK`
	GUID: `et62mheygd3pbv1sthscsncnbwmkzfqnfk8zce5ksuehivetye`
	URL: https://arbiscan.io/address/0xd0037068dcee44a99ce6591a0462e40d512b9d8e
Contract verification status:
Response: `NOTOK`
Details: `Pending in queue`
Warning: Verification is still pending...; waiting 15 seconds before trying again (7 tries remaining)
Contract verification status:
Response: `OK`
Details: `Pass - Verified`
Contract successfully verified
Start verifying contract `0x8E894EF1e8110cA592DEE6286fE0342B8EE721c8` deployed on arbitrum
EVM version: prague
Compiler version: 0.8.23
Optimizations:    0

Submitting verification for [pkg/contracts/src/RegistryCommunity/facets/CommunityAdminFacet.sol:CommunityAdminFacet] 0x8E894EF1e8110cA592DEE6286fE0342B8EE721c8.
Submitted contract for verification:
	Response: `OK`
	GUID: `krg7tsgirhvtz1nejrp1ffd7byjk56gumuvyyysgjunmqzvdu4`
	URL: https://arbiscan.io/address/0x8e894ef1e8110ca592dee6286fe0342b8ee721c8
Contract verification status:
Response: `NOTOK`
Details: `Pending in queue`
Warning: Verification is still pending...; waiting 15 seconds before trying again (7 tries remaining)
Contract verification status:
Response: `OK`
Details: `Pass - Verified`
Contract successfully verified
Start verifying contract `0xE87950f7b4527DC5ed378B3b09A54F09033dB342` deployed on arbitrum
EVM version: prague
Compiler version: 0.8.23
Optimizations:    0

Submitting verification for [pkg/contracts/src/RegistryCommunity/facets/CommunityMemberFacet.sol:CommunityMemberFacet] 0xE87950f7b4527DC5ed378B3b09A54F09033dB342.
Submitted contract for verification:
	Response: `OK`
	GUID: `sqydnbnxh3dpsih35e27cizfwia31w6q4jbmzedixs7udvwif5`
	URL: https://arbiscan.io/address/0xe87950f7b4527dc5ed378b3b09a54f09033db342
Contract verification status:
Response: `NOTOK`
Details: `Pending in queue`
Warning: Verification is still pending...; waiting 15 seconds before trying again (7 tries remaining)
Contract verification status:
Response: `OK`
Details: `Pass - Verified`
Contract successfully verified
Start verifying contract `0x1a678002Ab6963aD146f20869FDebd21a119DB03` deployed on arbitrum
EVM version: prague
Compiler version: 0.8.23
Optimizations:    0

Submitting verification for [pkg/contracts/src/RegistryCommunity/facets/CommunityPauseFacet.sol:CommunityPauseFacet] 0x1a678002Ab6963aD146f20869FDebd21a119DB03.
Submitted contract for verification:
	Response: `OK`
	GUID: `ibsgb9hih42kxcwpk78vws1iajc5c1ngpvmvxp92wfnahbvuyp`
	URL: https://arbiscan.io/address/0x1a678002ab6963ad146f20869fdebd21a119db03
Contract verification status:
Response: `NOTOK`
Details: `Pending in queue`
Warning: Verification is still pending...; waiting 15 seconds before trying again (7 tries remaining)
Contract verification status:
Response: `OK`
Details: `Pass - Verified`
Contract successfully verified
Start verifying contract `0xCE76AC71e627637f086A956569e48a480f95BB37` deployed on arbitrum
EVM version: prague
Compiler version: 0.8.23
Optimizations:    0

Submitting verification for [pkg/contracts/src/RegistryCommunity/facets/CommunityPoolFacet.sol:CommunityPoolFacet] 0xCE76AC71e627637f086A956569e48a480f95BB37.
Submitted contract for verification:
	Response: `OK`
	GUID: `bpb9bgb86rxdgghkx2rsrxy61e4scqqhxnqy6ejvuphi5ha6tw`
	URL: https://arbiscan.io/address/0xce76ac71e627637f086a956569e48a480f95bb37
Contract verification status:
Response: `NOTOK`
Details: `Pending in queue`
Warning: Verification is still pending...; waiting 15 seconds before trying again (7 tries remaining)
Contract verification status:
Response: `OK`
Details: `Pass - Verified`
Contract successfully verified
Start verifying contract `0xB86D52F99BC1551A95C1F3A22dfBa77CAAEc9408` deployed on arbitrum
EVM version: prague
Compiler version: 0.8.23
Optimizations:    0

Submitting verification for [pkg/contracts/src/RegistryCommunity/facets/CommunityPowerFacet.sol:CommunityPowerFacet] 0xB86D52F99BC1551A95C1F3A22dfBa77CAAEc9408.
Submitted contract for verification:
	Response: `OK`
	GUID: `etw7xer59mdaxgtfgss9fihux2fg1jeyzfbvnrqlg16xikicrr`
	URL: https://arbiscan.io/address/0xb86d52f99bc1551a95c1f3a22dfba77caaec9408
Contract verification status:
Response: `NOTOK`
Details: `Pending in queue`
Warning: Verification is still pending...; waiting 15 seconds before trying again (7 tries remaining)
Contract verification status:
Response: `OK`
Details: `Pass - Verified`
Contract successfully verified
Start verifying contract `0x52c29842EAdf4b13204a59127976b8351f3Ce36D` deployed on arbitrum
EVM version: prague
Compiler version: 0.8.23
Optimizations:    0

Submitting verification for [pkg/contracts/src/RegistryCommunity/facets/CommunityStrategyFacet.sol:CommunityStrategyFacet] 0x52c29842EAdf4b13204a59127976b8351f3Ce36D.
Submitted contract for verification:
	Response: `OK`
	GUID: `bhejhvbaawyb4riebrvwrg36uedkclj4pb8xkppfjequmwwff4`
	URL: https://arbiscan.io/address/0x52c29842eadf4b13204a59127976b8351f3ce36d
Contract verification status:
Response: `NOTOK`
Details: `Pending in queue`
Warning: Verification is still pending...; waiting 15 seconds before trying again (7 tries remaining)
Contract verification status:
Response: `OK`
Details: `Pass - Verified`
Contract successfully verified
Start verifying contract `0x95da8048bDB7c16042BD6f5F2E0b17158b3b673D` deployed on arbitrum
EVM version: prague
Compiler version: 0.8.23
Optimizations:    0

Submitting verification for [pkg/contracts/src/diamonds/upgradeInitializers/DiamondInit.sol:DiamondInit] 0x95da8048bDB7c16042BD6f5F2E0b17158b3b673D.
Submitted contract for verification:
	Response: `OK`
	GUID: `9s6uzkf8fessypcvmuhkwmurddr9iyhywychyv3micajnsg2hs`
	URL: https://arbiscan.io/address/0x95da8048bdb7c16042bd6f5f2e0b17158b3b673d
Contract verification status:
Response: `NOTOK`
Details: `Pending in queue`
Warning: Verification is still pending...; waiting 15 seconds before trying again (7 tries remaining)
Contract verification status:
Response: `OK`
Details: `Pass - Verified`
Contract successfully verified
Start verifying contract `0xC66f9Ccd8bC9115c9D62feAB271f27558B4fA418` deployed on arbitrum
EVM version: prague
Compiler version: 0.8.23
Optimizations:    0

Submitting verification for [pkg/contracts/src/diamonds/upgradeInitializers/DiamondInit.sol:DiamondInit] 0xC66f9Ccd8bC9115c9D62feAB271f27558B4fA418.
Submitted contract for verification:
	Response: `OK`
	GUID: `9unvanyfgwuxqgxuxrcuxsswttcj3kmqssqdbyyfije6tmmimu`
	URL: https://arbiscan.io/address/0xc66f9ccd8bc9115c9d62feab271f27558b4fa418
Contract verification status:
Response: `NOTOK`
Details: `Already Verified`
Contract source code already verified
Start verifying contract `0x35Ea90374C26e56C46362e4947bF361F1a0C264a` deployed on arbitrum
EVM version: prague
Compiler version: 0.8.23
Optimizations:    0

Submitting verification for [pkg/contracts/src/diamonds/upgradeInitializers/DiamondInit.sol:DiamondInit] 0x35Ea90374C26e56C46362e4947bF361F1a0C264a.
Submitted contract for verification:
	Response: `OK`
	GUID: `uqpmvh3t3hafcvaw5psjjytxcdmkcg6uw9rxaev8biwh54y8xp`
	URL: https://arbiscan.io/address/0x35ea90374c26e56c46362e4947bf361f1a0c264a
Contract verification status:
Response: `NOTOK`
Details: `Pending in queue`
Warning: Verification is still pending...; waiting 15 seconds before trying again (7 tries remaining)
Contract verification status:
Response: `NOTOK`
Details: `Already Verified`
Contract source code already verified
Start verifying contract `0xA876F005f2622DD52b25860a592fb6aA05Ada646` deployed on arbitrum
EVM version: prague
Compiler version: 0.8.23
Optimizations:    0

Submitting verification for [pkg/contracts/src/diamonds/upgradeInitializers/DiamondInit.sol:DiamondInit] 0xA876F005f2622DD52b25860a592fb6aA05Ada646.
Submitted contract for verification:
	Response: `OK`
	GUID: `aqbpbi1jygisuppqiwpp7xhgfj3tgzw8gavliftvbspwql11le`
	URL: https://arbiscan.io/address/0xa876f005f2622dd52b25860a592fb6aa05ada646
Contract verification status:
Response: `NOTOK`
Details: `Pending in queue`
Warning: Verification is still pending...; waiting 15 seconds before trying again (7 tries remaining)
Contract verification status:
Response: `NOTOK`
Details: `Already Verified`
Contract source code already verified
Start verifying contract `0x861D21E73435f603f94923F4cb5FAD6C83F3a125` deployed on arbitrum
EVM version: prague
Compiler version: 0.8.23
Optimizations:    0

Submitting verification for [pkg/contracts/src/diamonds/upgradeInitializers/DiamondInit.sol:DiamondInit] 0x861D21E73435f603f94923F4cb5FAD6C83F3a125.
Submitted contract for verification:
	Response: `OK`
	GUID: `dm2yp47v9sg73ylbbit363uidfinguj282mi6hktfnxbf4pgie`
	URL: https://arbiscan.io/address/0x861d21e73435f603f94923f4cb5fad6c83f3a125
Contract verification status:
Response: `NOTOK`
Details: `Pending in queue`
Warning: Verification is still pending...; waiting 15 seconds before trying again (7 tries remaining)
Contract verification status:
Response: `NOTOK`
Details: `Already Verified`
Contract source code already verified
Start verifying contract `0xA0fb0B0781683A82C3f1c5D7f1C494Aa73B0c6bE` deployed on arbitrum
EVM version: prague
Compiler version: 0.8.23
Optimizations:    0

Submitting verification for [pkg/contracts/src/diamonds/upgradeInitializers/DiamondInit.sol:DiamondInit] 0xA0fb0B0781683A82C3f1c5D7f1C494Aa73B0c6bE.
Submitted contract for verification:
	Response: `OK`
	GUID: `ah7iyaiimakiee9ez1l45uyrpixt4ahs53k2uqucrpwb7mzht1`
	URL: https://arbiscan.io/address/0xa0fb0b0781683a82c3f1c5d7f1c494aa73b0c6be
Contract verification status:
Response: `NOTOK`
Details: `Pending in queue`
Warning: Verification is still pending...; waiting 15 seconds before trying again (7 tries remaining)
Contract verification status:
Response: `NOTOK`
Details: `Already Verified`
Contract source code already verified
Start verifying contract `0xD6E4b0e094C5aE63cDd3f6e622ed22030A3a908B` deployed on arbitrum
EVM version: prague
Compiler version: 0.8.23
Optimizations:    0

Submitting verification for [pkg/contracts/src/diamonds/upgradeInitializers/DiamondInit.sol:DiamondInit] 0xD6E4b0e094C5aE63cDd3f6e622ed22030A3a908B.
Submitted contract for verification:
	Response: `OK`
	GUID: `5nwf9gjhjferfltuebu7jay9dhymj3jer3wuxruehd6eyziaid`
	URL: https://arbiscan.io/address/0xd6e4b0e094c5ae63cdd3f6e622ed22030a3a908b
Contract verification status:
Response: `NOTOK`
Details: `Pending in queue`
Warning: Verification is still pending...; waiting 15 seconds before trying again (7 tries remaining)
Contract verification status:
Response: `NOTOK`
Details: `Already Verified`
Contract source code already verified
Start verifying contract `0xea1323f4329E7c263385809512630CA81fbd5792` deployed on arbitrum
EVM version: prague
Compiler version: 0.8.23
Optimizations:    0

Submitting verification for [pkg/contracts/src/diamonds/upgradeInitializers/DiamondInit.sol:DiamondInit] 0xea1323f4329E7c263385809512630CA81fbd5792.
Submitted contract for verification:
	Response: `OK`
	GUID: `8nnkgwqm2shwnhvqzcgyxnhfq7wibeynw7vnr6m15bptxmqnja`
	URL: https://arbiscan.io/address/0xea1323f4329e7c263385809512630ca81fbd5792
Contract verification status:
Response: `NOTOK`
Details: `Pending in queue`
Warning: Verification is still pending...; waiting 15 seconds before trying again (7 tries remaining)
Contract verification status:
Response: `NOTOK`
Details: `Already Verified`
Contract source code already verified
Start verifying contract `0xD7B912F70d39695996980243e53e7134c56CaB00` deployed on arbitrum
EVM version: prague
Compiler version: 0.8.23
Optimizations:    0

Submitting verification for [pkg/contracts/src/diamonds/upgradeInitializers/DiamondInit.sol:DiamondInit] 0xD7B912F70d39695996980243e53e7134c56CaB00.
Submitted contract for verification:
	Response: `OK`
	GUID: `z6tjgj67va1yaputtgn9yuggumrqiwggabetvaqbgkamzxr1z4`
	URL: https://arbiscan.io/address/0xd7b912f70d39695996980243e53e7134c56cab00
Contract verification status:
Response: `NOTOK`
Details: `Pending in queue`
Warning: Verification is still pending...; waiting 15 seconds before trying again (7 tries remaining)
Contract verification status:
Response: `NOTOK`
Details: `Already Verified`
Contract source code already verified
Start verifying contract `0x99A282f4097E269172d8Ab9CF4d39239e824DD17` deployed on arbitrum
EVM version: prague
Compiler version: 0.8.23
Optimizations:    0

Submitting verification for [pkg/contracts/src/diamonds/upgradeInitializers/DiamondInit.sol:DiamondInit] 0x99A282f4097E269172d8Ab9CF4d39239e824DD17.
Submitted contract for verification:
	Response: `OK`
	GUID: `tasa26qcqvufp2jjxajayhrlsnjugnvqrfbgfzzz3ikvh1vztg`
	URL: https://arbiscan.io/address/0x99a282f4097e269172d8ab9cf4d39239e824dd17
Contract verification status:
Response: `NOTOK`
Details: `Pending in queue`
Warning: Verification is still pending...; waiting 15 seconds before trying again (7 tries remaining)
Contract verification status:
Response: `NOTOK`
Details: `Already Verified`
Contract source code already verified
Start verifying contract `0xe143006F43f18D5Feb1E825B3dD712D7AC0c7208` deployed on arbitrum
EVM version: prague
Compiler version: 0.8.23
Optimizations:    0

Submitting verification for [pkg/contracts/src/diamonds/upgradeInitializers/DiamondInit.sol:DiamondInit] 0xe143006F43f18D5Feb1E825B3dD712D7AC0c7208.
Submitted contract for verification:
	Response: `OK`
	GUID: `argq5c9gielmk3zwqzsd5y1bxfxv5rsl2bn48sbzyzhkmhyivc`
	URL: https://arbiscan.io/address/0xe143006f43f18d5feb1e825b3dd712d7ac0c7208
Contract verification status:
Response: `NOTOK`
Details: `Pending in queue`
Warning: Verification is still pending...; waiting 15 seconds before trying again (7 tries remaining)
Contract verification status:
Response: `NOTOK`
Details: `Already Verified`
Contract source code already verified
Start verifying contract `0xb7f97e9537CA83b7f8a84A61A9E2F8C5f029A152` deployed on arbitrum
EVM version: prague
Compiler version: 0.8.23
Optimizations:    0

Submitting verification for [pkg/contracts/src/diamonds/upgradeInitializers/DiamondInit.sol:DiamondInit] 0xb7f97e9537CA83b7f8a84A61A9E2F8C5f029A152.
Submitted contract for verification:
	Response: `OK`
	GUID: `cn8qbbr6sr5ebrn1kkewnyps6vhgpqhnatfwdczcd3zluuyrxm`
	URL: https://arbiscan.io/address/0xb7f97e9537ca83b7f8a84a61a9e2f8c5f029a152
Contract verification status:
Response: `NOTOK`
Details: `Pending in queue`
Warning: Verification is still pending...; waiting 15 seconds before trying again (7 tries remaining)
Contract verification status:
Response: `NOTOK`
Details: `Already Verified`
Contract source code already verified
Start verifying contract `0x1795cb5fa25d19Bf62314fE179Fd2663d6d0a1AB` deployed on arbitrum
EVM version: prague
Compiler version: 0.8.23
Optimizations:    0

Submitting verification for [pkg/contracts/src/diamonds/upgradeInitializers/DiamondInit.sol:DiamondInit] 0x1795cb5fa25d19Bf62314fE179Fd2663d6d0a1AB.
Submitted contract for verification:
	Response: `OK`
	GUID: `mduzpdzgj6uai3ig5icsn9k2ikqdybygibwuja4cvxtui4jx3d`
	URL: https://arbiscan.io/address/0x1795cb5fa25d19bf62314fe179fd2663d6d0a1ab
Contract verification status:
Response: `NOTOK`
Details: `Pending in queue`
Warning: Verification is still pending...; waiting 15 seconds before trying again (7 tries remaining)
Contract verification status:
Response: `NOTOK`
Details: `Already Verified`
Contract source code already verified
Start verifying contract `0x63765B0bE7073f1504263A64CCed07722751A7D2` deployed on arbitrum
EVM version: prague
Compiler version: 0.8.23
Optimizations:    0

Submitting verification for [pkg/contracts/src/diamonds/upgradeInitializers/DiamondInit.sol:DiamondInit] 0x63765B0bE7073f1504263A64CCed07722751A7D2.
Submitted contract for verification:
	Response: `OK`
	GUID: `qfn6rcutgwem8zzds8yfwwf1mqhrjf1tbumhudah1siznapukf`
	URL: https://arbiscan.io/address/0x63765b0be7073f1504263a64cced07722751a7d2
Contract verification status:
Response: `NOTOK`
Details: `Pending in queue`
Warning: Verification is still pending...; waiting 15 seconds before trying again (7 tries remaining)
Contract verification status:
Response: `NOTOK`
Details: `Already Verified`
Contract source code already verified
Start verifying contract `0x67a044F1D237985f64857885cA70d199fe6FE65e` deployed on arbitrum
EVM version: prague
Compiler version: 0.8.23
Optimizations:    0

Submitting verification for [pkg/contracts/src/diamonds/upgradeInitializers/DiamondInit.sol:DiamondInit] 0x67a044F1D237985f64857885cA70d199fe6FE65e.
Submitted contract for verification:
	Response: `OK`
	GUID: `ccyngkbnj2vcibwmldcganxgf4b6dcanv44numd2hgu8lpah52`
	URL: https://arbiscan.io/address/0x67a044f1d237985f64857885ca70d199fe6fe65e
Contract verification status:
Response: `NOTOK`
Details: `Pending in queue`
Warning: Verification is still pending...; waiting 15 seconds before trying again (7 tries remaining)
Contract verification status:
Response: `NOTOK`
Details: `Already Verified`
Contract source code already verified
Start verifying contract `0xcEbe075EFAF8bD1d20f2a9D6F4b12b280D80a004` deployed on arbitrum
EVM version: prague
Compiler version: 0.8.23
Optimizations:    0

Submitting verification for [pkg/contracts/src/diamonds/upgradeInitializers/DiamondInit.sol:DiamondInit] 0xcEbe075EFAF8bD1d20f2a9D6F4b12b280D80a004.
Submitted contract for verification:
	Response: `OK`
	GUID: `pbh5vnfhyd9vaysi7eyhsyzbzwupwruu2bny6rzfzcebscvnh4`
	URL: https://arbiscan.io/address/0xcebe075efaf8bd1d20f2a9d6f4b12b280d80a004
Contract verification status:
Response: `NOTOK`
Details: `Pending in queue`
Warning: Verification is still pending...; waiting 15 seconds before trying again (7 tries remaining)
Contract verification status:
Response: `NOTOK`
Details: `Already Verified`
Contract source code already verified
Start verifying contract `0xe9Bac49308CBbe06F6bB40AF891f999Ac4146202` deployed on arbitrum
EVM version: prague
Compiler version: 0.8.23
Optimizations:    0

Submitting verification for [pkg/contracts/src/diamonds/upgradeInitializers/DiamondInit.sol:DiamondInit] 0xe9Bac49308CBbe06F6bB40AF891f999Ac4146202.
Submitted contract for verification:
	Response: `OK`
	GUID: `hvanbqbxv2urdhiguajtcg6i9ejpinzy8raqje1pnzvxk8zytb`
	URL: https://arbiscan.io/address/0xe9bac49308cbbe06f6bb40af891f999ac4146202
Contract verification status:
Response: `NOTOK`
Details: `Pending in queue`
Warning: Verification is still pending...; waiting 15 seconds before trying again (7 tries remaining)
Contract verification status:
Response: `NOTOK`
Details: `Already Verified`
Contract source code already verified
Start verifying contract `0x03b4dc25319DD164D3bd4b29a2B056FB6569a45A` deployed on arbitrum
EVM version: prague
Compiler version: 0.8.23
Optimizations:    0

Submitting verification for [pkg/contracts/src/diamonds/upgradeInitializers/DiamondInit.sol:DiamondInit] 0x03b4dc25319DD164D3bd4b29a2B056FB6569a45A.
Submitted contract for verification:
	Response: `OK`
	GUID: `ivdetbqremgcd83mim7jmqzk63lax1fcv7f4uuyzzuqeiammwy`
	URL: https://arbiscan.io/address/0x03b4dc25319dd164d3bd4b29a2b056fb6569a45a
Contract verification status:
Response: `NOTOK`
Details: `Pending in queue`
Warning: Verification is still pending...; waiting 15 seconds before trying again (7 tries remaining)
Contract verification status:
Response: `NOTOK`
Details: `Already Verified`
Contract source code already verified
Start verifying contract `0xFC25932A8364ce3B3D9BDB6B3d7A4C99E028a59B` deployed on arbitrum
EVM version: prague
Compiler version: 0.8.23
Optimizations:    0

Submitting verification for [pkg/contracts/src/diamonds/upgradeInitializers/DiamondInit.sol:DiamondInit] 0xFC25932A8364ce3B3D9BDB6B3d7A4C99E028a59B.
Submitted contract for verification:
	Response: `OK`
	GUID: `qdszqsni9qqqte7wh6uzspn8ktsucvhy5yb2kwhnhclz99abye`
	URL: https://arbiscan.io/address/0xfc25932a8364ce3b3d9bdb6b3d7a4c99e028a59b
Contract verification status:
Response: `NOTOK`
Details: `Pending in queue`
Warning: Verification is still pending...; waiting 15 seconds before trying again (7 tries remaining)
Contract verification status:
Response: `NOTOK`
Details: `Already Verified`
Contract source code already verified
Start verifying contract `0x8373eD1591A781D104AD874Ddc27bbc042fE1212` deployed on arbitrum
EVM version: prague
Compiler version: 0.8.23
Optimizations:    0

Submitting verification for [pkg/contracts/src/diamonds/upgradeInitializers/DiamondInit.sol:DiamondInit] 0x8373eD1591A781D104AD874Ddc27bbc042fE1212.
Submitted contract for verification:
	Response: `OK`
	GUID: `ufjvysqjewstgdirku45jkpfhqdeybjfnnssfasjdsimmfvyrh`
	URL: https://arbiscan.io/address/0x8373ed1591a781d104ad874ddc27bbc042fe1212
Contract verification status:
Response: `NOTOK`
Details: `Pending in queue`
Warning: Verification is still pending...; waiting 15 seconds before trying again (7 tries remaining)
Contract verification status:
Response: `NOTOK`
Details: `Already Verified`
Contract source code already verified
Start verifying contract `0x2A49400e4458c3794920C6Ff620D3Bc3E14e8d0f` deployed on arbitrum
EVM version: prague
Compiler version: 0.8.23
Optimizations:    0

Submitting verification for [pkg/contracts/src/diamonds/upgradeInitializers/DiamondInit.sol:DiamondInit] 0x2A49400e4458c3794920C6Ff620D3Bc3E14e8d0f.
Submitted contract for verification:
	Response: `OK`
	GUID: `pg7tvisedhnak3db5jlgcbtjti3ti3v6phnd8usj11nkvt7fib`
	URL: https://arbiscan.io/address/0x2a49400e4458c3794920c6ff620d3bc3e14e8d0f
Contract verification status:
Response: `NOTOK`
Details: `Pending in queue`
Warning: Verification is still pending...; waiting 15 seconds before trying again (7 tries remaining)
Contract verification status:
Response: `NOTOK`
Details: `Already Verified`
Contract source code already verified
Start verifying contract `0xfA740082462CAc22746967737de766Db11883450` deployed on arbitrum
EVM version: prague
Compiler version: 0.8.23
Optimizations:    0

Submitting verification for [pkg/contracts/src/diamonds/upgradeInitializers/DiamondInit.sol:DiamondInit] 0xfA740082462CAc22746967737de766Db11883450.
Submitted contract for verification:
	Response: `OK`
	GUID: `aclb6ddn1dfykamimdfz3as3fbniqzbpk8tijmbbrktf43gdyc`
	URL: https://arbiscan.io/address/0xfa740082462cac22746967737de766db11883450
Contract verification status:
Response: `NOTOK`
Details: `Pending in queue`
Warning: Verification is still pending...; waiting 15 seconds before trying again (7 tries remaining)
Contract verification status:
Response: `NOTOK`
Details: `Already Verified`
Contract source code already verified
Start verifying contract `0x6a566441e43C9a53FA7252466E9d83C6249b07Bc` deployed on arbitrum
EVM version: prague
Compiler version: 0.8.23
Optimizations:    0

Submitting verification for [pkg/contracts/src/diamonds/upgradeInitializers/DiamondInit.sol:DiamondInit] 0x6a566441e43C9a53FA7252466E9d83C6249b07Bc.
Submitted contract for verification:
	Response: `OK`
	GUID: `gurj8zajkvqvp22hechupz3eaigmzdwbjcjiy11t9btgbuxsdm`
	URL: https://arbiscan.io/address/0x6a566441e43c9a53fa7252466e9d83c6249b07bc
Contract verification status:
Response: `NOTOK`
Details: `Pending in queue`
Warning: Verification is still pending...; waiting 15 seconds before trying again (7 tries remaining)
Contract verification status:
Response: `NOTOK`
Details: `Already Verified`
Contract source code already verified
Start verifying contract `0x0e635dAD01193b9D93739bc652c5E999962edEda` deployed on arbitrum
EVM version: prague
Compiler version: 0.8.23
Optimizations:    0

Submitting verification for [pkg/contracts/src/diamonds/upgradeInitializers/DiamondInit.sol:DiamondInit] 0x0e635dAD01193b9D93739bc652c5E999962edEda.
Submitted contract for verification:
	Response: `OK`
	GUID: `nuwwpgsl9rinj8rplciijdbpknymufkq9cq2efpdhcrbalrkgn`
	URL: https://arbiscan.io/address/0x0e635dad01193b9d93739bc652c5e999962ededa
Contract verification status:
Response: `NOTOK`
Details: `Pending in queue`
Warning: Verification is still pending...; waiting 15 seconds before trying again (7 tries remaining)
Contract verification status:
Response: `NOTOK`
Details: `Already Verified`
Contract source code already verified
Start verifying contract `0xE5a996868d8BC8448d16F05F4d5D90b4a266d487` deployed on arbitrum
EVM version: prague
Compiler version: 0.8.23
Optimizations:    0

Submitting verification for [pkg/contracts/src/diamonds/upgradeInitializers/DiamondInit.sol:DiamondInit] 0xE5a996868d8BC8448d16F05F4d5D90b4a266d487.
Submitted contract for verification:
	Response: `OK`
	GUID: `9lajtbhya295iwfjdyipbvn527mbdzwd67xzepkpj66nwdunwr`
	URL: https://arbiscan.io/address/0xe5a996868d8bc8448d16f05f4d5d90b4a266d487
Contract verification status:
Response: `NOTOK`
Details: `Already Verified`
Contract source code already verified
Start verifying contract `0x30eF983627A626c990a7AC4f8c7bc43ab12020d8` deployed on arbitrum
EVM version: prague
Compiler version: 0.8.23
Optimizations:    0

Submitting verification for [pkg/contracts/src/diamonds/upgradeInitializers/DiamondInit.sol:DiamondInit] 0x30eF983627A626c990a7AC4f8c7bc43ab12020d8.
Submitted contract for verification:
	Response: `OK`
	GUID: `yjcscdx6imehkb5wzcyf5qmuf5rsbpczen2cbdvt39xpa2lvhy`
	URL: https://arbiscan.io/address/0x30ef983627a626c990a7ac4f8c7bc43ab12020d8
Contract verification status:
Response: `NOTOK`
Details: `Pending in queue`
Warning: Verification is still pending...; waiting 15 seconds before trying again (7 tries remaining)
Contract verification status:
Response: `NOTOK`
Details: `Already Verified`
Contract source code already verified
Start verifying contract `0x97f683784f019eed0653759D80e54E9CA2A12037` deployed on arbitrum
EVM version: prague
Compiler version: 0.8.23
Optimizations:    0

Submitting verification for [pkg/contracts/src/diamonds/upgradeInitializers/DiamondInit.sol:DiamondInit] 0x97f683784f019eed0653759D80e54E9CA2A12037.
Submitted contract for verification:
	Response: `OK`
	GUID: `diqhl9xic7cxww9f4xzuklh5dvtqjdiv93bwanbs5t1ngve2fk`
	URL: https://arbiscan.io/address/0x97f683784f019eed0653759d80e54e9ca2a12037
Contract verification status:
Response: `NOTOK`
Details: `Pending in queue`
Warning: Verification is still pending...; waiting 15 seconds before trying again (7 tries remaining)
Contract verification status:
Response: `NOTOK`
Details: `Already Verified`
Contract source code already verified
Start verifying contract `0x3745Aba0e3E9e684ead9765Fbd0e9dc3330a03FB` deployed on arbitrum
EVM version: prague
Compiler version: 0.8.23
Optimizations:    0

Submitting verification for [pkg/contracts/src/diamonds/upgradeInitializers/DiamondInit.sol:DiamondInit] 0x3745Aba0e3E9e684ead9765Fbd0e9dc3330a03FB.
Submitted contract for verification:
	Response: `OK`
	GUID: `ynwpdssjfqg8pzphntuffgngqslup7hrazfwykp93gikcwwszp`
	URL: https://arbiscan.io/address/0x3745aba0e3e9e684ead9765fbd0e9dc3330a03fb
Contract verification status:
Response: `NOTOK`
Details: `Pending in queue`
Warning: Verification is still pending...; waiting 15 seconds before trying again (7 tries remaining)
Contract verification status:
Response: `NOTOK`
Details: `Already Verified`
Contract source code already verified
Start verifying contract `0x02670345Dc42b186cD8f1A8A96f4d23cE0aD972E` deployed on arbitrum
EVM version: prague
Compiler version: 0.8.23
Optimizations:    0

Submitting verification for [pkg/contracts/src/diamonds/upgradeInitializers/DiamondInit.sol:DiamondInit] 0x02670345Dc42b186cD8f1A8A96f4d23cE0aD972E.
Submitted contract for verification:
	Response: `OK`
	GUID: `9c7afhsfqlgxvyzqyqujj2dkcqyc5txjw1x6kajp3iv4u5kacc`
	URL: https://arbiscan.io/address/0x02670345dc42b186cd8f1a8a96f4d23ce0ad972e
Contract verification status:
Response: `NOTOK`
Details: `Pending in queue`
Warning: Verification is still pending...; waiting 15 seconds before trying again (7 tries remaining)
Contract verification status:
Response: `NOTOK`
Details: `Already Verified`
Contract source code already verified
Start verifying contract `0xEeF10990688bBF9cF829aD06DC5dcBCAb361544a` deployed on arbitrum
EVM version: prague
Compiler version: 0.8.23
Optimizations:    0

Submitting verification for [pkg/contracts/src/diamonds/upgradeInitializers/DiamondInit.sol:DiamondInit] 0xEeF10990688bBF9cF829aD06DC5dcBCAb361544a.
Submitted contract for verification:
	Response: `OK`
	GUID: `y6yf57zmxgiqbxpmuvbufp5xgc7ahy4pqswrmpwrxpd45dxyf7`
	URL: https://arbiscan.io/address/0xeef10990688bbf9cf829ad06dc5dcbcab361544a
Contract verification status:
Response: `NOTOK`
Details: `Pending in queue`
Warning: Verification is still pending...; waiting 15 seconds before trying again (7 tries remaining)
Contract verification status:
Response: `NOTOK`
Details: `Already Verified`
Contract source code already verified
Start verifying contract `0xff33574E818e03D25b7B52549Da7Efc6f72F8358` deployed on arbitrum
EVM version: prague
Compiler version: 0.8.23
Optimizations:    0

Submitting verification for [pkg/contracts/src/diamonds/upgradeInitializers/DiamondInit.sol:DiamondInit] 0xff33574E818e03D25b7B52549Da7Efc6f72F8358.
Submitted contract for verification:
	Response: `OK`
	GUID: `craiya11qu1z5rcwrjuxzfzjwhl2s458kavdegkvqlquqyicra`
	URL: https://arbiscan.io/address/0xff33574e818e03d25b7b52549da7efc6f72f8358
Contract verification status:
Response: `NOTOK`
Details: `Pending in queue`
Warning: Verification is still pending...; waiting 15 seconds before trying again (7 tries remaining)
Contract verification status:
Response: `NOTOK`
Details: `Already Verified`
Contract source code already verified
Start verifying contract `0x3952D6783314d64Eb2187d9ed199905f4FA3bF3B` deployed on arbitrum
EVM version: prague
Compiler version: 0.8.23
Optimizations:    0

Submitting verification for [pkg/contracts/src/diamonds/upgradeInitializers/DiamondInit.sol:DiamondInit] 0x3952D6783314d64Eb2187d9ed199905f4FA3bF3B.
Submitted contract for verification:
	Response: `OK`
	GUID: `mdwhyxsqmgnzakpsfuwzfkyz8nfxuqyzashre3cycqu57qc45y`
	URL: https://arbiscan.io/address/0x3952d6783314d64eb2187d9ed199905f4fa3bf3b
Contract verification status:
Response: `NOTOK`
Details: `Pending in queue`
Warning: Verification is still pending...; waiting 15 seconds before trying again (7 tries remaining)
Contract verification status:
Response: `NOTOK`
Details: `Already Verified`
Contract source code already verified
Start verifying contract `0x2329250493ed927FC6eEb12D0223b03aC09394ac` deployed on arbitrum
EVM version: prague
Compiler version: 0.8.23
Optimizations:    0

Submitting verification for [pkg/contracts/src/diamonds/upgradeInitializers/DiamondInit.sol:DiamondInit] 0x2329250493ed927FC6eEb12D0223b03aC09394ac.
Submitted contract for verification:
	Response: `OK`
	GUID: `sqihj2fw9kivwnheqh4yechvnrqushbbsvxzrsyfchusghtxms`
	URL: https://arbiscan.io/address/0x2329250493ed927fc6eeb12d0223b03ac09394ac
Contract verification status:
Response: `NOTOK`
Details: `Pending in queue`
Warning: Verification is still pending...; waiting 15 seconds before trying again (7 tries remaining)
Contract verification status:
Response: `NOTOK`
Details: `Already Verified`
Contract source code already verified
Start verifying contract `0xeBeA5c64dc1Fa676E6C75FCed2493B7b5e904e9E` deployed on arbitrum
EVM version: prague
Compiler version: 0.8.23
Optimizations:    0

Submitting verification for [pkg/contracts/src/diamonds/upgradeInitializers/DiamondInit.sol:DiamondInit] 0xeBeA5c64dc1Fa676E6C75FCed2493B7b5e904e9E.
Submitted contract for verification:
	Response: `OK`
	GUID: `1w1xjg7cvtckvs9xu1qipxanwxirf5qi8zh7aucgtex54gc2ij`
	URL: https://arbiscan.io/address/0xebea5c64dc1fa676e6c75fced2493b7b5e904e9e
Contract verification status:
Response: `NOTOK`
Details: `Pending in queue`
Warning: Verification is still pending...; waiting 15 seconds before trying again (7 tries remaining)
Contract verification status:
Response: `NOTOK`
Details: `Already Verified`
Contract source code already verified
Start verifying contract `0x8a593CbEA18409Ac8F931313eAdea719a1B43525` deployed on arbitrum
EVM version: prague
Compiler version: 0.8.23
Optimizations:    0

Submitting verification for [pkg/contracts/src/diamonds/upgradeInitializers/DiamondInit.sol:DiamondInit] 0x8a593CbEA18409Ac8F931313eAdea719a1B43525.
Submitted contract for verification:
	Response: `OK`
	GUID: `psh4w4kcbdyhxq4tdwa3nzpagkz6kfkghvgxc45elxjzilg81a`
	URL: https://arbiscan.io/address/0x8a593cbea18409ac8f931313eadea719a1b43525
Contract verification status:
Response: `NOTOK`
Details: `Pending in queue`
Warning: Verification is still pending...; waiting 15 seconds before trying again (7 tries remaining)
Contract verification status:
Response: `NOTOK`
Details: `Already Verified`
Contract source code already verified
Start verifying contract `0x69a7ab884e38810cA9Bf0DE758eB29C00D65Fff8` deployed on arbitrum
EVM version: prague
Compiler version: 0.8.23
Optimizations:    0

Submitting verification for [pkg/contracts/src/diamonds/upgradeInitializers/DiamondInit.sol:DiamondInit] 0x69a7ab884e38810cA9Bf0DE758eB29C00D65Fff8.
Submitted contract for verification:
	Response: `OK`
	GUID: `4gtfngd7mj4ftwsszta7g9smhqeqrv5s5ac5e39zkwgkaxvn7r`
	URL: https://arbiscan.io/address/0x69a7ab884e38810ca9bf0de758eb29c00d65fff8
Contract verification status:
Response: `NOTOK`
Details: `Pending in queue`
Warning: Verification is still pending...; waiting 15 seconds before trying again (7 tries remaining)
Contract verification status:
Response: `NOTOK`
Details: `Already Verified`
Contract source code already verified
Start verifying contract `0xe5a6C4C469014a1d2DC11B94E31843b4a82f84Ed` deployed on arbitrum
EVM version: prague
Compiler version: 0.8.23
Optimizations:    0

Submitting verification for [pkg/contracts/src/diamonds/upgradeInitializers/DiamondInit.sol:DiamondInit] 0xe5a6C4C469014a1d2DC11B94E31843b4a82f84Ed.
Submitted contract for verification:
	Response: `OK`
	GUID: `mdyutuq6py2mghebaskndwjalmsxcktsjzirjaghg9eayyezhy`
	URL: https://arbiscan.io/address/0xe5a6c4c469014a1d2dc11b94e31843b4a82f84ed
Contract verification status:
Response: `NOTOK`
Details: `Pending in queue`
Warning: Verification is still pending...; waiting 15 seconds before trying again (7 tries remaining)
Contract verification status:
Response: `NOTOK`
Details: `Already Verified`
Contract source code already verified
Start verifying contract `0xC7984AD49E471c2044d1660e5d1F4958c2699c5e` deployed on arbitrum
EVM version: prague
Compiler version: 0.8.23
Optimizations:    0

Submitting verification for [pkg/contracts/src/diamonds/upgradeInitializers/DiamondInit.sol:DiamondInit] 0xC7984AD49E471c2044d1660e5d1F4958c2699c5e.
Submitted contract for verification:
	Response: `OK`
	GUID: `nd3iequy873sue5a4hznszcd8wi9bdytqdpfprktxm2zfnf16p`
	URL: https://arbiscan.io/address/0xc7984ad49e471c2044d1660e5d1f4958c2699c5e
Contract verification status:
Response: `NOTOK`
Details: `Pending in queue`
Warning: Verification is still pending...; waiting 15 seconds before trying again (7 tries remaining)
Contract verification status:
Response: `NOTOK`
Details: `Already Verified`
Contract source code already verified
Start verifying contract `0x00674Ee9e63758329F532902bB196159F763d34C` deployed on arbitrum
EVM version: prague
Compiler version: 0.8.23
Optimizations:    0

Submitting verification for [pkg/contracts/src/diamonds/upgradeInitializers/DiamondInit.sol:DiamondInit] 0x00674Ee9e63758329F532902bB196159F763d34C.
Submitted contract for verification:
	Response: `OK`
	GUID: `kzjhursk4cqntqwehbbzg7afzwnvjdxretbgzmit9isvc1wrv8`
	URL: https://arbiscan.io/address/0x00674ee9e63758329f532902bb196159f763d34c
Contract verification status:
Response: `NOTOK`
Details: `Pending in queue`
Warning: Verification is still pending...; waiting 15 seconds before trying again (7 tries remaining)
Contract verification status:
Response: `NOTOK`
Details: `Already Verified`
Contract source code already verified
Start verifying contract `0x3Ea189576b348D41060608b4111DAA98Cc5cB8A6` deployed on arbitrum
EVM version: prague
Compiler version: 0.8.23
Optimizations:    0

Submitting verification for [pkg/contracts/src/diamonds/upgradeInitializers/DiamondInit.sol:DiamondInit] 0x3Ea189576b348D41060608b4111DAA98Cc5cB8A6.
Submitted contract for verification:
	Response: `OK`
	GUID: `vpw1pdzwhxuwrr5zazepfvhiqxe5dz1xzb88uedxh4wmqdhtr4`
	URL: https://arbiscan.io/address/0x3ea189576b348d41060608b4111daa98cc5cb8a6
Contract verification status:
Response: `NOTOK`
Details: `Pending in queue`
Warning: Verification is still pending...; waiting 15 seconds before trying again (7 tries remaining)
Contract verification status:
Response: `NOTOK`
Details: `Already Verified`
Contract source code already verified
Start verifying contract `0xe19AC0d5Cf4eE89e3104cE10BdE84e8670b375F6` deployed on arbitrum
EVM version: prague
Compiler version: 0.8.23
Optimizations:    0

Submitting verification for [pkg/contracts/src/diamonds/upgradeInitializers/DiamondInit.sol:DiamondInit] 0xe19AC0d5Cf4eE89e3104cE10BdE84e8670b375F6.
Submitted contract for verification:
	Response: `OK`
	GUID: `rxbhua7earpvsixxwfhxevmh8brvtcgmez83lhiz1fumalccfs`
	URL: https://arbiscan.io/address/0xe19ac0d5cf4ee89e3104ce10bde84e8670b375f6
Contract verification status:
Response: `NOTOK`
Details: `Already Verified`
Contract source code already verified
Start verifying contract `0x33eBd0B11bFf33790f42Ae711eD4481392381534` deployed on arbitrum
EVM version: prague
Compiler version: 0.8.23
Optimizations:    0

Submitting verification for [pkg/contracts/src/diamonds/upgradeInitializers/DiamondInit.sol:DiamondInit] 0x33eBd0B11bFf33790f42Ae711eD4481392381534.
Submitted contract for verification:
	Response: `OK`
	GUID: `h3atrkbuas9ckzbcgjaukfyjwp3ahmqef1kdcb9mtsiqqqvubx`
	URL: https://arbiscan.io/address/0x33ebd0b11bff33790f42ae711ed4481392381534
Contract verification status:
Response: `NOTOK`
Details: `Pending in queue`
Warning: Verification is still pending...; waiting 15 seconds before trying again (7 tries remaining)
Contract verification status:
Response: `NOTOK`
Details: `Already Verified`
Contract source code already verified
Start verifying contract `0x5ec9361F0788200633C5Faf067F37338deFd8046` deployed on arbitrum
EVM version: prague
Compiler version: 0.8.23
Optimizations:    0

Submitting verification for [pkg/contracts/src/diamonds/upgradeInitializers/DiamondInit.sol:DiamondInit] 0x5ec9361F0788200633C5Faf067F37338deFd8046.
Submitted contract for verification:
	Response: `OK`
	GUID: `ws3m7dwsx2i1cduvmjeyz6bn2twijyt8zjrxcuti8bf7wsfwnw`
	URL: https://arbiscan.io/address/0x5ec9361f0788200633c5faf067f37338defd8046
Contract verification status:
Response: `NOTOK`
Details: `Pending in queue`
Warning: Verification is still pending...; waiting 15 seconds before trying again (7 tries remaining)
Contract verification status:
Response: `NOTOK`
Details: `Already Verified`
Contract source code already verified
Start verifying contract `0x9249c425236B680A120B0d539b9c27e46352fC74` deployed on arbitrum
EVM version: prague
Compiler version: 0.8.23
Optimizations:    0

Submitting verification for [pkg/contracts/src/diamonds/upgradeInitializers/DiamondInit.sol:DiamondInit] 0x9249c425236B680A120B0d539b9c27e46352fC74.
Submitted contract for verification:
	Response: `OK`
	GUID: `3lg3yqhfkegm7y9a2tnwjtqxrnr4taetkqv7twltqyif3k5hyk`
	URL: https://arbiscan.io/address/0x9249c425236b680a120b0d539b9c27e46352fc74
Contract verification status:
Response: `NOTOK`
Details: `Pending in queue`
Warning: Verification is still pending...; waiting 15 seconds before trying again (7 tries remaining)
Contract verification status:
Response: `NOTOK`
Details: `Already Verified`
Contract source code already verified
Start verifying contract `0x9fB6667CEC448916ba7A297fa714250f505d63C7` deployed on arbitrum
EVM version: prague
Compiler version: 0.8.23
Optimizations:    0

Submitting verification for [pkg/contracts/src/diamonds/upgradeInitializers/DiamondInit.sol:DiamondInit] 0x9fB6667CEC448916ba7A297fa714250f505d63C7.
Submitted contract for verification:
	Response: `OK`
	GUID: `rc7rkavadazelbzdtgu2h5hv7cabw5jj6ya2ku5mcijbtclygp`
	URL: https://arbiscan.io/address/0x9fb6667cec448916ba7a297fa714250f505d63c7
Contract verification status:
Response: `NOTOK`
Details: `Pending in queue`
Warning: Verification is still pending...; waiting 15 seconds before trying again (7 tries remaining)
Contract verification status:
Response: `NOTOK`
Details: `Already Verified`
Contract source code already verified
Start verifying contract `0xFA7C0Ba7bD8b958D933e73D060Aa5448E2f00096` deployed on arbitrum
EVM version: prague
Compiler version: 0.8.23
Optimizations:    0

Submitting verification for [pkg/contracts/src/diamonds/upgradeInitializers/DiamondInit.sol:DiamondInit] 0xFA7C0Ba7bD8b958D933e73D060Aa5448E2f00096.
Submitted contract for verification:
	Response: `OK`
	GUID: `tnexdkvcjzzkfzsgyd1xsyb8qqk6tvscwfbvw9vpx8bxmsdlac`
	URL: https://arbiscan.io/address/0xfa7c0ba7bd8b958d933e73d060aa5448e2f00096
Contract verification status:
Response: `NOTOK`
Details: `Pending in queue`
Warning: Verification is still pending...; waiting 15 seconds before trying again (7 tries remaining)
Contract verification status:
Response: `NOTOK`
Details: `Already Verified`
Contract source code already verified
Start verifying contract `0xD371A791449DDE047fa69Dca98E8Aa5404904699` deployed on arbitrum
EVM version: prague
Compiler version: 0.8.23
Optimizations:    0

Submitting verification for [pkg/contracts/src/diamonds/upgradeInitializers/DiamondInit.sol:DiamondInit] 0xD371A791449DDE047fa69Dca98E8Aa5404904699.
Submitted contract for verification:
	Response: `OK`
	GUID: `eyyixmc77eaqkq8nf1pvlqibsjwflplzwfgt5mipip2hf8pcqz`
	URL: https://arbiscan.io/address/0xd371a791449dde047fa69dca98e8aa5404904699
Contract verification status:
Response: `NOTOK`
Details: `Already Verified`
Contract source code already verified
Start verifying contract `0x5ED675F25F94bA32C5635b80aBe0333C6e9e9c95` deployed on arbitrum
EVM version: prague
Compiler version: 0.8.23
Optimizations:    0

Submitting verification for [pkg/contracts/src/CVStrategy/CVStrategyDiamondInit.sol:CVStrategyDiamondInit] 0x5ED675F25F94bA32C5635b80aBe0333C6e9e9c95.
Submitted contract for verification:
	Response: `OK`
	GUID: `bdpesefmgdrxkitbtw8ehuhzcnpcwjmkgld9chp3ejxwqm3iff`
	URL: https://arbiscan.io/address/0x5ed675f25f94ba32c5635b80abe0333c6e9e9c95
Contract verification status:
Response: `NOTOK`
Details: `Pending in queue`
Warning: Verification is still pending...; waiting 15 seconds before trying again (7 tries remaining)
Contract verification status:
Response: `OK`
Details: `Pass - Verified`
Contract successfully verified
Start verifying contract `0x1567C2cf384a1bD35C0E2273c8aed2F40D65a42F` deployed on arbitrum
EVM version: prague
Compiler version: 0.8.23
Optimizations:    0

Submitting verification for [pkg/contracts/src/CVStrategy/CVStrategyDiamondInit.sol:CVStrategyDiamondInit] 0x1567C2cf384a1bD35C0E2273c8aed2F40D65a42F.
Submitted contract for verification:
	Response: `OK`
	GUID: `ft4ahikpt4qdrxsfhaviybf5bzwnarj5mhftg64vpmqlc1jzdj`
	URL: https://arbiscan.io/address/0x1567c2cf384a1bd35c0e2273c8aed2f40d65a42f
Contract verification status:
Response: `NOTOK`
Details: `Pending in queue`
Warning: Verification is still pending...; waiting 15 seconds before trying again (7 tries remaining)
Contract verification status:
Response: `NOTOK`
Details: `Already Verified`
Contract source code already verified
Start verifying contract `0x8e2E20ac126B5468C1C6F60C9389AC8E12ec70Df` deployed on arbitrum
EVM version: prague
Compiler version: 0.8.23
Optimizations:    0

Submitting verification for [pkg/contracts/src/CVStrategy/CVStrategyDiamondInit.sol:CVStrategyDiamondInit] 0x8e2E20ac126B5468C1C6F60C9389AC8E12ec70Df.
Submitted contract for verification:
	Response: `OK`
	GUID: `eunwgwdzz9lyecjlh9iqzbv1wbkutbfnascqhrbbfhyvjh8e2s`
	URL: https://arbiscan.io/address/0x8e2e20ac126b5468c1c6f60c9389ac8e12ec70df
Contract verification status:
Response: `NOTOK`
Details: `Pending in queue`
Warning: Verification is still pending...; waiting 15 seconds before trying again (7 tries remaining)
Contract verification status:
Response: `NOTOK`
Details: `Already Verified`
Contract source code already verified
Start verifying contract `0xb47Dfde7c91aE495c14dc94242047fB3033194Cb` deployed on arbitrum
EVM version: prague
Compiler version: 0.8.23
Optimizations:    0

Submitting verification for [pkg/contracts/src/CVStrategy/CVStrategyDiamondInit.sol:CVStrategyDiamondInit] 0xb47Dfde7c91aE495c14dc94242047fB3033194Cb.
Submitted contract for verification:
	Response: `OK`
	GUID: `jbgej3yntw9i7yupndquury89i4agc47ssr47wh9rwx72wbz1k`
	URL: https://arbiscan.io/address/0xb47dfde7c91ae495c14dc94242047fb3033194cb
Contract verification status:
Response: `NOTOK`
Details: `Pending in queue`
Warning: Verification is still pending...; waiting 15 seconds before trying again (7 tries remaining)
Contract verification status:
Response: `NOTOK`
Details: `Already Verified`
Contract source code already verified
Start verifying contract `0x30F5747D1CB883C2430d5BCbEd5C1f661e66C9F8` deployed on arbitrum
EVM version: prague
Compiler version: 0.8.23
Optimizations:    0

Submitting verification for [pkg/contracts/src/CVStrategy/CVStrategyDiamondInit.sol:CVStrategyDiamondInit] 0x30F5747D1CB883C2430d5BCbEd5C1f661e66C9F8.
Submitted contract for verification:
	Response: `OK`
	GUID: `uvp8ysd95szqxfs2sf7qhsxf3ytr6divzvi9hkuzsxrfatyigz`
	URL: https://arbiscan.io/address/0x30f5747d1cb883c2430d5bcbed5c1f661e66c9f8
Contract verification status:
Response: `NOTOK`
Details: `Pending in queue`
Warning: Verification is still pending...; waiting 15 seconds before trying again (7 tries remaining)
Contract verification status:
Response: `NOTOK`
Details: `Already Verified`
Contract source code already verified
Start verifying contract `0xbC1a55fDb47f92f16178b3c40f9e3cD94c095e68` deployed on arbitrum
EVM version: prague
Compiler version: 0.8.23
Optimizations:    0

Submitting verification for [pkg/contracts/src/CVStrategy/CVStrategyDiamondInit.sol:CVStrategyDiamondInit] 0xbC1a55fDb47f92f16178b3c40f9e3cD94c095e68.
Submitted contract for verification:
	Response: `OK`
	GUID: `vvsb4upz6zyc4sjwqbxijgc8qkbh6a1bk6hm4psqkjeu1etyvg`
	URL: https://arbiscan.io/address/0xbc1a55fdb47f92f16178b3c40f9e3cd94c095e68
Contract verification status:
Response: `NOTOK`
Details: `Pending in queue`
Warning: Verification is still pending...; waiting 15 seconds before trying again (7 tries remaining)
Contract verification status:
Response: `NOTOK`
Details: `Already Verified`
Contract source code already verified
Start verifying contract `0xdAC20dA824e7541543c6eE31A5ebe00421Bf6809` deployed on arbitrum
EVM version: prague
Compiler version: 0.8.23
Optimizations:    0

Submitting verification for [pkg/contracts/src/CVStrategy/CVStrategyDiamondInit.sol:CVStrategyDiamondInit] 0xdAC20dA824e7541543c6eE31A5ebe00421Bf6809.
Submitted contract for verification:
	Response: `OK`
	GUID: `dnknfpjiljs7uvymtxaxrsi7y13i8bsclqxdrnqt4kd9xef9vd`
	URL: https://arbiscan.io/address/0xdac20da824e7541543c6ee31a5ebe00421bf6809
Contract verification status:
Response: `NOTOK`
Details: `Pending in queue`
Warning: Verification is still pending...; waiting 15 seconds before trying again (7 tries remaining)
Contract verification status:
Response: `NOTOK`
Details: `Already Verified`
Contract source code already verified
Start verifying contract `0x85e9cf52F73e6dbB589E6f8f306948f644a3b510` deployed on arbitrum
EVM version: prague
Compiler version: 0.8.23
Optimizations:    0

Submitting verification for [pkg/contracts/src/CVStrategy/CVStrategyDiamondInit.sol:CVStrategyDiamondInit] 0x85e9cf52F73e6dbB589E6f8f306948f644a3b510.
Submitted contract for verification:
	Response: `OK`
	GUID: `mwpzgbeeqfm1bbhgk5ykn57htfpaaultcupwnc9lymyb73a2rh`
	URL: https://arbiscan.io/address/0x85e9cf52f73e6dbb589e6f8f306948f644a3b510
Contract verification status:
Response: `NOTOK`
Details: `Pending in queue`
Warning: Verification is still pending...; waiting 15 seconds before trying again (7 tries remaining)
Contract verification status:
Response: `NOTOK`
Details: `Already Verified`
Contract source code already verified
Start verifying contract `0x1a5442CD421e9027eEE1558Fce6Dd2bf24EcD5c3` deployed on arbitrum
EVM version: prague
Compiler version: 0.8.23
Optimizations:    0

Submitting verification for [pkg/contracts/src/CVStrategy/CVStrategyDiamondInit.sol:CVStrategyDiamondInit] 0x1a5442CD421e9027eEE1558Fce6Dd2bf24EcD5c3.
Submitted contract for verification:
	Response: `OK`
	GUID: `ibbaripyfbn5uvwtngcnu9vmmaxxar6mjucah34gggyzpuid7d`
	URL: https://arbiscan.io/address/0x1a5442cd421e9027eee1558fce6dd2bf24ecd5c3
Contract verification status:
Response: `NOTOK`
Details: `Pending in queue`
Warning: Verification is still pending...; waiting 15 seconds before trying again (7 tries remaining)
Contract verification status:
Response: `NOTOK`
Details: `Already Verified`
Contract source code already verified
Start verifying contract `0x355479ce5C4566E21c4c699ecabF7a4a0f597702` deployed on arbitrum
EVM version: prague
Compiler version: 0.8.23
Optimizations:    0

Submitting verification for [pkg/contracts/src/CVStrategy/CVStrategyDiamondInit.sol:CVStrategyDiamondInit] 0x355479ce5C4566E21c4c699ecabF7a4a0f597702.
Submitted contract for verification:
	Response: `OK`
	GUID: `eiq4eafpngbinpwbm1juclcv7cbnptguqxcmxfetjuemwpti4n`
	URL: https://arbiscan.io/address/0x355479ce5c4566e21c4c699ecabf7a4a0f597702
Contract verification status:
Response: `NOTOK`
Details: `Pending in queue`
Warning: Verification is still pending...; waiting 15 seconds before trying again (7 tries remaining)
Contract verification status:
Response: `NOTOK`
Details: `Already Verified`
Contract source code already verified
Start verifying contract `0x01d218658479A35817148Ab31D3276CF8a500Df2` deployed on arbitrum
EVM version: prague
Compiler version: 0.8.23
Optimizations:    0

Submitting verification for [pkg/contracts/src/CVStrategy/CVStrategyDiamondInit.sol:CVStrategyDiamondInit] 0x01d218658479A35817148Ab31D3276CF8a500Df2.
Submitted contract for verification:
	Response: `OK`
	GUID: `zhiccu6jw2ztsmzhtqcidglsb8xq1iitjatybdk9gdidts3tmd`
	URL: https://arbiscan.io/address/0x01d218658479a35817148ab31d3276cf8a500df2
Contract verification status:
Response: `NOTOK`
Details: `Already Verified`
Contract source code already verified
Start verifying contract `0x457F37AD1904AFce32846c58d018e12CE772e94a` deployed on arbitrum
EVM version: prague
Compiler version: 0.8.23
Optimizations:    0

Submitting verification for [pkg/contracts/src/CVStrategy/CVStrategyDiamondInit.sol:CVStrategyDiamondInit] 0x457F37AD1904AFce32846c58d018e12CE772e94a.
Submitted contract for verification:
	Response: `OK`
	GUID: `vuvkasxscuwgieifzrt2gf442zxzy96ecndqnyq2tabsdzkwve`
	URL: https://arbiscan.io/address/0x457f37ad1904afce32846c58d018e12ce772e94a
Contract verification status:
Response: `NOTOK`
Details: `Pending in queue`
Warning: Verification is still pending...; waiting 15 seconds before trying again (7 tries remaining)
Contract verification status:
Response: `NOTOK`
Details: `Already Verified`
Contract source code already verified
Start verifying contract `0x40c22a6A60F71d8d1Bd6e7e04c96cc6B54Ea7da7` deployed on arbitrum
EVM version: prague
Compiler version: 0.8.23
Optimizations:    0

Submitting verification for [pkg/contracts/src/CVStrategy/CVStrategyDiamondInit.sol:CVStrategyDiamondInit] 0x40c22a6A60F71d8d1Bd6e7e04c96cc6B54Ea7da7.
Submitted contract for verification:
	Response: `OK`
	GUID: `sbslxqqtjauxutni4v1thasszx4cr2fu3kgvcrgnrvfe7wg8wu`
	URL: https://arbiscan.io/address/0x40c22a6a60f71d8d1bd6e7e04c96cc6b54ea7da7
Contract verification status:
Response: `NOTOK`
Details: `Pending in queue`
Warning: Verification is still pending...; waiting 15 seconds before trying again (7 tries remaining)
Contract verification status:
Response: `NOTOK`
Details: `Already Verified`
Contract source code already verified
Start verifying contract `0x3843ffe2e37d9f7625d9E475f9e556d639790f5c` deployed on arbitrum
EVM version: prague
Compiler version: 0.8.23
Optimizations:    0

Submitting verification for [pkg/contracts/src/CVStrategy/CVStrategyDiamondInit.sol:CVStrategyDiamondInit] 0x3843ffe2e37d9f7625d9E475f9e556d639790f5c.
Submitted contract for verification:
	Response: `OK`
	GUID: `vpwdwijzdzldchvsujct6dedunvcj4rwhw6ryrnybcdhccjnjf`
	URL: https://arbiscan.io/address/0x3843ffe2e37d9f7625d9e475f9e556d639790f5c
Contract verification status:
Response: `NOTOK`
Details: `Pending in queue`
Warning: Verification is still pending...; waiting 15 seconds before trying again (7 tries remaining)
Contract verification status:
Response: `NOTOK`
Details: `Already Verified`
Contract source code already verified
Start verifying contract `0xc41854F3cc5943fbCB8144f1e7ED5569a44f496B` deployed on arbitrum
EVM version: prague
Compiler version: 0.8.23
Optimizations:    0

Submitting verification for [pkg/contracts/src/CVStrategy/CVStrategyDiamondInit.sol:CVStrategyDiamondInit] 0xc41854F3cc5943fbCB8144f1e7ED5569a44f496B.
Submitted contract for verification:
	Response: `OK`
	GUID: `bxw2nibr9anyga9qvfbetuvdhtbw2g3yteutzg8pf8hecdxu9l`
	URL: https://arbiscan.io/address/0xc41854f3cc5943fbcb8144f1e7ed5569a44f496b
Contract verification status:
Response: `NOTOK`
Details: `Pending in queue`
Warning: Verification is still pending...; waiting 15 seconds before trying again (7 tries remaining)
Contract verification status:
Response: `NOTOK`
Details: `Already Verified`
Contract source code already verified
Start verifying contract `0x91622E2BB0Ae2e726e4d5a6C3C61b24Fd4D23484` deployed on arbitrum
EVM version: prague
Compiler version: 0.8.23
Optimizations:    0

Submitting verification for [pkg/contracts/src/CVStrategy/CVStrategyDiamondInit.sol:CVStrategyDiamondInit] 0x91622E2BB0Ae2e726e4d5a6C3C61b24Fd4D23484.
Submitted contract for verification:
	Response: `OK`
	GUID: `heb5c72jkv7eqtxq52gfrqxnqkchcem7nfaqmntmsgwdgchpim`
	URL: https://arbiscan.io/address/0x91622e2bb0ae2e726e4d5a6c3c61b24fd4d23484
Contract verification status:
Response: `NOTOK`
Details: `Pending in queue`
Warning: Verification is still pending...; waiting 15 seconds before trying again (7 tries remaining)
Contract verification status:
Response: `NOTOK`
Details: `Already Verified`
Contract source code already verified
Start verifying contract `0x1a6AB3625280B91B533baC348e1E485F20878E55` deployed on arbitrum
EVM version: prague
Compiler version: 0.8.23
Optimizations:    0

Submitting verification for [pkg/contracts/src/CVStrategy/CVStrategyDiamondInit.sol:CVStrategyDiamondInit] 0x1a6AB3625280B91B533baC348e1E485F20878E55.
Submitted contract for verification:
	Response: `OK`
	GUID: `zvmtvr7pgsuk76z1qai8uhakpaujxn3nyq6rjukihxhatx9qeg`
	URL: https://arbiscan.io/address/0x1a6ab3625280b91b533bac348e1e485f20878e55
Contract verification status:
Response: `NOTOK`
Details: `Already Verified`
Contract source code already verified
Start verifying contract `0x614DdaD5d416E43Ed71eF51FB557583e871D96B5` deployed on arbitrum
EVM version: prague
Compiler version: 0.8.23
Optimizations:    0

Submitting verification for [pkg/contracts/src/CVStrategy/CVStrategyDiamondInit.sol:CVStrategyDiamondInit] 0x614DdaD5d416E43Ed71eF51FB557583e871D96B5.
Submitted contract for verification:
	Response: `OK`
	GUID: `li5birwtvkxnstp6mhzigwebqv1zsrs4ff2kjpxeusq1lw6nlm`
	URL: https://arbiscan.io/address/0x614ddad5d416e43ed71ef51fb557583e871d96b5
Contract verification status:
Response: `NOTOK`
Details: `Pending in queue`
Warning: Verification is still pending...; waiting 15 seconds before trying again (7 tries remaining)
Contract verification status:
Response: `NOTOK`
Details: `Already Verified`
Contract source code already verified
Start verifying contract `0x558F66962A268EAeE8d04F99D78471cFdb04ed86` deployed on arbitrum
EVM version: prague
Compiler version: 0.8.23
Optimizations:    0

Submitting verification for [pkg/contracts/src/CVStrategy/CVStrategyDiamondInit.sol:CVStrategyDiamondInit] 0x558F66962A268EAeE8d04F99D78471cFdb04ed86.
Submitted contract for verification:
	Response: `OK`
	GUID: `asqwbquwknrxaett8crunyklnpydqmrddxhadjfcreejpxhk7s`
	URL: https://arbiscan.io/address/0x558f66962a268eaee8d04f99d78471cfdb04ed86
Contract verification status:
Response: `NOTOK`
Details: `Pending in queue`
Warning: Verification is still pending...; waiting 15 seconds before trying again (7 tries remaining)
Contract verification status:
Response: `NOTOK`
Details: `Already Verified`
Contract source code already verified
Start verifying contract `0x4b9D1495DCc3Be037feB612aACB5df766c1890Ae` deployed on arbitrum
EVM version: prague
Compiler version: 0.8.23
Optimizations:    0

Submitting verification for [pkg/contracts/src/CVStrategy/CVStrategyDiamondInit.sol:CVStrategyDiamondInit] 0x4b9D1495DCc3Be037feB612aACB5df766c1890Ae.
Submitted contract for verification:
	Response: `OK`
	GUID: `muwhyb758migfpnej4xjgqxfd9k2nrxm7x1wgwyvt9btubzfmk`
	URL: https://arbiscan.io/address/0x4b9d1495dcc3be037feb612aacb5df766c1890ae
Contract verification status:
Response: `NOTOK`
Details: `Pending in queue`
Warning: Verification is still pending...; waiting 15 seconds before trying again (7 tries remaining)
Contract verification status:
Response: `NOTOK`
Details: `Already Verified`
Contract source code already verified
Start verifying contract `0xFf2Dbd0B2f915d5C832a5FfccC3d6F8320943435` deployed on arbitrum
EVM version: prague
Compiler version: 0.8.23
Optimizations:    0

Submitting verification for [pkg/contracts/src/CVStrategy/CVStrategyDiamondInit.sol:CVStrategyDiamondInit] 0xFf2Dbd0B2f915d5C832a5FfccC3d6F8320943435.
Submitted contract for verification:
	Response: `OK`
	GUID: `ddmmcxvhfqr6hhfv9hpsnnxssxn5k3a6fddi1jl3szhhfnsidq`
	URL: https://arbiscan.io/address/0xff2dbd0b2f915d5c832a5ffccc3d6f8320943435
Contract verification status:
Response: `NOTOK`
Details: `Pending in queue`
Warning: Verification is still pending...; waiting 15 seconds before trying again (7 tries remaining)
Contract verification status:
Response: `NOTOK`
Details: `Already Verified`
Contract source code already verified
Start verifying contract `0x792C923f677D03a56Ff8978C6E6c6E6E9EC3076E` deployed on arbitrum
EVM version: prague
Compiler version: 0.8.23
Optimizations:    0

Submitting verification for [pkg/contracts/src/CVStrategy/CVStrategyDiamondInit.sol:CVStrategyDiamondInit] 0x792C923f677D03a56Ff8978C6E6c6E6E9EC3076E.
Submitted contract for verification:
	Response: `OK`
	GUID: `ssrvprhkvf9sxcglr5fwvpwk1pxpmw6vtmbiekfcbfq6uztfrt`
	URL: https://arbiscan.io/address/0x792c923f677d03a56ff8978c6e6c6e6e9ec3076e
Contract verification status:
Response: `NOTOK`
Details: `Pending in queue`
Warning: Verification is still pending...; waiting 15 seconds before trying again (7 tries remaining)
Contract verification status:
Response: `NOTOK`
Details: `Already Verified`
Contract source code already verified
Start verifying contract `0xD9AE3880e19735349fcFcf0E8673F8CA3AA18A0C` deployed on arbitrum
EVM version: prague
Compiler version: 0.8.23
Optimizations:    0

Submitting verification for [pkg/contracts/src/CVStrategy/CVStrategyDiamondInit.sol:CVStrategyDiamondInit] 0xD9AE3880e19735349fcFcf0E8673F8CA3AA18A0C.
Submitted contract for verification:
	Response: `OK`
	GUID: `xmegudvxvzuszrzdzb2zyfqtkrrqs1vrptyksltymhqfii6zyg`
	URL: https://arbiscan.io/address/0xd9ae3880e19735349fcfcf0e8673f8ca3aa18a0c
Contract verification status:
Response: `NOTOK`
Details: `Pending in queue`
Warning: Verification is still pending...; waiting 15 seconds before trying again (7 tries remaining)
Contract verification status:
Response: `NOTOK`
Details: `Already Verified`
Contract source code already verified
Start verifying contract `0x765554677E5F90442F25010BD5Ee945DB2AF4e86` deployed on arbitrum
EVM version: prague
Compiler version: 0.8.23
Optimizations:    0

Submitting verification for [pkg/contracts/src/CVStrategy/CVStrategyDiamondInit.sol:CVStrategyDiamondInit] 0x765554677E5F90442F25010BD5Ee945DB2AF4e86.
Submitted contract for verification:
	Response: `OK`
	GUID: `1hdsmixbk4d56u43wfspldi4mqpaadkriazeexxfehsqlhcvbf`
	URL: https://arbiscan.io/address/0x765554677e5f90442f25010bd5ee945db2af4e86
Contract verification status:
Response: `NOTOK`
Details: `Pending in queue`
Warning: Verification is still pending...; waiting 15 seconds before trying again (7 tries remaining)
Contract verification status:
Response: `NOTOK`
Details: `Already Verified`
Contract source code already verified
Start verifying contract `0xe4D983Cf5981D7672Ac7568608e19bc35b6005Aa` deployed on arbitrum
EVM version: prague
Compiler version: 0.8.23
Optimizations:    0

Submitting verification for [pkg/contracts/src/CVStrategy/CVStrategyDiamondInit.sol:CVStrategyDiamondInit] 0xe4D983Cf5981D7672Ac7568608e19bc35b6005Aa.
Submitted contract for verification:
	Response: `OK`
	GUID: `es7ivmza5xuw1iimmvurpx8db5mji5duqupiibfd6et1migi6y`
	URL: https://arbiscan.io/address/0xe4d983cf5981d7672ac7568608e19bc35b6005aa
Contract verification status:
Response: `NOTOK`
Details: `Pending in queue`
Warning: Verification is still pending...; waiting 15 seconds before trying again (7 tries remaining)
Contract verification status:
Response: `NOTOK`
Details: `Already Verified`
Contract source code already verified
Start verifying contract `0x71FBD5EEB82F44317f78355493aB994Bb6a63CbF` deployed on arbitrum
EVM version: prague
Compiler version: 0.8.23
Optimizations:    0

Submitting verification for [pkg/contracts/src/CVStrategy/CVStrategyDiamondInit.sol:CVStrategyDiamondInit] 0x71FBD5EEB82F44317f78355493aB994Bb6a63CbF.
Submitted contract for verification:
	Response: `OK`
	GUID: `vg1lshjw7r1eg1iax6k1ucghkaw8riq4ejaytdu6zpuecrnthd`
	URL: https://arbiscan.io/address/0x71fbd5eeb82f44317f78355493ab994bb6a63cbf
Contract verification status:
Response: `NOTOK`
Details: `Pending in queue`
Warning: Verification is still pending...; waiting 15 seconds before trying again (7 tries remaining)
Contract verification status:
Response: `NOTOK`
Details: `Already Verified`
Contract source code already verified
All (82) contracts were verified!

Transactions saved to: /home/corantin/Documents/GitHub/gardens-v2/broadcast/UpgradeCVMultichainProd.s.sol/42161/run-latest.json

Sensitive values saved to: /home/corantin/Documents/GitHub/gardens-v2/cache/UpgradeCVMultichainProd.s.sol/42161/run-latest.json

Scanning facet artifacts in /home/corantin/Documents/GitHub/gardens-v2/pkg/contracts/out ...
Loaded 42 facet bytecode hashes
Network: arbitrum
  - Using RPC: https://arb-mainnet.g.alchemy.com/v2/UK7Wo2WfLQUIU_QbkFUEPs8pyjeQp4GE
  - Using chain-id: 42161
  - Inspecting 73 proxy(s)
  - Checking against 15 facet implementation(s) from config/networks.json
  - Inspecting proxy: 0x01a2c3c4e7c38885bf3d01e38847184ff2368fea
    - Decoding facet addresses for 0x01a2c3c4e7c38885bf3d01e38847184ff2368fea
    - ERROR: facet 0x347ef2d3473E748816d66c5e23ABAc6c4c5dFDF5 is not declared in config/networks.json FACETS for arbitrum
    - ERROR: facet 0x573B3BF4c230335Eb4A73D3a6925942dDD3c4c94 is not declared in config/networks.json FACETS for arbitrum
    - ERROR: facet 0xACc9d8A2f815c238B8e25C0F3e2718c963842Ed9 is not declared in config/networks.json FACETS for arbitrum
    - ERROR: facet 0xEC1CC5eC08176A9e6a2D4349d9AbFDe67B7dc8aE is not declared in config/networks.json FACETS for arbitrum
    - ERROR: facet 0xed84fba417E80d4621FD3e658EF6E8f9a83b4722 is not declared in config/networks.json FACETS for arbitrum
    - ERROR: facet 0xf92ADF6507618c2D7e959849E2464Cc4da96bd26 is not declared in config/networks.json FACETS for arbitrum
  - Inspecting proxy: 0x050ebb32303a724b0b3ef84c917da5b76b772d51
    - Decoding facet addresses for 0x050ebb32303a724b0b3ef84c917da5b76b772d51
  - Inspecting proxy: 0x072c84bd770a9f2b527237a0b7dbd3908e2cb9fc
    - Decoding facet addresses for 0x072c84bd770a9f2b527237a0b7dbd3908e2cb9fc
    - ERROR: facet 0x02b89A82ADb7C29dC5BD2Ea9463f9c6DBaf03291 is not declared in config/networks.json FACETS for arbitrum
    - ERROR: facet 0x08aA81878d9127C9f72f4F9e1590053FE68F400C is not declared in config/networks.json FACETS for arbitrum
    - ERROR: facet 0x153E442Af5B4D62b87321D9BCB3D9CdaD70975F7 is not declared in config/networks.json FACETS for arbitrum
    - ERROR: facet 0x30fd961Ea8E5277e89b91e905a38134BaEb125ff is not declared in config/networks.json FACETS for arbitrum
    - ERROR: facet 0x84B74748386086faEd1df5E2Ef40dfbddc2258F1 is not declared in config/networks.json FACETS for arbitrum
    - ERROR: facet 0xf7602233338283a350376cbB1347A6cD6FF1F0cc is not declared in config/networks.json FACETS for arbitrum
  - Inspecting proxy: 0x0f143af46eef341b3f0dbf98c3ecb47f57067fef
    - Decoding facet addresses for 0x0f143af46eef341b3f0dbf98c3ecb47f57067fef
  - Inspecting proxy: 0x110f4a8153c04eace288e712eb4b975b46376b8c
    - Decoding facet addresses for 0x110f4a8153c04eace288e712eb4b975b46376b8c
  - Inspecting proxy: 0x2789f2d1b8050c724d3fc8258faf7f1e45f5707c
    - Decoding facet addresses for 0x2789f2d1b8050c724d3fc8258faf7f1e45f5707c
  - Inspecting proxy: 0x2851b7e3d1ad8ba5637afe196968f1a4a9875e03
    - Decoding facet addresses for 0x2851b7e3d1ad8ba5637afe196968f1a4a9875e03
  - Inspecting proxy: 0x2e8b031ae32debce51126b17356f122e4c07e941
    - Decoding facet addresses for 0x2e8b031ae32debce51126b17356f122e4c07e941
  - Inspecting proxy: 0x2ed599a96ea90c5c777abb0a13dfb6af1d5fbe76
    - Decoding facet addresses for 0x2ed599a96ea90c5c777abb0a13dfb6af1d5fbe76
  - Inspecting proxy: 0x3056c5f59994b8c1d2949c38758d0672a5cb7cc9
    - Decoding facet addresses for 0x3056c5f59994b8c1d2949c38758d0672a5cb7cc9
  - Inspecting proxy: 0x374874383fca7e1236fa5db8bb89d62fab9252e7
    - Decoding facet addresses for 0x374874383fca7e1236fa5db8bb89d62fab9252e7
  - Inspecting proxy: 0x3f69323378e45f8d1d90e24e4ad7b772d8afa2e0
    - Decoding facet addresses for 0x3f69323378e45f8d1d90e24e4ad7b772d8afa2e0
  - Inspecting proxy: 0x400b3316447a4362abe36206c145550080046831
    - Decoding facet addresses for 0x400b3316447a4362abe36206c145550080046831
  - Inspecting proxy: 0x40f44e992cc53eff241f51c825c7a1853eedaeb0
    - Decoding facet addresses for 0x40f44e992cc53eff241f51c825c7a1853eedaeb0
  - Inspecting proxy: 0x41a9ed5de7998583cd20bf738ca38e649e0eafe3
    - Decoding facet addresses for 0x41a9ed5de7998583cd20bf738ca38e649e0eafe3
  - Inspecting proxy: 0x46cbcf5879c0279119512b621be056755f99e836
    - Decoding facet addresses for 0x46cbcf5879c0279119512b621be056755f99e836
  - Inspecting proxy: 0x5396c94ea47916f5661734fee769d0d7cc8b14c6
    - Decoding facet addresses for 0x5396c94ea47916f5661734fee769d0d7cc8b14c6
  - Inspecting proxy: 0x561f7c4c65f42af17eab52b7065a5d2c080a3904
    - Decoding facet addresses for 0x561f7c4c65f42af17eab52b7065a5d2c080a3904
  - Inspecting proxy: 0x5a48adf540cb5c79edb027bef3ebf551ce63661f
    - Decoding facet addresses for 0x5a48adf540cb5c79edb027bef3ebf551ce63661f
  - Inspecting proxy: 0x625cb91ad17cf9b4a2b6b20b2b494ddf123c290c
    - Decoding facet addresses for 0x625cb91ad17cf9b4a2b6b20b2b494ddf123c290c
  - Inspecting proxy: 0x68a2dc70d3fa0ff990979c5467d62bdcd2e6e9b4
    - Decoding facet addresses for 0x68a2dc70d3fa0ff990979c5467d62bdcd2e6e9b4
  - Inspecting proxy: 0x6a34be42b61698ba8a103cf9c3d022f59bf8f4f2
    - Decoding facet addresses for 0x6a34be42b61698ba8a103cf9c3d022f59bf8f4f2
  - Inspecting proxy: 0x6dd6b0a9a9b94aa169e5ce31cff34a46c7bea9cd
    - Decoding facet addresses for 0x6dd6b0a9a9b94aa169e5ce31cff34a46c7bea9cd
  - Inspecting proxy: 0x7508c3bcc2ce964ef858762cfbfa8bbbcf406ec9
    - Decoding facet addresses for 0x7508c3bcc2ce964ef858762cfbfa8bbbcf406ec9
  - Inspecting proxy: 0x7c31db900d9c0db7cf005a862c12a0c298d47220
    - Decoding facet addresses for 0x7c31db900d9c0db7cf005a862c12a0c298d47220
  - Inspecting proxy: 0x8281fd9c5f709a681813c49843a253a05d9b837c
    - Decoding facet addresses for 0x8281fd9c5f709a681813c49843a253a05d9b837c
  - Inspecting proxy: 0x8619e82a70fc412602e51f5056769ddb27d1b412
    - Decoding facet addresses for 0x8619e82a70fc412602e51f5056769ddb27d1b412
  - Inspecting proxy: 0x8c3e27f075bb82e8730660828a1159c9438f3e58
    - Decoding facet addresses for 0x8c3e27f075bb82e8730660828a1159c9438f3e58
  - Inspecting proxy: 0x9082908714e7119854da2dfa20fd8f268356f3ad
    - Decoding facet addresses for 0x9082908714e7119854da2dfa20fd8f268356f3ad
  - Inspecting proxy: 0x98d84697794f4aae7540c1f85433e2ab39ab1206
    - Decoding facet addresses for 0x98d84697794f4aae7540c1f85433e2ab39ab1206
  - Inspecting proxy: 0x9c90920df8051340bd7250bce83e6770d634a132
    - Decoding facet addresses for 0x9c90920df8051340bd7250bce83e6770d634a132
  - Inspecting proxy: 0xa50d2ce829ea7b731c3b0a244032b639ff94cb92
    - Decoding facet addresses for 0xa50d2ce829ea7b731c3b0a244032b639ff94cb92
  - Inspecting proxy: 0xab90f7d562edac4fdfcac4d1cd93a45ac4a1fdab
    - Decoding facet addresses for 0xab90f7d562edac4fdfcac4d1cd93a45ac4a1fdab
  - Inspecting proxy: 0xb747bf0e9bc114c2ed63b3e5cdac9c5afdc93ea3
    - Decoding facet addresses for 0xb747bf0e9bc114c2ed63b3e5cdac9c5afdc93ea3
  - Inspecting proxy: 0xbb8b8ddc3775d825b6cf33bfa9ddcd771b88c6ee
    - Decoding facet addresses for 0xbb8b8ddc3775d825b6cf33bfa9ddcd771b88c6ee
  - Inspecting proxy: 0xc3ba42da1d9f6b09d4d1315ac04f873a5ba64d3c
    - Decoding facet addresses for 0xc3ba42da1d9f6b09d4d1315ac04f873a5ba64d3c
  - Inspecting proxy: 0xd6c828e18114683208d24be26494b038357a829e
    - Decoding facet addresses for 0xd6c828e18114683208d24be26494b038357a829e
  - Inspecting proxy: 0xdd65d3eac26d91f1040fe3beca11863cd354788e
    - Decoding facet addresses for 0xdd65d3eac26d91f1040fe3beca11863cd354788e
  - Inspecting proxy: 0xe0902356a984540ca097021dbd9e0650974c7f7d
    - Decoding facet addresses for 0xe0902356a984540ca097021dbd9e0650974c7f7d
  - Inspecting proxy: 0xe2e9da541d8bcff895444e7c001ffd5e7192b87d
    - Decoding facet addresses for 0xe2e9da541d8bcff895444e7c001ffd5e7192b87d
  - Inspecting proxy: 0xe5937a5d9ef051643c0b7cb8226b61ef82f7a20b
    - Decoding facet addresses for 0xe5937a5d9ef051643c0b7cb8226b61ef82f7a20b
  - Inspecting proxy: 0xe8cb705f0f29c554e71972af1bfbe16bb2673683
    - Decoding facet addresses for 0xe8cb705f0f29c554e71972af1bfbe16bb2673683
  - Inspecting proxy: 0xee843ac13f23ce668845f7e82384730f5e6721c0
    - Decoding facet addresses for 0xee843ac13f23ce668845f7e82384730f5e6721c0
  - Inspecting proxy: 0xee9cc69179697f3bf8172624c5803b58bf6bf73f
    - Decoding facet addresses for 0xee9cc69179697f3bf8172624c5803b58bf6bf73f
  - Inspecting proxy: 0xf62a2e4ecf3bf73313b3bbbfb1563cb4433c8933
    - Decoding facet addresses for 0xf62a2e4ecf3bf73313b3bbbfb1563cb4433c8933
  - Inspecting proxy: 0xfa1d8bdb95e0288779df13f40ff32567647e7ffa
    - Decoding facet addresses for 0xfa1d8bdb95e0288779df13f40ff32567647e7ffa
  - Inspecting proxy: 0xfc2bb6b0824805cee6d7a4af90bd395f663651c8
    - Decoding facet addresses for 0xfc2bb6b0824805cee6d7a4af90bd395f663651c8
  - Inspecting proxy: 0x020885a90d7c72079856c3ee7f7bb1e1d30c6e71
    - Decoding facet addresses for 0x020885a90d7c72079856c3ee7f7bb1e1d30c6e71
    - ERROR: facet 0x59848bE8F127dA32119d2b862F3c0c3084869acE is not declared in config/networks.json FACETS for arbitrum
    - ERROR: facet 0x9FB6b7CDdDaf89405Da50Ca0EBC87584ca99708d is not declared in config/networks.json FACETS for arbitrum
    - ERROR: facet 0xA761672F5783AA1711167cBB8bA53b2A8F67D0Db is not declared in config/networks.json FACETS for arbitrum
    - ERROR: facet 0xdF842cfA0932f449aa75d6b9EFE9F5AB4161fa2F is not declared in config/networks.json FACETS for arbitrum
    - ERROR: facet 0xfC9Ef4c5Bd47afA5a650bB7F8D906C4a102331f9 is not declared in config/networks.json FACETS for arbitrum
  - Inspecting proxy: 0x083de9da44ebd145368440c9c88cad95536fc2b3
    - Decoding facet addresses for 0x083de9da44ebd145368440c9c88cad95536fc2b3
  - Inspecting proxy: 0x14328c6d6cd5521a08eb08b3b3a08409bc366009
    - Decoding facet addresses for 0x14328c6d6cd5521a08eb08b3b3a08409bc366009
  - Inspecting proxy: 0x19a0f3d7734dca40f1847c44ef717ef3ef5c50a5
    - Decoding facet addresses for 0x19a0f3d7734dca40f1847c44ef717ef3ef5c50a5
  - Inspecting proxy: 0x2e00fd8fff4417c9d76ac44e35f039861b7e8f86
    - Decoding facet addresses for 0x2e00fd8fff4417c9d76ac44e35f039861b7e8f86
  - Inspecting proxy: 0x424fc753af82bff026b839a2e8f92709242dec97
    - Decoding facet addresses for 0x424fc753af82bff026b839a2e8f92709242dec97
  - Inspecting proxy: 0x457027fef40d9894e8ae33b25b60b5116ecf3014
    - Decoding facet addresses for 0x457027fef40d9894e8ae33b25b60b5116ecf3014
  - Inspecting proxy: 0x46408b210e77408c17c183470c4693f458f5aed8
    - Decoding facet addresses for 0x46408b210e77408c17c183470c4693f458f5aed8
  - Inspecting proxy: 0x4d2c9571bd9f157fb558fe6ca3cf366067e7515e
    - Decoding facet addresses for 0x4d2c9571bd9f157fb558fe6ca3cf366067e7515e
  - Inspecting proxy: 0x55b309ee4270448d312a15c4f71eb9ef38b35f8d
    - Decoding facet addresses for 0x55b309ee4270448d312a15c4f71eb9ef38b35f8d
  - Inspecting proxy: 0x5b7d4523862981219c74b9e081221011e4f45182
    - Decoding facet addresses for 0x5b7d4523862981219c74b9e081221011e4f45182
  - Inspecting proxy: 0x73aeae331cb6ce374c0c496abce52db2f6d5364c
    - Decoding facet addresses for 0x73aeae331cb6ce374c0c496abce52db2f6d5364c
  - Inspecting proxy: 0x7749aee50faeca5d7eed53bcbcf07db5aaf72e51
    - Decoding facet addresses for 0x7749aee50faeca5d7eed53bcbcf07db5aaf72e51
  - Inspecting proxy: 0x7f79a423464b8bdd7a4dc43fe6736a0936e0d6f2
    - Decoding facet addresses for 0x7f79a423464b8bdd7a4dc43fe6736a0936e0d6f2
  - Inspecting proxy: 0xad3d78ed1b03f26238845612eeb3c5b2677fa359
    - Decoding facet addresses for 0xad3d78ed1b03f26238845612eeb3c5b2677fa359
  - Inspecting proxy: 0xaf893ffeb244ada520e842eea4a6f3864113f1f5
    - Decoding facet addresses for 0xaf893ffeb244ada520e842eea4a6f3864113f1f5
  - Inspecting proxy: 0xb9739585e54374268c231f042d384bfa57e41c95
    - Decoding facet addresses for 0xb9739585e54374268c231f042d384bfa57e41c95
  - Inspecting proxy: 0xba18f15ecc881b7606b5c6e28cb900dfb29e8139
    - Decoding facet addresses for 0xba18f15ecc881b7606b5c6e28cb900dfb29e8139
  - Inspecting proxy: 0xbd0c6aa5a670ebe77bd0225f345abe0058ece703
    - Decoding facet addresses for 0xbd0c6aa5a670ebe77bd0225f345abe0058ece703
  - Inspecting proxy: 0xe1143d0a5b313b3f4da2d2be24f0edd8ce923ac5
    - Decoding facet addresses for 0xe1143d0a5b313b3f4da2d2be24f0edd8ce923ac5
  - Inspecting proxy: 0xea03978db787d89572cb7a07b60ac65b98111143
    - Decoding facet addresses for 0xea03978db787d89572cb7a07b60ac65b98111143
  - Inspecting proxy: 0xeefd5923d88bdcc74afa56943dcc163f1de2be4d
    - Decoding facet addresses for 0xeefd5923d88bdcc74afa56943dcc163f1de2be4d
  - Inspecting proxy: 0xf474d3d714b89ca0ada658a8105838f34cbbe1fa
    - Decoding facet addresses for 0xf474d3d714b89ca0ada658a8105838f34cbbe1fa
  - Inspecting proxy: 0xf659101919e1de3dca2fd7aa47840189506055ff
    - Decoding facet addresses for 0xf659101919e1de3dca2fd7aa47840189506055ff
  - Inspecting proxy: 0xf97acfdad5d9996560a14947eba2575abc7d0492
    - Decoding facet addresses for 0xf97acfdad5d9996560a14947eba2575abc7d0492
  - Inspecting proxy: 0xfa7299335e6b6d1305ec968ef23471d27002d682
    - Decoding facet addresses for 0xfa7299335e6b6d1305ec968ef23471d27002d682
  - Verifying all 15 facet implementation(s) declared in config/networks.json
    - Fetching codehash for declared facet 0x0f692b3d933b103e55f048749e1f17d5bc48038b
    - Unknown facet codehash for declared facet 0x0f692b3d933b103e55f048749e1f17d5bc48038b (skipping)
    - Fetching codehash for declared facet 0x8e91a1a19a4960797d487bee7e4da0c8e2b4cde6
    - Unknown facet codehash for declared facet 0x8e91a1a19a4960797d487bee7e4da0c8e2b4cde6 (skipping)
    - Fetching codehash for declared facet 0x0a533c9c31c2eeeb8048f11e0a715a1ee74a8297
    - Unknown facet codehash for declared facet 0x0a533c9c31c2eeeb8048f11e0a715a1ee74a8297 (skipping)
    - Fetching codehash for declared facet 0x52c29842eadf4b13204a59127976b8351f3ce36d
    - Unknown facet codehash for declared facet 0x52c29842eadf4b13204a59127976b8351f3ce36d (skipping)
    - Fetching codehash for declared facet 0x1a678002ab6963ad146f20869fdebd21a119db03
    - Unknown facet codehash for declared facet 0x1a678002ab6963ad146f20869fdebd21a119db03 (skipping)
    - Fetching codehash for declared facet 0xce76ac71e627637f086a956569e48a480f95bb37
    - Unknown facet codehash for declared facet 0xce76ac71e627637f086a956569e48a480f95bb37 (skipping)
    - Fetching codehash for declared facet 0xe87950f7b4527dc5ed378b3b09a54f09033db342
    - Unknown facet codehash for declared facet 0xe87950f7b4527dc5ed378b3b09a54f09033db342 (skipping)
    - Fetching codehash for declared facet 0x0889a146d4bde13f2268e77055a4169a34cf484f
    - Verifying declared facet 0x0889a146d4bde13f2268e77055a4169a34cf484f as pkg/contracts/src/diamonds/facets/DiamondLoupeFacet.sol:DiamondLoupeFacet
Start verifying contract `0x0889a146D4bDE13F2268e77055A4169A34cf484F` deployed on arbitrum

Submitting verification for [pkg/contracts/src/diamonds/facets/DiamondLoupeFacet.sol:DiamondLoupeFacet] 0x0889a146D4bDE13F2268e77055A4169A34cf484F.
Submitted contract for verification:
	Response: `OK`
	GUID: `qrcvxsw95r1pnxukl1gcfs8pe7hrwdu3neensw7gty4yrklejz`
	URL: https://arbiscan.io/address/0x0889a146d4bde13f2268e77055a4169a34cf484f
    - Fetching codehash for declared facet 0x89f087652d3c57e23cae7d710eb39006777bfe60
    - Unknown facet codehash for declared facet 0x89f087652d3c57e23cae7d710eb39006777bfe60 (skipping)
    - Fetching codehash for declared facet 0x3a38110dca735a0d00a64079d8bd99206d413b80
    - Unknown facet codehash for declared facet 0x3a38110dca735a0d00a64079d8bd99206d413b80 (skipping)
    - Fetching codehash for declared facet 0x8e894ef1e8110ca592dee6286fe0342b8ee721c8
    - Unknown facet codehash for declared facet 0x8e894ef1e8110ca592dee6286fe0342b8ee721c8 (skipping)
    - Fetching codehash for declared facet 0xb86d52f99bc1551a95c1f3a22dfba77caaec9408
    - Unknown facet codehash for declared facet 0xb86d52f99bc1551a95c1f3a22dfba77caaec9408 (skipping)
    - Fetching codehash for declared facet 0x315b03c69846d8e7b950e864de49c7c57fb9d4e8
    - Unknown facet codehash for declared facet 0x315b03c69846d8e7b950e864de49c7c57fb9d4e8 (skipping)
    - Fetching codehash for declared facet 0x74e6adf79c986cbf8c20e015a185221c274f443b
    - Unknown facet codehash for declared facet 0x74e6adf79c986cbf8c20e015a185221c274f443b (skipping)
    - Fetching codehash for declared facet 0x7b53b363985cddfde769f475e47c4723d362f90a
    - Unknown facet codehash for declared facet 0x7b53b363985cddfde769f475e47c4723d362f90a (skipping)
  - Done. Verified 18 unique facet address(es).
  - ERROR: Found 17 facet address(es) missing from config/networks.json FACETS.
task: Failed to run task "upgrade-arbitrum": task: Failed to run task "verify-diamond-facets-arbitrum": exit status 1
