graph-node-graph-node-1  | Feb 01 19:25:21.787 DEBG Requesting logs for blocks [15, 15], contract 0x5fc8d32690cc91d4c39d9d3abcbd16989f875707, 1 events, sgd: 2, subgraph_id: QmQYerWdiWocSmrJ53EKRdVmvnRZRENBDjN6nVGFJKfhq5, component: BlockStream
graph-node-graph-node-1  | Feb 01 19:25:21.787 DEBG Found 0 relevant block(s), sgd: 2, subgraph_id: QmQYerWdiWocSmrJ53EKRdVmvnRZRENBDjN6nVGFJKfhq5, component: BlockStream
graph-node-graph-node-1  | Feb 01 19:25:21.788 DEBG Requesting 0 block(s), sgd: 2, subgraph_id: QmQYerWdiWocSmrJ53EKRdVmvnRZRENBDjN6nVGFJKfhq5, component: BlockStream
graph-node-graph-node-1  | Feb 01 19:25:21.788 DEBG Start processing block, triggers: 0, block_hash: 0xde44c7a533e6b9787b07e8d5ce81fb33ccec1c55535373edf656287f8a43a80e, block_number: 15, sgd: 2, subgraph_id: QmQYerWdiWocSmrJ53EKRdVmvnRZRENBDjN6nVGFJKfhq5, component: SubgraphInstanceManager
graph-node-graph-node-1  | Feb 01 19:25:21.788 INFO Scanning blocks [16, 25], range_size: 10, sgd: 2, subgraph_id: QmQYerWdiWocSmrJ53EKRdVmvnRZRENBDjN6nVGFJKfhq5, component: BlockStream
graph-node-graph-node-1  | Feb 01 19:25:21.788 DEBG Entity cache statistics, evict_time_ms: 0, accesses: 0, hit_rate: 100%, stale_update: false, evicted_count: 0, count: 3, evicted_weight: 0, weight: 1528, sgd: 2, subgraph_id: QmQYerWdiWocSmrJ53EKRdVmvnRZRENBDjN6nVGFJKfhq5, component: SubgraphInstanceManager
graph-node-graph-node-1  | Feb 01 19:25:21.788 DEBG Requesting logs for blocks [16, 25], contract 0xa51c1fc2f0d1a1b8494ed1fe312d7c3a78ed91c0, 2 events, sgd: 2, subgraph_id: QmQYerWdiWocSmrJ53EKRdVmvnRZRENBDjN6nVGFJKfhq5, component: BlockStream
graph-node-graph-node-1  | Feb 01 19:25:21.788 DEBG Requesting logs for blocks [16, 25], contract 0x61c36a8d610163660e21a8b7359e1cac0c9133e1, 2 events, sgd: 2, subgraph_id: QmQYerWdiWocSmrJ53EKRdVmvnRZRENBDjN6nVGFJKfhq5, component: BlockStream
graph-node-graph-node-1  | Feb 01 19:25:21.788 DEBG Requesting logs for blocks [16, 25], contract 0x5fc8d32690cc91d4c39d9d3abcbd16989f875707, 1 events, sgd: 2, subgraph_id: QmQYerWdiWocSmrJ53EKRdVmvnRZRENBDjN6nVGFJKfhq5, component: BlockStream
graph-node-graph-node-1  | Feb 01 19:25:21.789 DEBG Found 2 relevant block(s), sgd: 2, subgraph_id: QmQYerWdiWocSmrJ53EKRdVmvnRZRENBDjN6nVGFJKfhq5, component: BlockStream
graph-node-graph-node-1  | Feb 01 19:25:21.789 DEBG Requesting 0 block(s), sgd: 2, subgraph_id: QmQYerWdiWocSmrJ53EKRdVmvnRZRENBDjN6nVGFJKfhq5, component: BlockStream
graph-node-graph-node-1  | Feb 01 19:25:21.789 DEBG Processing 2 triggers, sgd: 2, subgraph_id: QmQYerWdiWocSmrJ53EKRdVmvnRZRENBDjN6nVGFJKfhq5, component: BlockStream
graph-node-graph-node-1  | Feb 01 19:25:21.789 DEBG Start processing block, triggers: 1, block_hash: 0x59dfb2331dc30f4eaaf1e3eb1d58aff286da676864bc7fdd7ed3e0e47dd6ec45, block_number: 16, sgd: 2, subgraph_id: QmQYerWdiWocSmrJ53EKRdVmvnRZRENBDjN6nVGFJKfhq5, component: SubgraphInstanceManager
graph-node-graph-node-1  | Feb 01 19:25:21.790 DEBG handleStrategyAdded, data_source: RegistryCommunity, sgd: 2, subgraph_id: QmQYerWdiWocSmrJ53EKRdVmvnRZRENBDjN6nVGFJKfhq5, component: SubgraphInstanceManager > UserMapping
graph-node-graph-node-1  | Feb 01 19:25:21.790 INFO Create data source, params: 0x9a676e781a523b5d0c0e43731313a708cb607508, name: CVStrategy, sgd: 2, subgraph_id: QmQYerWdiWocSmrJ53EKRdVmvnRZRENBDjN6nVGFJKfhq5, component: SubgraphInstanceManager
graph-node-graph-node-1  | Feb 01 19:25:21.790 INFO Done processing trigger, gas_used: 224131953, data_source: RegistryCommunity, handler: handleStrategyAdded, total_ms: 0, transaction: 0xdece…0d7c, address: 0x61c3…33e1, signature: StrategyAdded(address), sgd: 2, subgraph_id: QmQYerWdiWocSmrJ53EKRdVmvnRZRENBDjN6nVGFJKfhq5, component: SubgraphInstanceManager
graph-node-graph-node-1  | Feb 01 19:25:21.790 INFO Scanning blocks [26, 47], range_size: 100, sgd: 2, subgraph_id: QmQYerWdiWocSmrJ53EKRdVmvnRZRENBDjN6nVGFJKfhq5, component: BlockStream
graph-node-graph-node-1  | Feb 01 19:25:21.790 DEBG Requesting logs for blocks [26, 47], contract 0xa51c1fc2f0d1a1b8494ed1fe312d7c3a78ed91c0, 2 events, sgd: 2, subgraph_id: QmQYerWdiWocSmrJ53EKRdVmvnRZRENBDjN6nVGFJKfhq5, component: BlockStream
graph-node-graph-node-1  | Feb 01 19:25:21.790 DEBG Requesting logs for blocks [26, 47], contract 0x61c36a8d610163660e21a8b7359e1cac0c9133e1, 2 events, sgd: 2, subgraph_id: QmQYerWdiWocSmrJ53EKRdVmvnRZRENBDjN6nVGFJKfhq5, component: BlockStream
graph-node-graph-node-1  | Feb 01 19:25:21.790 DEBG Requesting logs for blocks [26, 47], contract 0x5fc8d32690cc91d4c39d9d3abcbd16989f875707, 1 events, sgd: 2, subgraph_id: QmQYerWdiWocSmrJ53EKRdVmvnRZRENBDjN6nVGFJKfhq5, component: BlockStream
graph-node-graph-node-1  | Feb 01 19:25:21.790 DEBG Requesting logs for blocks [16, 16], contract 0x9a676e781a523b5d0c0e43731313a708cb607508, 2 events, block_hash: 0x59dfb2331dc30f4eaaf1e3eb1d58aff286da676864bc7fdd7ed3e0e47dd6ec45, block_number: 16, sgd: 2, subgraph_id: QmQYerWdiWocSmrJ53EKRdVmvnRZRENBDjN6nVGFJKfhq5, component: SubgraphInstanceManager
graph-node-graph-node-1  | Feb 01 19:25:21.790 DEBG Found 0 relevant block(s), sgd: 2, subgraph_id: QmQYerWdiWocSmrJ53EKRdVmvnRZRENBDjN6nVGFJKfhq5, component: BlockStream
graph-node-graph-node-1  | Feb 01 19:25:21.790 DEBG Requesting 1 block(s), sgd: 2, subgraph_id: QmQYerWdiWocSmrJ53EKRdVmvnRZRENBDjN6nVGFJKfhq5, component: BlockStream
graph-node-graph-node-1  | Feb 01 19:25:21.791 DEBG Found 0 relevant block(s), block_hash: 0x59dfb2331dc30f4eaaf1e3eb1d58aff286da676864bc7fdd7ed3e0e47dd6ec45, block_number: 16, sgd: 2, subgraph_id: QmQYerWdiWocSmrJ53EKRdVmvnRZRENBDjN6nVGFJKfhq5, component: SubgraphInstanceManager
graph-node-graph-node-1  | Feb 01 19:25:21.791 DEBG Requesting 0 block(s), block_hash: 0x59dfb2331dc30f4eaaf1e3eb1d58aff286da676864bc7fdd7ed3e0e47dd6ec45, block_number: 16, sgd: 2, subgraph_id: QmQYerWdiWocSmrJ53EKRdVmvnRZRENBDjN6nVGFJKfhq5, component: SubgraphInstanceManager
graph-node-graph-node-1  | Feb 01 19:25:21.791 DEBG Creating 1 dynamic data source(s), sgd: 2, subgraph_id: QmQYerWdiWocSmrJ53EKRdVmvnRZRENBDjN6nVGFJKfhq5, component: SubgraphInstanceManager
graph-node-graph-node-1  | Feb 01 19:25:21.791 DEBG Persisting data_source, address: 9a676e781a523b5d0c0e43731313a708cb607508, name: CVStrategy, sgd: 2, subgraph_id: QmQYerWdiWocSmrJ53EKRdVmvnRZRENBDjN6nVGFJKfhq5, component: SubgraphInstanceManager
graph-node-graph-node-1  | Feb 01 19:25:21.791 DEBG Entity cache statistics, evict_time_ms: 0, accesses: 0, hit_rate: 100%, stale_update: false, evicted_count: 0, count: 3, evicted_weight: 0, weight: 1528, sgd: 2, subgraph_id: QmQYerWdiWocSmrJ53EKRdVmvnRZRENBDjN6nVGFJKfhq5, component: SubgraphInstanceManager
graph-node-graph-node-1  | Feb 01 19:25:21.791 DEBG Starting or restarting subgraph, sgd: 2, subgraph_id: QmQYerWdiWocSmrJ53EKRdVmvnRZRENBDjN6nVGFJKfhq5, component: SubgraphInstanceManager
graph-node-graph-node-1  | Feb 01 19:25:21.791 DEBG subscribing to chain head updates, sgd: 2, subgraph_id: QmQYerWdiWocSmrJ53EKRdVmvnRZRENBDjN6nVGFJKfhq5, component: BlockStream
graph-node-graph-node-1  | Feb 01 19:25:21.792 DEBG Starting block stream, sgd: 2, subgraph_id: QmQYerWdiWocSmrJ53EKRdVmvnRZRENBDjN6nVGFJKfhq5, component: SubgraphInstanceManager
graph-node-graph-node-1  | Feb 01 19:25:21.792 INFO Scanning blocks [17, 17], range_size: 1, sgd: 2, subgraph_id: QmQYerWdiWocSmrJ53EKRdVmvnRZRENBDjN6nVGFJKfhq5, component: BlockStream
graph-node-graph-node-1  | Feb 01 19:25:21.792 DEBG Requesting logs for blocks [17, 17], contract 0x9a676e781a523b5d0c0e43731313a708cb607508, 2 events, sgd: 2, subgraph_id: QmQYerWdiWocSmrJ53EKRdVmvnRZRENBDjN6nVGFJKfhq5, component: BlockStream
graph-node-graph-node-1  | Feb 01 19:25:21.792 DEBG Requesting logs for blocks [17, 17], contract 0xa51c1fc2f0d1a1b8494ed1fe312d7c3a78ed91c0, 2 events, sgd: 2, subgraph_id: QmQYerWdiWocSmrJ53EKRdVmvnRZRENBDjN6nVGFJKfhq5, component: BlockStream
graph-node-graph-node-1  | Feb 01 19:25:21.792 DEBG Requesting logs for blocks [17, 17], contract 0x61c36a8d610163660e21a8b7359e1cac0c9133e1, 2 events, sgd: 2, subgraph_id: QmQYerWdiWocSmrJ53EKRdVmvnRZRENBDjN6nVGFJKfhq5, component: BlockStream
graph-node-graph-node-1  | Feb 01 19:25:21.792 DEBG Requesting logs for blocks [17, 17], contract 0x5fc8d32690cc91d4c39d9d3abcbd16989f875707, 1 events, sgd: 2, subgraph_id: QmQYerWdiWocSmrJ53EKRdVmvnRZRENBDjN6nVGFJKfhq5, component: BlockStream
graph-node-graph-node-1  | Feb 01 19:25:21.792 DEBG Found 0 relevant block(s), sgd: 2, subgraph_id: QmQYerWdiWocSmrJ53EKRdVmvnRZRENBDjN6nVGFJKfhq5, component: BlockStream
graph-node-graph-node-1  | Feb 01 19:25:21.793 DEBG Requesting 0 block(s), sgd: 2, subgraph_id: QmQYerWdiWocSmrJ53EKRdVmvnRZRENBDjN6nVGFJKfhq5, component: BlockStream
graph-node-graph-node-1  | Feb 01 19:25:21.793 DEBG Start processing block, triggers: 0, block_hash: 0x9a242bd10804b4c5afdefa68ee9aec6f61ce563a179ad6a9ed3624de81de93ae, block_number: 17, sgd: 2, subgraph_id: QmQYerWdiWocSmrJ53EKRdVmvnRZRENBDjN6nVGFJKfhq5, component: SubgraphInstanceManager
graph-node-graph-node-1  | Feb 01 19:25:21.793 DEBG Entity cache statistics, evict_time_ms: 0, accesses: 0, hit_rate: 100%, stale_update: false, evicted_count: 0, count: 3, evicted_weight: 0, weight: 1528, sgd: 2, subgraph_id: QmQYerWdiWocSmrJ53EKRdVmvnRZRENBDjN6nVGFJKfhq5, component: SubgraphInstanceManager
graph-node-graph-node-1  | Feb 01 19:25:21.793 INFO Scanning blocks [18, 27], range_size: 10, sgd: 2, subgraph_id: QmQYerWdiWocSmrJ53EKRdVmvnRZRENBDjN6nVGFJKfhq5, component: BlockStream
graph-node-graph-node-1  | Feb 01 19:25:21.793 DEBG Requesting logs for blocks [18, 27], contract 0x9a676e781a523b5d0c0e43731313a708cb607508, 2 events, sgd: 2, subgraph_id: QmQYerWdiWocSmrJ53EKRdVmvnRZRENBDjN6nVGFJKfhq5, component: BlockStream
graph-node-graph-node-1  | Feb 01 19:25:21.793 DEBG Requesting logs for blocks [18, 27], contract 0xa51c1fc2f0d1a1b8494ed1fe312d7c3a78ed91c0, 2 events, sgd: 2, subgraph_id: QmQYerWdiWocSmrJ53EKRdVmvnRZRENBDjN6nVGFJKfhq5, component: BlockStream
graph-node-graph-node-1  | Feb 01 19:25:21.793 DEBG Requesting logs for blocks [18, 27], contract 0x61c36a8d610163660e21a8b7359e1cac0c9133e1, 2 events, sgd: 2, subgraph_id: QmQYerWdiWocSmrJ53EKRdVmvnRZRENBDjN6nVGFJKfhq5, component: BlockStream
graph-node-graph-node-1  | Feb 01 19:25:21.793 DEBG Requesting logs for blocks [18, 27], contract 0x5fc8d32690cc91d4c39d9d3abcbd16989f875707, 1 events, sgd: 2, subgraph_id: QmQYerWdiWocSmrJ53EKRdVmvnRZRENBDjN6nVGFJKfhq5, component: BlockStream
graph-node-graph-node-1  | Feb 01 19:25:21.794 DEBG Found 2 relevant block(s), sgd: 2, subgraph_id: QmQYerWdiWocSmrJ53EKRdVmvnRZRENBDjN6nVGFJKfhq5, component: BlockStream
graph-node-graph-node-1  | Feb 01 19:25:21.794 DEBG Requesting 0 block(s), sgd: 2, subgraph_id: QmQYerWdiWocSmrJ53EKRdVmvnRZRENBDjN6nVGFJKfhq5, component: BlockStream
graph-node-graph-node-1  | Feb 01 19:25:21.794 DEBG Processing 2 triggers, sgd: 2, subgraph_id: QmQYerWdiWocSmrJ53EKRdVmvnRZRENBDjN6nVGFJKfhq5, component: BlockStream
graph-node-graph-node-1  | Feb 01 19:25:21.794 DEBG Start processing block, triggers: 1, block_hash: 0xcbe6159e78dd5ef3bd2a4d63dc3568ee50a427766a5a0109f5e688c3ef5bddaf, block_number: 18, sgd: 2, subgraph_id: QmQYerWdiWocSmrJ53EKRdVmvnRZRENBDjN6nVGFJKfhq5, component: SubgraphInstanceManager
graph-node-graph-node-1  | Feb 01 19:25:21.794 INFO Scanning blocks [28, 47], range_size: 100, sgd: 2, subgraph_id: QmQYerWdiWocSmrJ53EKRdVmvnRZRENBDjN6nVGFJKfhq5, component: BlockStream
graph-node-graph-node-1  | Feb 01 19:25:21.794 DEBG Requesting logs for blocks [28, 47], contract 0x9a676e781a523b5d0c0e43731313a708cb607508, 2 events, sgd: 2, subgraph_id: QmQYerWdiWocSmrJ53EKRdVmvnRZRENBDjN6nVGFJKfhq5, component: BlockStream
graph-node-graph-node-1  | Feb 01 19:25:21.794 DEBG Requesting logs for blocks [28, 47], contract 0xa51c1fc2f0d1a1b8494ed1fe312d7c3a78ed91c0, 2 events, sgd: 2, subgraph_id: QmQYerWdiWocSmrJ53EKRdVmvnRZRENBDjN6nVGFJKfhq5, component: BlockStream
graph-node-graph-node-1  | Feb 01 19:25:21.794 DEBG Requesting logs for blocks [28, 47], contract 0x61c36a8d610163660e21a8b7359e1cac0c9133e1, 2 events, sgd: 2, subgraph_id: QmQYerWdiWocSmrJ53EKRdVmvnRZRENBDjN6nVGFJKfhq5, component: BlockStream
graph-node-graph-node-1  | Feb 01 19:25:21.794 DEBG Requesting logs for blocks [28, 47], contract 0x5fc8d32690cc91d4c39d9d3abcbd16989f875707, 1 events, sgd: 2, subgraph_id: QmQYerWdiWocSmrJ53EKRdVmvnRZRENBDjN6nVGFJKfhq5, component: BlockStream
graph-node-graph-node-1  | Feb 01 19:25:21.794 DEBG handleInitialized, data_source: CVStrategy, sgd: 2, subgraph_id: QmQYerWdiWocSmrJ53EKRdVmvnRZRENBDjN6nVGFJKfhq5, component: SubgraphInstanceManager > UserMapping
graph-node-graph-node-1  | Feb 01 19:25:21.795 DEBG handleInitialized registryCommunity:0x61c36a8d610163660e21a8b7359e1cac0c9133e1 decay:9999799 maxRatio:2000000 weight:10000, data_source: CVStrategy, sgd: 2, subgraph_id: QmQYerWdiWocSmrJ53EKRdVmvnRZRENBDjN6nVGFJKfhq5, component: SubgraphInstanceManager > UserMapping
graph-node-graph-node-1  | Feb 01 19:25:21.795 INFO Done processing trigger, gas_used: 360008787, data_source: CVStrategy, handler: handleInitialized, total_ms: 0, transaction: 0xe4ac…ec4c, address: 0xa51c…91c0, signature: InitializedCV(uint256,(address,uint256,uint256,uint256)), sgd: 2, subgraph_id: QmQYerWdiWocSmrJ53EKRdVmvnRZRENBDjN6nVGFJKfhq5, component: SubgraphInstanceManager
graph-node-graph-node-1  | Feb 01 19:25:21.795 DEBG Found 0 relevant block(s), sgd: 2, subgraph_id: QmQYerWdiWocSmrJ53EKRdVmvnRZRENBDjN6nVGFJKfhq5, component: BlockStream
graph-node-graph-node-1  | Feb 01 19:25:21.795 DEBG Requesting 1 block(s), sgd: 2, subgraph_id: QmQYerWdiWocSmrJ53EKRdVmvnRZRENBDjN6nVGFJKfhq5, component: BlockStream
graph-node-graph-node-1  | Feb 01 19:25:21.796 DEBG Processing 1 triggers, sgd: 2, subgraph_id: QmQYerWdiWocSmrJ53EKRdVmvnRZRENBDjN6nVGFJKfhq5, component: BlockStream
graph-node-graph-node-1  | Feb 01 19:25:21.796 DEBG Entity cache statistics, evict_time_ms: 0, accesses: 0, hit_rate: 100%, stale_update: false, evicted_count: 0, count: 5, evicted_weight: 0, weight: 2212, sgd: 2, subgraph_id: QmQYerWdiWocSmrJ53EKRdVmvnRZRENBDjN6nVGFJKfhq5, component: SubgraphInstanceManager
graph-node-graph-node-1  | Feb 01 19:25:21.796 INFO Applying 3 entity operation(s), block_hash: 0xcbe6159e78dd5ef3bd2a4d63dc3568ee50a427766a5a0109f5e688c3ef5bddaf, block_number: 18, sgd: 2, subgraph_id: QmQYerWdiWocSmrJ53EKRdVmvnRZRENBDjN6nVGFJKfhq5, component: SubgraphInstanceManager
graph-node-graph-node-1  | Feb 01 19:25:21.797 DEBG Start processing block, triggers: 1, block_hash: 0x2287012baca3903dcb7859f53b07deeeeee1058bfdc0acb41a46c92246ce977f, block_number: 19, sgd: 2, subgraph_id: QmQYerWdiWocSmrJ53EKRdVmvnRZRENBDjN6nVGFJKfhq5, component: SubgraphInstanceManager
graph-node-graph-node-1  | Feb 01 19:25:21.797 DEBG handleInitialized, data_source: CVStrategy, sgd: 2, subgraph_id: QmQYerWdiWocSmrJ53EKRdVmvnRZRENBDjN6nVGFJKfhq5, component: SubgraphInstanceManager > UserMapping
graph-node-graph-node-1  | Feb 01 19:25:21.797 DEBG handleInitialized registryCommunity:0x61c36a8d610163660e21a8b7359e1cac0c9133e1 decay:9999799 maxRatio:2000000 weight:10000, data_source: CVStrategy, sgd: 2, subgraph_id: QmQYerWdiWocSmrJ53EKRdVmvnRZRENBDjN6nVGFJKfhq5, component: SubgraphInstanceManager > UserMapping
graph-node-graph-node-1  | Feb 01 19:25:21.797 INFO Done processing trigger, gas_used: 360008787, data_source: CVStrategy, handler: handleInitialized, total_ms: 0, transaction: 0x6cb7…3c41, address: 0x9a67…7508, signature: InitializedCV(uint256,(address,uint256,uint256,uint256)), sgd: 2, subgraph_id: QmQYerWdiWocSmrJ53EKRdVmvnRZRENBDjN6nVGFJKfhq5, component: SubgraphInstanceManager
graph-node-graph-node-1  | Feb 01 19:25:21.798 DEBG Entity cache statistics, evict_time_ms: 0, accesses: 0, hit_rate: 100%, stale_update: false, evicted_count: 0, count: 7, evicted_weight: 0, weight: 2895, sgd: 2, subgraph_id: QmQYerWdiWocSmrJ53EKRdVmvnRZRENBDjN6nVGFJKfhq5, component: SubgraphInstanceManager
graph-node-graph-node-1  | Feb 01 19:25:21.798 INFO Applying 3 entity operation(s), block_hash: 0x2287012baca3903dcb7859f53b07deeeeee1058bfdc0acb41a46c92246ce977f, block_number: 19, sgd: 2, subgraph_id: QmQYerWdiWocSmrJ53EKRdVmvnRZRENBDjN6nVGFJKfhq5, component: SubgraphInstanceManager
graph-node-graph-node-1  | Feb 01 19:25:21.798 DEBG Start processing block, triggers: 0, block_hash: 0xc7b679ebf303c1c06b9b31478c897a4f603455312136cf6565ff19c5a08aad94, block_number: 27, sgd: 2, subgraph_id: QmQYerWdiWocSmrJ53EKRdVmvnRZRENBDjN6nVGFJKfhq5, component: SubgraphInstanceManager
graph-node-graph-node-1  | Feb 01 19:25:21.798 DEBG Entity cache statistics, evict_time_ms: 0, accesses: 0, hit_rate: 100%, stale_update: false, evicted_count: 0, count: 7, evicted_weight: 0, weight: 2895, sgd: 2, subgraph_id: QmQYerWdiWocSmrJ53EKRdVmvnRZRENBDjN6nVGFJKfhq5, component: SubgraphInstanceManager
graph-node-graph-node-1  | Feb 01 19:25:21.799 DEBG Start processing block, triggers: 0, block_hash: 0x419125185a4522bec02b2c30ed9ea9ce8325231d2065deee417a997c2c81e8a2, block_number: 47, sgd: 2, subgraph_id: QmQYerWdiWocSmrJ53EKRdVmvnRZRENBDjN6nVGFJKfhq5, component: SubgraphInstanceManager
graph-node-graph-node-1  | Feb 01 19:25:21.799 DEBG Entity cache statistics, evict_time_ms: 0, accesses: 0, hit_rate: 100%, stale_update: false, evicted_count: 0, count: 7, evicted_weight: 0, weight: 2895, sgd: 2, subgraph_id: QmQYerWdiWocSmrJ53EKRdVmvnRZRENBDjN6nVGFJKfhq5, component: SubgraphInstanceManager
graph-node-graph-node-1  | Feb 01 19:25:21.801 DEBG Start processing block, triggers: 1, block_hash: 0xc271e75149f072a0be89557eddacfc3e1b98427e33f57d6f9c7cfbe061f2b365, block_number: 48, sgd: 2, subgraph_id: QmQYerWdiWocSmrJ53EKRdVmvnRZRENBDjN6nVGFJKfhq5, component: SubgraphInstanceManager
graph-node-graph-node-1  | Feb 01 19:25:21.802 DEBG eth_call, block_number: 48, block_hash: c271e75149f072a0be89557eddacfc3e1b98427e33f57d6f9c7cfbe061f2b365, data: c7f758a80000000000000000000000000000000000000000000000000000000000000001, address: a51c1fc2f0d1a1b8494ed1fe312d7c3a78ed91c0, sgd: 2, subgraph_id: QmQYerWdiWocSmrJ53EKRdVmvnRZRENBDjN6nVGFJKfhq5, component: SubgraphInstanceManager
graph-node-graph-node-1  | Feb 01 19:25:21.803 DEBG eth_call, block_number: 48, block_hash: c271e75149f072a0be89557eddacfc3e1b98427e33f57d6f9c7cfbe061f2b365, data: a574cea40000000000000000000000000000000000000000000000000000000000000001, address: a51c1fc2f0d1a1b8494ed1fe312d7c3a78ed91c0, sgd: 2, subgraph_id: QmQYerWdiWocSmrJ53EKRdVmvnRZRENBDjN6nVGFJKfhq5, component: SubgraphInstanceManager
graph-node-graph-node-1  | Feb 01 19:25:21.803 DEBG handleProposalCreated pointer:QmW4zFLFJRN7J67EzNmdC2r2M9u2iJDha2fj5Gee6hJzSY, data_source: CVStrategy, sgd: 2, subgraph_id: QmQYerWdiWocSmrJ53EKRdVmvnRZRENBDjN6nVGFJKfhq5, component: SubgraphInstanceManager > UserMapping
graph-node-graph-node-1  | Feb 01 19:25:21.804 INFO Create data source, params: QmW4zFLFJRN7J67EzNmdC2r2M9u2iJDha2fj5Gee6hJzSY, name: ProposalMetadata, sgd: 2, subgraph_id: QmQYerWdiWocSmrJ53EKRdVmvnRZRENBDjN6nVGFJKfhq5, component: SubgraphInstanceManager
graph-node-graph-node-1  | Feb 01 19:25:21.804 INFO Done processing trigger, gas_used: 10337118233, data_source: CVStrategy, handler: handleProposalCreated, total_ms: 2, transaction: 0xd065…cd6e, address: 0xa51c…91c0, signature: ProposalCreated(uint256,uint256), sgd: 2, subgraph_id: QmQYerWdiWocSmrJ53EKRdVmvnRZRENBDjN6nVGFJKfhq5, component: SubgraphInstanceManager
graph-node-graph-node-1  | Feb 01 19:25:21.805 INFO Committed write batch, time_ms: 5, weight: 6992, entities: 9, block_count: 48, block_number: 47, sgd: 2, subgraph_id: QmQYerWdiWocSmrJ53EKRdVmvnRZRENBDjN6nVGFJKfhq5, component: SubgraphInstanceManager
graph-node-graph-node-1  | Feb 01 19:25:21.814 DEBG Creating 1 dynamic data source(s), sgd: 2, subgraph_id: QmQYerWdiWocSmrJ53EKRdVmvnRZRENBDjN6nVGFJKfhq5, component: SubgraphInstanceManager
graph-node-graph-node-1  | Feb 01 19:25:21.814 DEBG Persisting data_source, address: 516d57347a464c464a524e374a3637457a4e6d64433272324d397532694a44686132666a3547656536684a7a5359, name: ProposalMetadata, sgd: 2, subgraph_id: QmQYerWdiWocSmrJ53EKRdVmvnRZRENBDjN6nVGFJKfhq5, component: SubgraphInstanceManager
graph-node-graph-node-1  | Feb 01 19:25:21.815 DEBG Entity cache statistics, evict_time_ms: 0, accesses: 0, hit_rate: 100%, stale_update: false, evicted_count: 0, count: 9, evicted_weight: 0, weight: 4223, sgd: 2, subgraph_id: QmQYerWdiWocSmrJ53EKRdVmvnRZRENBDjN6nVGFJKfhq5, component: SubgraphInstanceManager
graph-node-graph-node-1  | Feb 01 19:25:21.816 DEBG handleProposalMetadata1: QmW4zFLFJRN7J67EzNmdC2r2M9u2iJDha2fj5Gee6hJzSY 0x1 0x1, data_source: ProposalMetadata, sgd: 2, subgraph_id: QmQYerWdiWocSmrJ53EKRdVmvnRZRENBDjN6nVGFJKfhq5, component: SubgraphInstanceManager > UserMapping
graph-node-graph-node-1  | Feb 01 19:25:21.816 INFO Done processing trigger, gas_used: 193335119, data_source: ProposalMetadata, handler: handleProposalMetadata, total_ms: 0, sgd: 2, subgraph_id: QmQYerWdiWocSmrJ53EKRdVmvnRZRENBDjN6nVGFJKfhq5, component: SubgraphInstanceManager
graph-node-graph-node-1  | Feb 01 19:25:21.816 INFO Applying 3 entity operation(s), block_hash: 0xc271e75149f072a0be89557eddacfc3e1b98427e33f57d6f9c7cfbe061f2b365, block_number: 48, sgd: 2, subgraph_id: QmQYerWdiWocSmrJ53EKRdVmvnRZRENBDjN6nVGFJKfhq5, component: SubgraphInstanceManager
graph-node-graph-node-1  | Feb 01 19:25:21.820 INFO Committed write batch, time_ms: 4, weight: 4477, entities: 3, block_count: 1, block_number: 48, sgd: 2, subgraph_id: QmQYerWdiWocSmrJ53EKRdVmvnRZRENBDjN6nVGFJKfhq5, component: SubgraphInstanceManager
graph-node-graph-node-1  | Feb 01 19:25:31.241 DEBG no chain head update for 30 seconds, polling for update, sgd: 1, subgraph_id: QmdVj9iNEtgs2FnTXA3mScdC4unK8hz87Gc7mREjApP5sJ, component: BlockStream
graph-node-graph-node-1  | Feb 01 19:25:31.281 DEBG no chain head update for 30 seconds, polling for update, sgd: 1, subgraph_id: QmdVj9iNEtgs2FnTXA3mScdC4unK8hz87Gc7mREjApP5sJ, component: BlockStream
graph-node-graph-node-1  | Feb 01 19:25:31.322 DEBG no chain head update for 30 seconds, polling for update, sgd: 1, subgraph_id: QmdVj9iNEtgs2FnTXA3mScdC4unK8hz87Gc7mREjApP5sJ, component: BlockStream
graph-node-graph-node-1  | Feb 01 19:25:51.756 DEBG no chain head update for 30 seconds, polling for update, sgd: 2, subgraph_id: QmQYerWdiWocSmrJ53EKRdVmvnRZRENBDjN6nVGFJKfhq5, component: BlockStream
graph-node-graph-node-1  | Feb 01 19:25:51.779 DEBG no chain head update for 30 seconds, polling for update, sgd: 2, subgraph_id: QmQYerWdiWocSmrJ53EKRdVmvnRZRENBDjN6nVGFJKfhq5, component: BlockStream
graph-node-graph-node-1  | Feb 01 19:25:51.797 DEBG no chain head update for 30 seconds, polling for update, sgd: 2, subgraph_id: QmQYerWdiWocSmrJ53EKRdVmvnRZRENBDjN6nVGFJKfhq5, component: BlockStream