🔍 Verifying diamond storage layouts...
[0;34mAll storage layouts cached in cache/storage-layout; skipping build.[0m
[0;34mStarting storage layout verification...[0m

[0;34m=== Processing CVStrategy ===[0m
  Main contract: [0;34mCVStrategy[0m
  Checking CVAdminFacet... [0;34m  Cache hit:[0m cache/storage-layout/CVStrategy-5a803432eab57a00865de5d62ec4fdd5e1854cf221fbe76b91b7a6c75c101bde.txt
[0;34m  Cache hit:[0m cache/storage-layout/CVAdminFacet-405082e64fda29edd19aa9d3d402217825ba39a4774b988361f9995e7f54100c.txt
[0;32m✓ MATCH[0m
  Checking CVAllocationFacet... [0;34m  Cache hit:[0m cache/storage-layout/CVStrategy-5a803432eab57a00865de5d62ec4fdd5e1854cf221fbe76b91b7a6c75c101bde.txt
[0;34m  Cache hit:[0m cache/storage-layout/CVAllocationFacet-74516ece933c38ebfc8e91c9a384b254616a0c0a8f4fe611afbcf692f8d4b788.txt
[0;32m✓ MATCH[0m
  Checking CVDisputeFacet... [0;34m  Cache hit:[0m cache/storage-layout/CVStrategy-5a803432eab57a00865de5d62ec4fdd5e1854cf221fbe76b91b7a6c75c101bde.txt
[0;34m  Cache hit:[0m cache/storage-layout/CVDisputeFacet-4cea66d303d30816e34fbb088b26f92caaa0e6b084298359efa1805fad46f396.txt
[0;32m✓ MATCH[0m
  Checking CVPauseFacet... [0;34m  Cache hit:[0m cache/storage-layout/CVStrategy-5a803432eab57a00865de5d62ec4fdd5e1854cf221fbe76b91b7a6c75c101bde.txt
[0;34m  Cache hit:[0m cache/storage-layout/CVPauseFacet-c60f6fc43d99959369444d6e7bf4c1fe1c356ea2be13215b87ed8290aa6376df.txt
[0;32m✓ MATCH[0m
  Checking CVPowerFacet... [0;34m  Cache hit:[0m cache/storage-layout/CVStrategy-5a803432eab57a00865de5d62ec4fdd5e1854cf221fbe76b91b7a6c75c101bde.txt
[0;34m  Cache hit:[0m cache/storage-layout/CVPowerFacet-645557d813a8663fa395d18686138542b301fe29ef67a4638eecfd7123de85ab.txt
[0;32m✓ MATCH[0m
  Checking CVProposalFacet... [0;34m  Cache hit:[0m cache/storage-layout/CVStrategy-5a803432eab57a00865de5d62ec4fdd5e1854cf221fbe76b91b7a6c75c101bde.txt
[0;34m  Cache hit:[0m cache/storage-layout/CVProposalFacet-27398445f568b8161a5a26f694461a0a2b9a80958805be668e17f19304cb20c5.txt
[0;32m✓ MATCH[0m
  Checking CVStreamingFacet... [0;34m  Cache hit:[0m cache/storage-layout/CVStrategy-5a803432eab57a00865de5d62ec4fdd5e1854cf221fbe76b91b7a6c75c101bde.txt
[0;34m  Cache hit:[0m cache/storage-layout/CVStreamingFacet-5691a93fe150536303b9108b9f844aa15b1b181f9bd2caeec73b7da317c581e6.txt
[0;32m✓ MATCH[0m
  Checking CVSyncPowerFacet... [0;34m  Cache hit:[0m cache/storage-layout/CVStrategy-5a803432eab57a00865de5d62ec4fdd5e1854cf221fbe76b91b7a6c75c101bde.txt
[0;34m  Cache hit:[0m cache/storage-layout/CVSyncPowerFacet-5dab80e5dabbddd595acffd99230f5075c505a899129ab674a77e246da2de788.txt
[0;32m✓ MATCH[0m

[1;33mSkipping src/diamonds (generic diamond utilities)[0m

[0;34m=== Processing RegistryCommunity ===[0m
  Main contract: [0;34mRegistryCommunity[0m
  Checking CommunityAdminFacet... [0;34m  Cache hit:[0m cache/storage-layout/RegistryCommunity-e435dd2c176ceb8c0703484ef57ac4e4b54a26b4104c719accbc3380541a35b9.txt
[0;34m  Cache hit:[0m cache/storage-layout/CommunityAdminFacet-21328e4c5d04da2b927925acf69e59d1b80b1adc88cd9bc06e49aa07bbca662a.txt
[0;32m✓ MATCH[0m
  Checking CommunityMemberFacet... [0;34m  Cache hit:[0m cache/storage-layout/RegistryCommunity-e435dd2c176ceb8c0703484ef57ac4e4b54a26b4104c719accbc3380541a35b9.txt
[0;34m  Cache hit:[0m cache/storage-layout/CommunityMemberFacet-2df90697b14c68814cb3bef5d6f8cbcebe4d05007216e332162598cdb661e892.txt
[0;32m✓ MATCH[0m
  Checking CommunityPauseFacet... [0;34m  Cache hit:[0m cache/storage-layout/RegistryCommunity-e435dd2c176ceb8c0703484ef57ac4e4b54a26b4104c719accbc3380541a35b9.txt
[0;34m  Cache hit:[0m cache/storage-layout/CommunityPauseFacet-fccfdd45d13a69d9c7eeddbbadf3a8759034ac38a3e8bbb0189e5de5ef380685.txt
[0;32m✓ MATCH[0m
  Checking CommunityPoolFacet... [0;34m  Cache hit:[0m cache/storage-layout/RegistryCommunity-e435dd2c176ceb8c0703484ef57ac4e4b54a26b4104c719accbc3380541a35b9.txt
[0;34m  Cache hit:[0m cache/storage-layout/CommunityPoolFacet-b25bf00e5a3a093466fb37e8079605417b6f86e70629b0863de9a35694d9e25e.txt
[0;32m✓ MATCH[0m
  Checking CommunityPowerFacet... [0;34m  Cache hit:[0m cache/storage-layout/RegistryCommunity-e435dd2c176ceb8c0703484ef57ac4e4b54a26b4104c719accbc3380541a35b9.txt
[0;34m  Cache hit:[0m cache/storage-layout/CommunityPowerFacet-be6a53ab48ada11dd8e78b6d13370b1a11c63e48d9758f89cb0dec011e7778fe.txt
[0;32m✓ MATCH[0m
  Checking CommunityStrategyFacet... [0;34m  Cache hit:[0m cache/storage-layout/RegistryCommunity-e435dd2c176ceb8c0703484ef57ac4e4b54a26b4104c719accbc3380541a35b9.txt
[0;34m  Cache hit:[0m cache/storage-layout/CommunityStrategyFacet-6ee42d273c3961872afa04f5b966f89923a0deb1961632bd7cc0fa8dd7c08bd3.txt
[0;32m✓ MATCH[0m

[0;34m=== Processing RegistryFactory ===[0m
  Checking storage layout invariants... No files changed, compilation skipped
[0;32m✓ MATCH[0m

[0;34m=== Summary ===[0m
[0;32m✓ All storage layouts match![0m
[0;32m  Storage alignment verified (diamond facets + RegistryFactory).[0m
✅ Storage verification passed
Script ran successfully.

## Setting up 1 EVM.

==========================

Chain 100

Estimated gas price: 0.000000103 gwei

Estimated total gas used for script: 39964488

Estimated amount required: 0.000000004116342264 ETH

==========================


==========================

ONCHAIN EXECUTION COMPLETE & SUCCESSFUL.

Transactions saved to: /home/corantin/Documents/GitHub/gardens-v2/broadcast/RefreshFacetSnapshots.s.sol/100/run-latest.json

Sensitive values saved to: /home/corantin/Documents/GitHub/gardens-v2/cache/RefreshFacetSnapshots.s.sol/100/run-latest.json

No files changed, compilation skipped
Traces:
  [56240004] → new UpgradeCVMultichainProd@0x5b73C5498c1E3b4dbA84de0F1833c4a029d90519
    └─ ← [Return] 278730 bytes of code

  [17198758] UpgradeCVMultichainProd::run("gnosis")
    ├─ [0] VM::startBroadcast(0xb05A948B5c1b057B88D381bDe3A375EfEA87EbAD)
    │   └─ ← [Return]
    ├─ [0] VM::projectRoot() [staticcall]
    │   └─ ← [Return] "/home/corantin/Documents/GitHub/gardens-v2"
    ├─ [0] VM::readFile("/home/corantin/Documents/GitHub/gardens-v2/pkg/contracts/config/networks.json") [staticcall]
    │   └─ ← [Return] <file>
    ├─ [0] VM::parseJsonUint("<stringified JSON>", "$.networks[?(@.name=='gnosis')].chainId") [staticcall]
    │   └─ ← [Return] 100
    ├─ [0] VM::parseJsonString("<stringified JSON>", "$.networks[?(@.name=='gnosis')].name") [staticcall]
    │   └─ ← [Return] "gnosis"
    ├─ [0] VM::parseJsonAddress("<stringified JSON>", "$.networks[?(@.name=='gnosis')].ENVS.SENDER") [staticcall]
    │   └─ ← [Return] 0xb05A948B5c1b057B88D381bDe3A375EfEA87EbAD
    ├─ [2981408] → new RegistryFactory@0xDfaF617da31726Df09ffC65D87BF35A2bB19009F
    │   ├─ emit Initialized(version: 255)
    │   └─ ← [Return] 14773 bytes of code
    ├─ [3543110] → new RegistryCommunity@0xF2A97C9c5bdb7c927676Ff9A0362F9E6e341D93a
    │   ├─ emit Initialized(version: 255)
    │   └─ ← [Return] 17578 bytes of code
    ├─ [4622734] → new CVStrategy@0xF2095C429366EA60bD4c871131debDC42bf8BAb9
    │   ├─ emit Initialized(version: 255)
    │   └─ ← [Return] 22969 bytes of code
    ├─ [0] VM::parseJsonAddress("<stringified JSON>", "$.networks[?(@.name=='gnosis')].ENVS.PROXY_OWNER") [staticcall]
    │   └─ ← [Return] ERC1967Proxy: [0x91ab7A20cC3AeE799dF908fa1B2571fE8e07394A]
    ├─ [0] VM::parseJsonAddress("<stringified JSON>", "$.networks[?(@.name=='gnosis')].ENVS.PAUSE_CONTROLLER") [staticcall]
    │   └─ ← [Return] 0xce853207ce3e16E268f572eA982801b8045f0aFc
    ├─ [0] VM::projectRoot() [staticcall]
    │   └─ ← [Return] "/home/corantin/Documents/GitHub/gardens-v2"
    ├─ [0] VM::ffi(["bash", "-c", "jq -r '(.networks[] | select(.name==\"gnosis\") | .ENVS.STREAMING_ESCROW_FACTORY // empty)' /home/corantin/Documents/GitHub/gardens-v2/pkg/contracts/config/networks.json"])
    │   └─ ← [Return] 0x7472b2197b38233a97d0134d62ccd38aa4b93112
    ├─ [7272] ERC1967Proxy::fallback() [staticcall]
    │   ├─ [2405] ProxyOwner::owner() [delegatecall]
    │   │   └─ ← [Return] 0x9a17De1f0caD0c592F656410997E4B685d339029
    │   └─ ← [Return] 0x9a17De1f0caD0c592F656410997E4B685d339029
    ├─ [0] VM::parseJsonAddress("<stringified JSON>", "$.networks[?(@.name=='gnosis')].PROXIES.REGISTRY_FACTORY") [staticcall]
    │   └─ ← [Return] 0x08Df82f74D1f56F650E98da2dd4240F1A31711bc
    ├─ [0] VM::envOr("SKIP_PREFLIGHT", false) [staticcall]
    │   └─ ← [Return] <env var value>
    ├─ [0] VM::parseJsonAddressArray("<stringified JSON>", "$.networks[?(@.name=='gnosis')].PROXIES.REGISTRY_COMMUNITIES") [staticcall]
    │   └─ ← [Return] [0x2038F3b00ce19261fa558b2Bd06404c912Da3e85, 0x4D7a042B2Fb2504DD98E4C871CC134A8deD712Da, 0x57412C2483E686d1e180c59A6640322680F5A6D9, 0x6221D5E286cCE0d22fC6e0B2597D5D3cA98daCb1, 0x62Ce2d154D34b5AEfB9be02525CFffDBf934fF27, 0x69cAfe304Ac3c03C2ACD8F241BCc60A0BB4EAB82, 0x8F3112BceE3fB967a06DcB245F78F25E638ad56a, 0x99a454785C9859E5B61647D77a05Be1fA53f4D04, 0xA332129dD298D66f283A4cb48aE62641d9C276dd, 0xa8935addAbca48A9FC63A009f9313Fc59417B20C, 0xA9257a428dC6B192bd1ccc14c0a5a61476C767B9, 0xaEb5c6c69cC5B9C10Dd5c5176Af83E632320FCeA, 0xb1c68994C857C76a0eDd8E4fa2bA77FBCC8A8199, 0xb8AD4B6ba0fDe413fdeE6f84Fc989858c2894092, 0xc071Cf74624e3c810d73c60025f15d4891A7D8bF, 0xD1762a765cd0abAC9A004Fb95194Aa022da76Abe, 0xD4b7557d8d859c2A3ddC8DeE4bFB3d6f6EA55B6B, 0xDA9Bcf61d7CB66475C34784c328232d2e7e2F6cF, 0xdC58b6A18E343cde31ea070DEf9f950141d71865, 0xE2396fe2169ca026962971d3B2E373Ba925B6257, 0xe33E18b5887cf16ad4E351E98980eb5f50727c31]
    ├─ [141713] ERC1967Proxy::fallback() [staticcall]
    │   ├─ [136810] RegistryCommunity::fallback() [delegatecall]
    │   │   ├─ [130157] DiamondLoupeFacet::facetAddresses() [delegatecall]
    │   │   │   └─ ← [Return] [0x2e34054dEfFf08386957528BD1862a5d700eD5b5, 0x4c7baAE32Dc25e89CB837b6719d6f95cd23Fa7e0, 0x3A8CC70eb24e7075Ab3CfE2B4572208CD6657040, 0xEB90a5821C417B1F4e95bf95585d62eAA9dE7477, 0xCc343e2aC80Bc5a4886B6F7584Af5e9EAFEdDee8, 0x744D260d7cB764594277840c98118e9EbEE1E55A]
    │   │   └─ ← [Return] [0x2e34054dEfFf08386957528BD1862a5d700eD5b5, 0x4c7baAE32Dc25e89CB837b6719d6f95cd23Fa7e0, 0x3A8CC70eb24e7075Ab3CfE2B4572208CD6657040, 0xEB90a5821C417B1F4e95bf95585d62eAA9dE7477, 0xCc343e2aC80Bc5a4886B6F7584Af5e9EAFEdDee8, 0x744D260d7cB764594277840c98118e9EbEE1E55A]
    │   └─ ← [Return] [0x2e34054dEfFf08386957528BD1862a5d700eD5b5, 0x4c7baAE32Dc25e89CB837b6719d6f95cd23Fa7e0, 0x3A8CC70eb24e7075Ab3CfE2B4572208CD6657040, 0xEB90a5821C417B1F4e95bf95585d62eAA9dE7477, 0xCc343e2aC80Bc5a4886B6F7584Af5e9EAFEdDee8, 0x744D260d7cB764594277840c98118e9EbEE1E55A]
    ├─ [136713] 0x4D7a042B2Fb2504DD98E4C871CC134A8deD712Da::facetAddresses() [staticcall]
    │   ├─ [134310] RegistryCommunity::fallback() [delegatecall]
    │   │   ├─ [130157] DiamondLoupeFacet::facetAddresses() [delegatecall]
    │   │   │   └─ ← [Return] [0x2e34054dEfFf08386957528BD1862a5d700eD5b5, 0x4c7baAE32Dc25e89CB837b6719d6f95cd23Fa7e0, 0x3A8CC70eb24e7075Ab3CfE2B4572208CD6657040, 0xEB90a5821C417B1F4e95bf95585d62eAA9dE7477, 0xCc343e2aC80Bc5a4886B6F7584Af5e9EAFEdDee8, 0x744D260d7cB764594277840c98118e9EbEE1E55A]
    │   │   └─ ← [Return] [0x2e34054dEfFf08386957528BD1862a5d700eD5b5, 0x4c7baAE32Dc25e89CB837b6719d6f95cd23Fa7e0, 0x3A8CC70eb24e7075Ab3CfE2B4572208CD6657040, 0xEB90a5821C417B1F4e95bf95585d62eAA9dE7477, 0xCc343e2aC80Bc5a4886B6F7584Af5e9EAFEdDee8, 0x744D260d7cB764594277840c98118e9EbEE1E55A]
    │   └─ ← [Return] [0x2e34054dEfFf08386957528BD1862a5d700eD5b5, 0x4c7baAE32Dc25e89CB837b6719d6f95cd23Fa7e0, 0x3A8CC70eb24e7075Ab3CfE2B4572208CD6657040, 0xEB90a5821C417B1F4e95bf95585d62eAA9dE7477, 0xCc343e2aC80Bc5a4886B6F7584Af5e9EAFEdDee8, 0x744D260d7cB764594277840c98118e9EbEE1E55A]
    ├─ [136713] 0x57412C2483E686d1e180c59A6640322680F5A6D9::facetAddresses() [staticcall]
    │   ├─ [134310] RegistryCommunity::fallback() [delegatecall]
    │   │   ├─ [130157] DiamondLoupeFacet::facetAddresses() [delegatecall]
    │   │   │   └─ ← [Return] [0x2e34054dEfFf08386957528BD1862a5d700eD5b5, 0x4c7baAE32Dc25e89CB837b6719d6f95cd23Fa7e0, 0x3A8CC70eb24e7075Ab3CfE2B4572208CD6657040, 0xEB90a5821C417B1F4e95bf95585d62eAA9dE7477, 0xCc343e2aC80Bc5a4886B6F7584Af5e9EAFEdDee8, 0x744D260d7cB764594277840c98118e9EbEE1E55A]
    │   │   └─ ← [Return] [0x2e34054dEfFf08386957528BD1862a5d700eD5b5, 0x4c7baAE32Dc25e89CB837b6719d6f95cd23Fa7e0, 0x3A8CC70eb24e7075Ab3CfE2B4572208CD6657040, 0xEB90a5821C417B1F4e95bf95585d62eAA9dE7477, 0xCc343e2aC80Bc5a4886B6F7584Af5e9EAFEdDee8, 0x744D260d7cB764594277840c98118e9EbEE1E55A]
    │   └─ ← [Return] [0x2e34054dEfFf08386957528BD1862a5d700eD5b5, 0x4c7baAE32Dc25e89CB837b6719d6f95cd23Fa7e0, 0x3A8CC70eb24e7075Ab3CfE2B4572208CD6657040, 0xEB90a5821C417B1F4e95bf95585d62eAA9dE7477, 0xCc343e2aC80Bc5a4886B6F7584Af5e9EAFEdDee8, 0x744D260d7cB764594277840c98118e9EbEE1E55A]
    ├─ [136713] 0x6221D5E286cCE0d22fC6e0B2597D5D3cA98daCb1::facetAddresses() [staticcall]
    │   ├─ [134310] RegistryCommunity::fallback() [delegatecall]
    │   │   ├─ [130157] DiamondLoupeFacet::facetAddresses() [delegatecall]
    │   │   │   └─ ← [Return] [0x2e34054dEfFf08386957528BD1862a5d700eD5b5, 0x4c7baAE32Dc25e89CB837b6719d6f95cd23Fa7e0, 0x3A8CC70eb24e7075Ab3CfE2B4572208CD6657040, 0xEB90a5821C417B1F4e95bf95585d62eAA9dE7477, 0xCc343e2aC80Bc5a4886B6F7584Af5e9EAFEdDee8, 0x744D260d7cB764594277840c98118e9EbEE1E55A]
    │   │   └─ ← [Return] [0x2e34054dEfFf08386957528BD1862a5d700eD5b5, 0x4c7baAE32Dc25e89CB837b6719d6f95cd23Fa7e0, 0x3A8CC70eb24e7075Ab3CfE2B4572208CD6657040, 0xEB90a5821C417B1F4e95bf95585d62eAA9dE7477, 0xCc343e2aC80Bc5a4886B6F7584Af5e9EAFEdDee8, 0x744D260d7cB764594277840c98118e9EbEE1E55A]
    │   └─ ← [Return] [0x2e34054dEfFf08386957528BD1862a5d700eD5b5, 0x4c7baAE32Dc25e89CB837b6719d6f95cd23Fa7e0, 0x3A8CC70eb24e7075Ab3CfE2B4572208CD6657040, 0xEB90a5821C417B1F4e95bf95585d62eAA9dE7477, 0xCc343e2aC80Bc5a4886B6F7584Af5e9EAFEdDee8, 0x744D260d7cB764594277840c98118e9EbEE1E55A]
    ├─ [136713] 0x62Ce2d154D34b5AEfB9be02525CFffDBf934fF27::facetAddresses() [staticcall]
    │   ├─ [134310] RegistryCommunity::fallback() [delegatecall]
    │   │   ├─ [130157] DiamondLoupeFacet::facetAddresses() [delegatecall]
    │   │   │   └─ ← [Return] [0x2e34054dEfFf08386957528BD1862a5d700eD5b5, 0x4c7baAE32Dc25e89CB837b6719d6f95cd23Fa7e0, 0x3A8CC70eb24e7075Ab3CfE2B4572208CD6657040, 0xEB90a5821C417B1F4e95bf95585d62eAA9dE7477, 0xCc343e2aC80Bc5a4886B6F7584Af5e9EAFEdDee8, 0x744D260d7cB764594277840c98118e9EbEE1E55A]
    │   │   └─ ← [Return] [0x2e34054dEfFf08386957528BD1862a5d700eD5b5, 0x4c7baAE32Dc25e89CB837b6719d6f95cd23Fa7e0, 0x3A8CC70eb24e7075Ab3CfE2B4572208CD6657040, 0xEB90a5821C417B1F4e95bf95585d62eAA9dE7477, 0xCc343e2aC80Bc5a4886B6F7584Af5e9EAFEdDee8, 0x744D260d7cB764594277840c98118e9EbEE1E55A]
    │   └─ ← [Return] [0x2e34054dEfFf08386957528BD1862a5d700eD5b5, 0x4c7baAE32Dc25e89CB837b6719d6f95cd23Fa7e0, 0x3A8CC70eb24e7075Ab3CfE2B4572208CD6657040, 0xEB90a5821C417B1F4e95bf95585d62eAA9dE7477, 0xCc343e2aC80Bc5a4886B6F7584Af5e9EAFEdDee8, 0x744D260d7cB764594277840c98118e9EbEE1E55A]
    ├─ [136713] 0x69cAfe304Ac3c03C2ACD8F241BCc60A0BB4EAB82::facetAddresses() [staticcall]
    │   ├─ [134310] RegistryCommunity::fallback() [delegatecall]
    │   │   ├─ [130157] DiamondLoupeFacet::facetAddresses() [delegatecall]
    │   │   │   └─ ← [Return] [0x2e34054dEfFf08386957528BD1862a5d700eD5b5, 0x4c7baAE32Dc25e89CB837b6719d6f95cd23Fa7e0, 0x3A8CC70eb24e7075Ab3CfE2B4572208CD6657040, 0xEB90a5821C417B1F4e95bf95585d62eAA9dE7477, 0xCc343e2aC80Bc5a4886B6F7584Af5e9EAFEdDee8, 0x744D260d7cB764594277840c98118e9EbEE1E55A]
    │   │   └─ ← [Return] [0x2e34054dEfFf08386957528BD1862a5d700eD5b5, 0x4c7baAE32Dc25e89CB837b6719d6f95cd23Fa7e0, 0x3A8CC70eb24e7075Ab3CfE2B4572208CD6657040, 0xEB90a5821C417B1F4e95bf95585d62eAA9dE7477, 0xCc343e2aC80Bc5a4886B6F7584Af5e9EAFEdDee8, 0x744D260d7cB764594277840c98118e9EbEE1E55A]
    │   └─ ← [Return] [0x2e34054dEfFf08386957528BD1862a5d700eD5b5, 0x4c7baAE32Dc25e89CB837b6719d6f95cd23Fa7e0, 0x3A8CC70eb24e7075Ab3CfE2B4572208CD6657040, 0xEB90a5821C417B1F4e95bf95585d62eAA9dE7477, 0xCc343e2aC80Bc5a4886B6F7584Af5e9EAFEdDee8, 0x744D260d7cB764594277840c98118e9EbEE1E55A]
    ├─ [136713] 0x8F3112BceE3fB967a06DcB245F78F25E638ad56a::facetAddresses() [staticcall]
    │   ├─ [134310] RegistryCommunity::fallback() [delegatecall]
    │   │   ├─ [130157] DiamondLoupeFacet::facetAddresses() [delegatecall]
    │   │   │   └─ ← [Return] [0x2e34054dEfFf08386957528BD1862a5d700eD5b5, 0x4c7baAE32Dc25e89CB837b6719d6f95cd23Fa7e0, 0x3A8CC70eb24e7075Ab3CfE2B4572208CD6657040, 0xEB90a5821C417B1F4e95bf95585d62eAA9dE7477, 0xCc343e2aC80Bc5a4886B6F7584Af5e9EAFEdDee8, 0x744D260d7cB764594277840c98118e9EbEE1E55A]
    │   │   └─ ← [Return] [0x2e34054dEfFf08386957528BD1862a5d700eD5b5, 0x4c7baAE32Dc25e89CB837b6719d6f95cd23Fa7e0, 0x3A8CC70eb24e7075Ab3CfE2B4572208CD6657040, 0xEB90a5821C417B1F4e95bf95585d62eAA9dE7477, 0xCc343e2aC80Bc5a4886B6F7584Af5e9EAFEdDee8, 0x744D260d7cB764594277840c98118e9EbEE1E55A]
    │   └─ ← [Return] [0x2e34054dEfFf08386957528BD1862a5d700eD5b5, 0x4c7baAE32Dc25e89CB837b6719d6f95cd23Fa7e0, 0x3A8CC70eb24e7075Ab3CfE2B4572208CD6657040, 0xEB90a5821C417B1F4e95bf95585d62eAA9dE7477, 0xCc343e2aC80Bc5a4886B6F7584Af5e9EAFEdDee8, 0x744D260d7cB764594277840c98118e9EbEE1E55A]
    ├─ [136713] 0x99a454785C9859E5B61647D77a05Be1fA53f4D04::facetAddresses() [staticcall]
    │   ├─ [134310] RegistryCommunity::fallback() [delegatecall]
    │   │   ├─ [130157] DiamondLoupeFacet::facetAddresses() [delegatecall]
    │   │   │   └─ ← [Return] [0x2e34054dEfFf08386957528BD1862a5d700eD5b5, 0x4c7baAE32Dc25e89CB837b6719d6f95cd23Fa7e0, 0x3A8CC70eb24e7075Ab3CfE2B4572208CD6657040, 0xEB90a5821C417B1F4e95bf95585d62eAA9dE7477, 0xCc343e2aC80Bc5a4886B6F7584Af5e9EAFEdDee8, 0x744D260d7cB764594277840c98118e9EbEE1E55A]
    │   │   └─ ← [Return] [0x2e34054dEfFf08386957528BD1862a5d700eD5b5, 0x4c7baAE32Dc25e89CB837b6719d6f95cd23Fa7e0, 0x3A8CC70eb24e7075Ab3CfE2B4572208CD6657040, 0xEB90a5821C417B1F4e95bf95585d62eAA9dE7477, 0xCc343e2aC80Bc5a4886B6F7584Af5e9EAFEdDee8, 0x744D260d7cB764594277840c98118e9EbEE1E55A]
    │   └─ ← [Return] [0x2e34054dEfFf08386957528BD1862a5d700eD5b5, 0x4c7baAE32Dc25e89CB837b6719d6f95cd23Fa7e0, 0x3A8CC70eb24e7075Ab3CfE2B4572208CD6657040, 0xEB90a5821C417B1F4e95bf95585d62eAA9dE7477, 0xCc343e2aC80Bc5a4886B6F7584Af5e9EAFEdDee8, 0x744D260d7cB764594277840c98118e9EbEE1E55A]
    ├─ [136713] 0xA332129dD298D66f283A4cb48aE62641d9C276dd::facetAddresses() [staticcall]
    │   ├─ [134310] RegistryCommunity::fallback() [delegatecall]
    │   │   ├─ [130157] DiamondLoupeFacet::facetAddresses() [delegatecall]
    │   │   │   └─ ← [Return] [0x2e34054dEfFf08386957528BD1862a5d700eD5b5, 0x4c7baAE32Dc25e89CB837b6719d6f95cd23Fa7e0, 0x3A8CC70eb24e7075Ab3CfE2B4572208CD6657040, 0xEB90a5821C417B1F4e95bf95585d62eAA9dE7477, 0xCc343e2aC80Bc5a4886B6F7584Af5e9EAFEdDee8, 0x744D260d7cB764594277840c98118e9EbEE1E55A]
    │   │   └─ ← [Return] [0x2e34054dEfFf08386957528BD1862a5d700eD5b5, 0x4c7baAE32Dc25e89CB837b6719d6f95cd23Fa7e0, 0x3A8CC70eb24e7075Ab3CfE2B4572208CD6657040, 0xEB90a5821C417B1F4e95bf95585d62eAA9dE7477, 0xCc343e2aC80Bc5a4886B6F7584Af5e9EAFEdDee8, 0x744D260d7cB764594277840c98118e9EbEE1E55A]
    │   └─ ← [Return] [0x2e34054dEfFf08386957528BD1862a5d700eD5b5, 0x4c7baAE32Dc25e89CB837b6719d6f95cd23Fa7e0, 0x3A8CC70eb24e7075Ab3CfE2B4572208CD6657040, 0xEB90a5821C417B1F4e95bf95585d62eAA9dE7477, 0xCc343e2aC80Bc5a4886B6F7584Af5e9EAFEdDee8, 0x744D260d7cB764594277840c98118e9EbEE1E55A]
    ├─ [136713] 0xa8935addAbca48A9FC63A009f9313Fc59417B20C::facetAddresses() [staticcall]
    │   ├─ [134310] RegistryCommunity::fallback() [delegatecall]
    │   │   ├─ [130157] DiamondLoupeFacet::facetAddresses() [delegatecall]
    │   │   │   └─ ← [Return] [0x2e34054dEfFf08386957528BD1862a5d700eD5b5, 0x4c7baAE32Dc25e89CB837b6719d6f95cd23Fa7e0, 0x3A8CC70eb24e7075Ab3CfE2B4572208CD6657040, 0xEB90a5821C417B1F4e95bf95585d62eAA9dE7477, 0xCc343e2aC80Bc5a4886B6F7584Af5e9EAFEdDee8, 0x744D260d7cB764594277840c98118e9EbEE1E55A]
    │   │   └─ ← [Return] [0x2e34054dEfFf08386957528BD1862a5d700eD5b5, 0x4c7baAE32Dc25e89CB837b6719d6f95cd23Fa7e0, 0x3A8CC70eb24e7075Ab3CfE2B4572208CD6657040, 0xEB90a5821C417B1F4e95bf95585d62eAA9dE7477, 0xCc343e2aC80Bc5a4886B6F7584Af5e9EAFEdDee8, 0x744D260d7cB764594277840c98118e9EbEE1E55A]
    │   └─ ← [Return] [0x2e34054dEfFf08386957528BD1862a5d700eD5b5, 0x4c7baAE32Dc25e89CB837b6719d6f95cd23Fa7e0, 0x3A8CC70eb24e7075Ab3CfE2B4572208CD6657040, 0xEB90a5821C417B1F4e95bf95585d62eAA9dE7477, 0xCc343e2aC80Bc5a4886B6F7584Af5e9EAFEdDee8, 0x744D260d7cB764594277840c98118e9EbEE1E55A]
    ├─ [136713] 0xA9257a428dC6B192bd1ccc14c0a5a61476C767B9::facetAddresses() [staticcall]
    │   ├─ [134310] RegistryCommunity::fallback() [delegatecall]
    │   │   ├─ [130157] DiamondLoupeFacet::facetAddresses() [delegatecall]
    │   │   │   └─ ← [Return] [0x2e34054dEfFf08386957528BD1862a5d700eD5b5, 0x4c7baAE32Dc25e89CB837b6719d6f95cd23Fa7e0, 0x3A8CC70eb24e7075Ab3CfE2B4572208CD6657040, 0xEB90a5821C417B1F4e95bf95585d62eAA9dE7477, 0xCc343e2aC80Bc5a4886B6F7584Af5e9EAFEdDee8, 0x744D260d7cB764594277840c98118e9EbEE1E55A]
    │   │   └─ ← [Return] [0x2e34054dEfFf08386957528BD1862a5d700eD5b5, 0x4c7baAE32Dc25e89CB837b6719d6f95cd23Fa7e0, 0x3A8CC70eb24e7075Ab3CfE2B4572208CD6657040, 0xEB90a5821C417B1F4e95bf95585d62eAA9dE7477, 0xCc343e2aC80Bc5a4886B6F7584Af5e9EAFEdDee8, 0x744D260d7cB764594277840c98118e9EbEE1E55A]
    │   └─ ← [Return] [0x2e34054dEfFf08386957528BD1862a5d700eD5b5, 0x4c7baAE32Dc25e89CB837b6719d6f95cd23Fa7e0, 0x3A8CC70eb24e7075Ab3CfE2B4572208CD6657040, 0xEB90a5821C417B1F4e95bf95585d62eAA9dE7477, 0xCc343e2aC80Bc5a4886B6F7584Af5e9EAFEdDee8, 0x744D260d7cB764594277840c98118e9EbEE1E55A]
    ├─ [136713] 0xaEb5c6c69cC5B9C10Dd5c5176Af83E632320FCeA::facetAddresses() [staticcall]
    │   ├─ [134310] RegistryCommunity::fallback() [delegatecall]
    │   │   ├─ [130157] DiamondLoupeFacet::facetAddresses() [delegatecall]
    │   │   │   └─ ← [Return] [0x2e34054dEfFf08386957528BD1862a5d700eD5b5, 0x4c7baAE32Dc25e89CB837b6719d6f95cd23Fa7e0, 0x3A8CC70eb24e7075Ab3CfE2B4572208CD6657040, 0xEB90a5821C417B1F4e95bf95585d62eAA9dE7477, 0xCc343e2aC80Bc5a4886B6F7584Af5e9EAFEdDee8, 0x744D260d7cB764594277840c98118e9EbEE1E55A]
    │   │   └─ ← [Return] [0x2e34054dEfFf08386957528BD1862a5d700eD5b5, 0x4c7baAE32Dc25e89CB837b6719d6f95cd23Fa7e0, 0x3A8CC70eb24e7075Ab3CfE2B4572208CD6657040, 0xEB90a5821C417B1F4e95bf95585d62eAA9dE7477, 0xCc343e2aC80Bc5a4886B6F7584Af5e9EAFEdDee8, 0x744D260d7cB764594277840c98118e9EbEE1E55A]
    │   └─ ← [Return] [0x2e34054dEfFf08386957528BD1862a5d700eD5b5, 0x4c7baAE32Dc25e89CB837b6719d6f95cd23Fa7e0, 0x3A8CC70eb24e7075Ab3CfE2B4572208CD6657040, 0xEB90a5821C417B1F4e95bf95585d62eAA9dE7477, 0xCc343e2aC80Bc5a4886B6F7584Af5e9EAFEdDee8, 0x744D260d7cB764594277840c98118e9EbEE1E55A]
    ├─ [136713] 0xb1c68994C857C76a0eDd8E4fa2bA77FBCC8A8199::facetAddresses() [staticcall]
    │   ├─ [134310] RegistryCommunity::fallback() [delegatecall]
    │   │   ├─ [130157] DiamondLoupeFacet::facetAddresses() [delegatecall]
    │   │   │   └─ ← [Return] [0x2e34054dEfFf08386957528BD1862a5d700eD5b5, 0x4c7baAE32Dc25e89CB837b6719d6f95cd23Fa7e0, 0x3A8CC70eb24e7075Ab3CfE2B4572208CD6657040, 0xEB90a5821C417B1F4e95bf95585d62eAA9dE7477, 0xCc343e2aC80Bc5a4886B6F7584Af5e9EAFEdDee8, 0x744D260d7cB764594277840c98118e9EbEE1E55A]
    │   │   └─ ← [Return] [0x2e34054dEfFf08386957528BD1862a5d700eD5b5, 0x4c7baAE32Dc25e89CB837b6719d6f95cd23Fa7e0, 0x3A8CC70eb24e7075Ab3CfE2B4572208CD6657040, 0xEB90a5821C417B1F4e95bf95585d62eAA9dE7477, 0xCc343e2aC80Bc5a4886B6F7584Af5e9EAFEdDee8, 0x744D260d7cB764594277840c98118e9EbEE1E55A]
    │   └─ ← [Return] [0x2e34054dEfFf08386957528BD1862a5d700eD5b5, 0x4c7baAE32Dc25e89CB837b6719d6f95cd23Fa7e0, 0x3A8CC70eb24e7075Ab3CfE2B4572208CD6657040, 0xEB90a5821C417B1F4e95bf95585d62eAA9dE7477, 0xCc343e2aC80Bc5a4886B6F7584Af5e9EAFEdDee8, 0x744D260d7cB764594277840c98118e9EbEE1E55A]
    ├─ [136713] 0xb8AD4B6ba0fDe413fdeE6f84Fc989858c2894092::facetAddresses() [staticcall]
    │   ├─ [134310] RegistryCommunity::fallback() [delegatecall]
    │   │   ├─ [130157] DiamondLoupeFacet::facetAddresses() [delegatecall]
    │   │   │   └─ ← [Return] [0x2e34054dEfFf08386957528BD1862a5d700eD5b5, 0x4c7baAE32Dc25e89CB837b6719d6f95cd23Fa7e0, 0x3A8CC70eb24e7075Ab3CfE2B4572208CD6657040, 0xEB90a5821C417B1F4e95bf95585d62eAA9dE7477, 0xCc343e2aC80Bc5a4886B6F7584Af5e9EAFEdDee8, 0x744D260d7cB764594277840c98118e9EbEE1E55A]
    │   │   └─ ← [Return] [0x2e34054dEfFf08386957528BD1862a5d700eD5b5, 0x4c7baAE32Dc25e89CB837b6719d6f95cd23Fa7e0, 0x3A8CC70eb24e7075Ab3CfE2B4572208CD6657040, 0xEB90a5821C417B1F4e95bf95585d62eAA9dE7477, 0xCc343e2aC80Bc5a4886B6F7584Af5e9EAFEdDee8, 0x744D260d7cB764594277840c98118e9EbEE1E55A]
    │   └─ ← [Return] [0x2e34054dEfFf08386957528BD1862a5d700eD5b5, 0x4c7baAE32Dc25e89CB837b6719d6f95cd23Fa7e0, 0x3A8CC70eb24e7075Ab3CfE2B4572208CD6657040, 0xEB90a5821C417B1F4e95bf95585d62eAA9dE7477, 0xCc343e2aC80Bc5a4886B6F7584Af5e9EAFEdDee8, 0x744D260d7cB764594277840c98118e9EbEE1E55A]
    ├─ [136713] 0xc071Cf74624e3c810d73c60025f15d4891A7D8bF::facetAddresses() [staticcall]
    │   ├─ [134310] RegistryCommunity::fallback() [delegatecall]
    │   │   ├─ [130157] DiamondLoupeFacet::facetAddresses() [delegatecall]
    │   │   │   └─ ← [Return] [0x2e34054dEfFf08386957528BD1862a5d700eD5b5, 0x4c7baAE32Dc25e89CB837b6719d6f95cd23Fa7e0, 0x3A8CC70eb24e7075Ab3CfE2B4572208CD6657040, 0xEB90a5821C417B1F4e95bf95585d62eAA9dE7477, 0xCc343e2aC80Bc5a4886B6F7584Af5e9EAFEdDee8, 0x744D260d7cB764594277840c98118e9EbEE1E55A]
    │   │   └─ ← [Return] [0x2e34054dEfFf08386957528BD1862a5d700eD5b5, 0x4c7baAE32Dc25e89CB837b6719d6f95cd23Fa7e0, 0x3A8CC70eb24e7075Ab3CfE2B4572208CD6657040, 0xEB90a5821C417B1F4e95bf95585d62eAA9dE7477, 0xCc343e2aC80Bc5a4886B6F7584Af5e9EAFEdDee8, 0x744D260d7cB764594277840c98118e9EbEE1E55A]
    │   └─ ← [Return] [0x2e34054dEfFf08386957528BD1862a5d700eD5b5, 0x4c7baAE32Dc25e89CB837b6719d6f95cd23Fa7e0, 0x3A8CC70eb24e7075Ab3CfE2B4572208CD6657040, 0xEB90a5821C417B1F4e95bf95585d62eAA9dE7477, 0xCc343e2aC80Bc5a4886B6F7584Af5e9EAFEdDee8, 0x744D260d7cB764594277840c98118e9EbEE1E55A]
    ├─ [136713] 0xD1762a765cd0abAC9A004Fb95194Aa022da76Abe::facetAddresses() [staticcall]
    │   ├─ [134310] RegistryCommunity::fallback() [delegatecall]
    │   │   ├─ [130157] DiamondLoupeFacet::facetAddresses() [delegatecall]
    │   │   │   └─ ← [Return] [0x2e34054dEfFf08386957528BD1862a5d700eD5b5, 0x4c7baAE32Dc25e89CB837b6719d6f95cd23Fa7e0, 0x3A8CC70eb24e7075Ab3CfE2B4572208CD6657040, 0xEB90a5821C417B1F4e95bf95585d62eAA9dE7477, 0xCc343e2aC80Bc5a4886B6F7584Af5e9EAFEdDee8, 0x744D260d7cB764594277840c98118e9EbEE1E55A]
    │   │   └─ ← [Return] [0x2e34054dEfFf08386957528BD1862a5d700eD5b5, 0x4c7baAE32Dc25e89CB837b6719d6f95cd23Fa7e0, 0x3A8CC70eb24e7075Ab3CfE2B4572208CD6657040, 0xEB90a5821C417B1F4e95bf95585d62eAA9dE7477, 0xCc343e2aC80Bc5a4886B6F7584Af5e9EAFEdDee8, 0x744D260d7cB764594277840c98118e9EbEE1E55A]
    │   └─ ← [Return] [0x2e34054dEfFf08386957528BD1862a5d700eD5b5, 0x4c7baAE32Dc25e89CB837b6719d6f95cd23Fa7e0, 0x3A8CC70eb24e7075Ab3CfE2B4572208CD6657040, 0xEB90a5821C417B1F4e95bf95585d62eAA9dE7477, 0xCc343e2aC80Bc5a4886B6F7584Af5e9EAFEdDee8, 0x744D260d7cB764594277840c98118e9EbEE1E55A]
    ├─ [136713] 0xD4b7557d8d859c2A3ddC8DeE4bFB3d6f6EA55B6B::facetAddresses() [staticcall]
    │   ├─ [134310] RegistryCommunity::fallback() [delegatecall]
    │   │   ├─ [130157] DiamondLoupeFacet::facetAddresses() [delegatecall]
    │   │   │   └─ ← [Return] [0x2e34054dEfFf08386957528BD1862a5d700eD5b5, 0x4c7baAE32Dc25e89CB837b6719d6f95cd23Fa7e0, 0x3A8CC70eb24e7075Ab3CfE2B4572208CD6657040, 0xEB90a5821C417B1F4e95bf95585d62eAA9dE7477, 0xCc343e2aC80Bc5a4886B6F7584Af5e9EAFEdDee8, 0x744D260d7cB764594277840c98118e9EbEE1E55A]
    │   │   └─ ← [Return] [0x2e34054dEfFf08386957528BD1862a5d700eD5b5, 0x4c7baAE32Dc25e89CB837b6719d6f95cd23Fa7e0, 0x3A8CC70eb24e7075Ab3CfE2B4572208CD6657040, 0xEB90a5821C417B1F4e95bf95585d62eAA9dE7477, 0xCc343e2aC80Bc5a4886B6F7584Af5e9EAFEdDee8, 0x744D260d7cB764594277840c98118e9EbEE1E55A]
    │   └─ ← [Return] [0x2e34054dEfFf08386957528BD1862a5d700eD5b5, 0x4c7baAE32Dc25e89CB837b6719d6f95cd23Fa7e0, 0x3A8CC70eb24e7075Ab3CfE2B4572208CD6657040, 0xEB90a5821C417B1F4e95bf95585d62eAA9dE7477, 0xCc343e2aC80Bc5a4886B6F7584Af5e9EAFEdDee8, 0x744D260d7cB764594277840c98118e9EbEE1E55A]
    ├─ [136713] 0xDA9Bcf61d7CB66475C34784c328232d2e7e2F6cF::facetAddresses() [staticcall]
    │   ├─ [134310] RegistryCommunity::fallback() [delegatecall]
    │   │   ├─ [130157] DiamondLoupeFacet::facetAddresses() [delegatecall]
    │   │   │   └─ ← [Return] [0x2e34054dEfFf08386957528BD1862a5d700eD5b5, 0x4c7baAE32Dc25e89CB837b6719d6f95cd23Fa7e0, 0x3A8CC70eb24e7075Ab3CfE2B4572208CD6657040, 0xEB90a5821C417B1F4e95bf95585d62eAA9dE7477, 0xCc343e2aC80Bc5a4886B6F7584Af5e9EAFEdDee8, 0x744D260d7cB764594277840c98118e9EbEE1E55A]
    │   │   └─ ← [Return] [0x2e34054dEfFf08386957528BD1862a5d700eD5b5, 0x4c7baAE32Dc25e89CB837b6719d6f95cd23Fa7e0, 0x3A8CC70eb24e7075Ab3CfE2B4572208CD6657040, 0xEB90a5821C417B1F4e95bf95585d62eAA9dE7477, 0xCc343e2aC80Bc5a4886B6F7584Af5e9EAFEdDee8, 0x744D260d7cB764594277840c98118e9EbEE1E55A]
    │   └─ ← [Return] [0x2e34054dEfFf08386957528BD1862a5d700eD5b5, 0x4c7baAE32Dc25e89CB837b6719d6f95cd23Fa7e0, 0x3A8CC70eb24e7075Ab3CfE2B4572208CD6657040, 0xEB90a5821C417B1F4e95bf95585d62eAA9dE7477, 0xCc343e2aC80Bc5a4886B6F7584Af5e9EAFEdDee8, 0x744D260d7cB764594277840c98118e9EbEE1E55A]
    ├─ [136713] 0xdC58b6A18E343cde31ea070DEf9f950141d71865::facetAddresses() [staticcall]
    │   ├─ [134310] RegistryCommunity::fallback() [delegatecall]
    │   │   ├─ [130157] DiamondLoupeFacet::facetAddresses() [delegatecall]
    │   │   │   └─ ← [Return] [0x2e34054dEfFf08386957528BD1862a5d700eD5b5, 0x4c7baAE32Dc25e89CB837b6719d6f95cd23Fa7e0, 0x3A8CC70eb24e7075Ab3CfE2B4572208CD6657040, 0xEB90a5821C417B1F4e95bf95585d62eAA9dE7477, 0xCc343e2aC80Bc5a4886B6F7584Af5e9EAFEdDee8, 0x744D260d7cB764594277840c98118e9EbEE1E55A]
    │   │   └─ ← [Return] [0x2e34054dEfFf08386957528BD1862a5d700eD5b5, 0x4c7baAE32Dc25e89CB837b6719d6f95cd23Fa7e0, 0x3A8CC70eb24e7075Ab3CfE2B4572208CD6657040, 0xEB90a5821C417B1F4e95bf95585d62eAA9dE7477, 0xCc343e2aC80Bc5a4886B6F7584Af5e9EAFEdDee8, 0x744D260d7cB764594277840c98118e9EbEE1E55A]
    │   └─ ← [Return] [0x2e34054dEfFf08386957528BD1862a5d700eD5b5, 0x4c7baAE32Dc25e89CB837b6719d6f95cd23Fa7e0, 0x3A8CC70eb24e7075Ab3CfE2B4572208CD6657040, 0xEB90a5821C417B1F4e95bf95585d62eAA9dE7477, 0xCc343e2aC80Bc5a4886B6F7584Af5e9EAFEdDee8, 0x744D260d7cB764594277840c98118e9EbEE1E55A]
    ├─ [136713] 0xE2396fe2169ca026962971d3B2E373Ba925B6257::facetAddresses() [staticcall]
    │   ├─ [134310] RegistryCommunity::fallback() [delegatecall]
    │   │   ├─ [130157] DiamondLoupeFacet::facetAddresses() [delegatecall]
    │   │   │   └─ ← [Return] [0x2e34054dEfFf08386957528BD1862a5d700eD5b5, 0x4c7baAE32Dc25e89CB837b6719d6f95cd23Fa7e0, 0x3A8CC70eb24e7075Ab3CfE2B4572208CD6657040, 0xEB90a5821C417B1F4e95bf95585d62eAA9dE7477, 0xCc343e2aC80Bc5a4886B6F7584Af5e9EAFEdDee8, 0x744D260d7cB764594277840c98118e9EbEE1E55A]
    │   │   └─ ← [Return] [0x2e34054dEfFf08386957528BD1862a5d700eD5b5, 0x4c7baAE32Dc25e89CB837b6719d6f95cd23Fa7e0, 0x3A8CC70eb24e7075Ab3CfE2B4572208CD6657040, 0xEB90a5821C417B1F4e95bf95585d62eAA9dE7477, 0xCc343e2aC80Bc5a4886B6F7584Af5e9EAFEdDee8, 0x744D260d7cB764594277840c98118e9EbEE1E55A]
    │   └─ ← [Return] [0x2e34054dEfFf08386957528BD1862a5d700eD5b5, 0x4c7baAE32Dc25e89CB837b6719d6f95cd23Fa7e0, 0x3A8CC70eb24e7075Ab3CfE2B4572208CD6657040, 0xEB90a5821C417B1F4e95bf95585d62eAA9dE7477, 0xCc343e2aC80Bc5a4886B6F7584Af5e9EAFEdDee8, 0x744D260d7cB764594277840c98118e9EbEE1E55A]
    ├─ [136713] 0xe33E18b5887cf16ad4E351E98980eb5f50727c31::facetAddresses() [staticcall]
    │   ├─ [134310] RegistryCommunity::fallback() [delegatecall]
    │   │   ├─ [130157] DiamondLoupeFacet::facetAddresses() [delegatecall]
    │   │   │   └─ ← [Return] [0x2e34054dEfFf08386957528BD1862a5d700eD5b5, 0x4c7baAE32Dc25e89CB837b6719d6f95cd23Fa7e0, 0x3A8CC70eb24e7075Ab3CfE2B4572208CD6657040, 0xEB90a5821C417B1F4e95bf95585d62eAA9dE7477, 0xCc343e2aC80Bc5a4886B6F7584Af5e9EAFEdDee8, 0x744D260d7cB764594277840c98118e9EbEE1E55A]
    │   │   └─ ← [Return] [0x2e34054dEfFf08386957528BD1862a5d700eD5b5, 0x4c7baAE32Dc25e89CB837b6719d6f95cd23Fa7e0, 0x3A8CC70eb24e7075Ab3CfE2B4572208CD6657040, 0xEB90a5821C417B1F4e95bf95585d62eAA9dE7477, 0xCc343e2aC80Bc5a4886B6F7584Af5e9EAFEdDee8, 0x744D260d7cB764594277840c98118e9EbEE1E55A]
    │   └─ ← [Return] [0x2e34054dEfFf08386957528BD1862a5d700eD5b5, 0x4c7baAE32Dc25e89CB837b6719d6f95cd23Fa7e0, 0x3A8CC70eb24e7075Ab3CfE2B4572208CD6657040, 0xEB90a5821C417B1F4e95bf95585d62eAA9dE7477, 0xCc343e2aC80Bc5a4886B6F7584Af5e9EAFEdDee8, 0x744D260d7cB764594277840c98118e9EbEE1E55A]
    ├─ [0] VM::parseJsonAddressArray("<stringified JSON>", "$.networks[?(@.name=='gnosis')].PROXIES.CV_STRATEGIES") [staticcall]
    │   └─ ← [Return] [0x0108617cA2e05546C49383D9392ed8Db5D12304c, 0x0421dA9346e4DCb1f9DAcD64DD791D13E5cE2A8F, 0x051e8d96D4e9cDE57d584b8d59a5116784F0D3C7, 0x0A2ecc1f687Ec4E1c19d337a5aC926865e30E818, 0x0FD15b2142a257fa8713Cad2C14ec52C00f71865, 0x105900650FFF3cf4fE52bCE72f26572fe4Fa1FaF, 0x107fBe971A1457A7a442A7fE3e2124d689a66E92, 0x149e1D84858993B6ec3A41e11488C86C289620Ef, 0x1Bd2212C9aA332d22D61a0Be6bCc55b2A1de6C63, 0x1C265d5392dbfc0f43C85384C925F8D147E4d6Bc, 0x1E595cD639d9A835e3Cf5dCEF8e740E2BFe15494, 0x1f6fD908DB173f591Aa6eA4A037D157Ea4E31F68, 0x1f768f218F214339616d7F368114401d66ee2219, 0x2833d75F02aF58D3cD96E22685d2e4ae774e999D, 0x2945DAC39A380Bcf6D82334c75bfB15e569DD38e, 0x2B64e4838bb7E0f4794fE3E40AD5cB71C2BEDDb5, 0x2E3ab6F45e407283E719dA6Eeb7844a2f6bccD07, 0x36F9176031e7dE875659a3d1044Cb62D1C2A9D2d, 0x3D62928a1b27Cd21fbC2633020C5B7c53d8C123d, 0x4082579717EBFf10D8B7fFD2eE6582a9274dbEeC, 0x48eD3dB635557079F8E1d0b83b37097abe78D6F1, 0x48fdb39d6Dc7064F6a3F5f48369Fe26f2E434f5B, 0x561989F8f5F2bCAE9c25BAb1448efB8e2674eBe6, 0x56E020883204ea163bd610272Fc3AE66B3462c6F, 0x5AB65fACFc0ae022f65A5C64Cb3Bf38812bD042a, 0x5CCB743C930271eBD7f254f3cCF909097532c7Be, 0x5Ee0aAA1d51C4284dfcd2EaD9D14BA7561b83000, 0x5F7E9967B940F47623Ad7fce9d59C899A1a114E7, 0x61CBD792c9310fC2d9fa03E99118bD163301cD0A, 0x67fea1EC7Ed0aDfb4026923b4779e4f830Af8E1c, 0x681D02F86578922d33a5e3b7954abDEDF4e3064D, 0x69bCAbc41DAe5DDc5CB2370f7BA472612115e8CE, 0x6cc78e32004429b39c1fB8d7c6620E8511832CC4, 0x6D3E7D4271Cdc083609faE18461Ea1e1589e4e8d, 0x6d5acCc797cC20414f1206CEb2e7665eF777480A, 0x6E7E8b56d16C577ee9C765A756dEB5E6959088af, 0x6E7eD4a6AC5665d55eD779595F2cDB689f205f0f, 0x6Fbb932Dc0645EF63ca0a65340E390498A817d57, 0x728333c30444294CbeA2C2F1A19C84e6Ee77D96B, 0x7336aB83Ec05ccB0D328390e50Ac8b59b1229DA1, 0x74545010e013E5601009305288193cBd5c8702b4, 0x777dDF053FB46A48CCCF5b91D3417d4daf3ec9e2, 0x7C86C9a368324F51C6ef2fe88a1F5A332cAc3c2d, 0x7cC039C127D2e655974F9106567Cdb86f7895c87, 0x7dE5cd9bCcD6D15CA7ebFd9cD37AafBEf6b8d1aD, 0x7Fe71a32D39954844D1954AcaE5191116ad116AC, 0x831fa1BbcDfe199d56213c40340544aEB7912349, 0x873360FBeBBd5b074bcA9E49433Cc2052037b2DD, 0x8a26D8290A65F952f945734fcE1c5dAB23c5Ff29, 0x8bA5D67c25422d59Db51F8abAbb62c4623b80143, 0x94A2Df1DD41580478fF7Cd26b86C555AA0220469, 0x96dEe4849A6AB9E51ae36712794318001515DC91, 0x9Fb2f1813228a97f559E29A6492EE27357FAF8A2, 0xA65228C5661BbA89532b2941ea86853eEBa8a4b9, 0xa774B5c30Fc203811D41Dfc6EDBc5d295f2afF86, 0xa7Ff31BBA33D421c2Fb3aa3688cF64EA60ab4199, 0xa8116D32A742e2323DE416808A9768ebc2A8D179, 0xA840a7506B866EE71d487bF76a8F698249ea9836, 0xAa0195986FFE8F3371444fa77Ee3ED04AC787EEa, 0xAc948bcA716B080df41AFC70F37B7A9f6F3d9C9A, 0xaEE688D041859839Ea3918a6Dfc0165848AcE6EB, 0xb1A275419c817273F470ee1A102CAD7507A25B6f, 0xB26d40C2dC96f35010e9bD1b044e0bDb4224DFb1, 0xB48FE96FCB6b3f7228247690F6a0F21D60002e52, 0xBa5c9429472E9e0AA1D4F0276c7fb45374E2Af6c, 0xbf1D2E31fA3D927673d2E95bFb2d940F5CC8890E, 0xcDd52A838B602910D582ebebE91f24cf284fddD2, 0xd12F4Faab3A770175f5D7E19bD32b1A7AaDc0A31, 0xD59884C190277f56A3dBf4B094e5fE9327150c24, 0xd7cD912eED8e0d8b9F16f362B5239E9419CE9DB9, 0xe652081deB52afA56fB2958994427C662356007B, 0xe8320380D56C4319aab593E45de868b002b3e357, 0xF1eC3cb9A862844aAd68Df495955832a242e39E7, 0xFB075faD5f629124f27787fDa26a774C727661C9, 0xFbad687A935390FF59B36Cd6c9462d0b1948E378]
    ├─ [91884] 0x0108617cA2e05546C49383D9392ed8Db5D12304c::facetAddresses() [staticcall]
    │   ├─ [86981] CVStrategy::fallback() [delegatecall]
    │   │   ├─ [82963] DiamondLoupeFacet::facetAddresses() [delegatecall]
    │   │   │   └─ ← [Return] [0x7B001C3773d95a1213848260430C090676917d39, 0x9728e2D20f191fC1A35e6742B494b3c4566A9485, 0xf46E91F4331Ff52c30BEBCC349300A3454301fF6, 0x9c3b5E49059754E7cA84813Fb076432e61148a63, 0x6151Aa2C3A3869a3eb810A7bf234b60b6e1e822A, 0x744D260d7cB764594277840c98118e9EbEE1E55A]
    │   │   └─ ← [Return] [0x7B001C3773d95a1213848260430C090676917d39, 0x9728e2D20f191fC1A35e6742B494b3c4566A9485, 0xf46E91F4331Ff52c30BEBCC349300A3454301fF6, 0x9c3b5E49059754E7cA84813Fb076432e61148a63, 0x6151Aa2C3A3869a3eb810A7bf234b60b6e1e822A, 0x744D260d7cB764594277840c98118e9EbEE1E55A]
    │   └─ ← [Return] [0x7B001C3773d95a1213848260430C090676917d39, 0x9728e2D20f191fC1A35e6742B494b3c4566A9485, 0xf46E91F4331Ff52c30BEBCC349300A3454301fF6, 0x9c3b5E49059754E7cA84813Fb076432e61148a63, 0x6151Aa2C3A3869a3eb810A7bf234b60b6e1e822A, 0x744D260d7cB764594277840c98118e9EbEE1E55A]
    ├─ [89384] 0x0421dA9346e4DCb1f9DAcD64DD791D13E5cE2A8F::facetAddresses() [staticcall]
    │   ├─ [86981] CVStrategy::fallback() [delegatecall]
    │   │   ├─ [82963] DiamondLoupeFacet::facetAddresses() [delegatecall]
    │   │   │   └─ ← [Return] [0x7B001C3773d95a1213848260430C090676917d39, 0x9728e2D20f191fC1A35e6742B494b3c4566A9485, 0xf46E91F4331Ff52c30BEBCC349300A3454301fF6, 0x9c3b5E49059754E7cA84813Fb076432e61148a63, 0x6151Aa2C3A3869a3eb810A7bf234b60b6e1e822A, 0x744D260d7cB764594277840c98118e9EbEE1E55A]
    │   │   └─ ← [Return] [0x7B001C3773d95a1213848260430C090676917d39, 0x9728e2D20f191fC1A35e6742B494b3c4566A9485, 0xf46E91F4331Ff52c30BEBCC349300A3454301fF6, 0x9c3b5E49059754E7cA84813Fb076432e61148a63, 0x6151Aa2C3A3869a3eb810A7bf234b60b6e1e822A, 0x744D260d7cB764594277840c98118e9EbEE1E55A]
    │   └─ ← [Return] [0x7B001C3773d95a1213848260430C090676917d39, 0x9728e2D20f191fC1A35e6742B494b3c4566A9485, 0xf46E91F4331Ff52c30BEBCC349300A3454301fF6, 0x9c3b5E49059754E7cA84813Fb076432e61148a63, 0x6151Aa2C3A3869a3eb810A7bf234b60b6e1e822A, 0x744D260d7cB764594277840c98118e9EbEE1E55A]
    ├─ [89384] 0x051e8d96D4e9cDE57d584b8d59a5116784F0D3C7::facetAddresses() [staticcall]
    │   ├─ [86981] CVStrategy::fallback() [delegatecall]
    │   │   ├─ [82963] DiamondLoupeFacet::facetAddresses() [delegatecall]
    │   │   │   └─ ← [Return] [0x7B001C3773d95a1213848260430C090676917d39, 0x9728e2D20f191fC1A35e6742B494b3c4566A9485, 0xf46E91F4331Ff52c30BEBCC349300A3454301fF6, 0x9c3b5E49059754E7cA84813Fb076432e61148a63, 0x6151Aa2C3A3869a3eb810A7bf234b60b6e1e822A, 0x744D260d7cB764594277840c98118e9EbEE1E55A]
    │   │   └─ ← [Return] [0x7B001C3773d95a1213848260430C090676917d39, 0x9728e2D20f191fC1A35e6742B494b3c4566A9485, 0xf46E91F4331Ff52c30BEBCC349300A3454301fF6, 0x9c3b5E49059754E7cA84813Fb076432e61148a63, 0x6151Aa2C3A3869a3eb810A7bf234b60b6e1e822A, 0x744D260d7cB764594277840c98118e9EbEE1E55A]
    │   └─ ← [Return] [0x7B001C3773d95a1213848260430C090676917d39, 0x9728e2D20f191fC1A35e6742B494b3c4566A9485, 0xf46E91F4331Ff52c30BEBCC349300A3454301fF6, 0x9c3b5E49059754E7cA84813Fb076432e61148a63, 0x6151Aa2C3A3869a3eb810A7bf234b60b6e1e822A, 0x744D260d7cB764594277840c98118e9EbEE1E55A]
    ├─ [89384] 0x0A2ecc1f687Ec4E1c19d337a5aC926865e30E818::facetAddresses() [staticcall]
    │   ├─ [86981] CVStrategy::fallback() [delegatecall]
    │   │   ├─ [82963] DiamondLoupeFacet::facetAddresses() [delegatecall]
    │   │   │   └─ ← [Return] [0x7B001C3773d95a1213848260430C090676917d39, 0x9728e2D20f191fC1A35e6742B494b3c4566A9485, 0xf46E91F4331Ff52c30BEBCC349300A3454301fF6, 0x9c3b5E49059754E7cA84813Fb076432e61148a63, 0x6151Aa2C3A3869a3eb810A7bf234b60b6e1e822A, 0x744D260d7cB764594277840c98118e9EbEE1E55A]
    │   │   └─ ← [Return] [0x7B001C3773d95a1213848260430C090676917d39, 0x9728e2D20f191fC1A35e6742B494b3c4566A9485, 0xf46E91F4331Ff52c30BEBCC349300A3454301fF6, 0x9c3b5E49059754E7cA84813Fb076432e61148a63, 0x6151Aa2C3A3869a3eb810A7bf234b60b6e1e822A, 0x744D260d7cB764594277840c98118e9EbEE1E55A]
    │   └─ ← [Return] [0x7B001C3773d95a1213848260430C090676917d39, 0x9728e2D20f191fC1A35e6742B494b3c4566A9485, 0xf46E91F4331Ff52c30BEBCC349300A3454301fF6, 0x9c3b5E49059754E7cA84813Fb076432e61148a63, 0x6151Aa2C3A3869a3eb810A7bf234b60b6e1e822A, 0x744D260d7cB764594277840c98118e9EbEE1E55A]
    ├─ [89384] 0x0FD15b2142a257fa8713Cad2C14ec52C00f71865::facetAddresses() [staticcall]
    │   ├─ [86981] CVStrategy::fallback() [delegatecall]
    │   │   ├─ [82963] DiamondLoupeFacet::facetAddresses() [delegatecall]
    │   │   │   └─ ← [Return] [0x7B001C3773d95a1213848260430C090676917d39, 0x9728e2D20f191fC1A35e6742B494b3c4566A9485, 0xf46E91F4331Ff52c30BEBCC349300A3454301fF6, 0x9c3b5E49059754E7cA84813Fb076432e61148a63, 0x6151Aa2C3A3869a3eb810A7bf234b60b6e1e822A, 0x744D260d7cB764594277840c98118e9EbEE1E55A]
    │   │   └─ ← [Return] [0x7B001C3773d95a1213848260430C090676917d39, 0x9728e2D20f191fC1A35e6742B494b3c4566A9485, 0xf46E91F4331Ff52c30BEBCC349300A3454301fF6, 0x9c3b5E49059754E7cA84813Fb076432e61148a63, 0x6151Aa2C3A3869a3eb810A7bf234b60b6e1e822A, 0x744D260d7cB764594277840c98118e9EbEE1E55A]
    │   └─ ← [Return] [0x7B001C3773d95a1213848260430C090676917d39, 0x9728e2D20f191fC1A35e6742B494b3c4566A9485, 0xf46E91F4331Ff52c30BEBCC349300A3454301fF6, 0x9c3b5E49059754E7cA84813Fb076432e61148a63, 0x6151Aa2C3A3869a3eb810A7bf234b60b6e1e822A, 0x744D260d7cB764594277840c98118e9EbEE1E55A]
    ├─ [89384] 0x105900650FFF3cf4fE52bCE72f26572fe4Fa1FaF::facetAddresses() [staticcall]
    │   ├─ [86981] CVStrategy::fallback() [delegatecall]
    │   │   ├─ [82963] DiamondLoupeFacet::facetAddresses() [delegatecall]
    │   │   │   └─ ← [Return] [0x7B001C3773d95a1213848260430C090676917d39, 0x9728e2D20f191fC1A35e6742B494b3c4566A9485, 0xf46E91F4331Ff52c30BEBCC349300A3454301fF6, 0x9c3b5E49059754E7cA84813Fb076432e61148a63, 0x6151Aa2C3A3869a3eb810A7bf234b60b6e1e822A, 0x744D260d7cB764594277840c98118e9EbEE1E55A]
    │   │   └─ ← [Return] [0x7B001C3773d95a1213848260430C090676917d39, 0x9728e2D20f191fC1A35e6742B494b3c4566A9485, 0xf46E91F4331Ff52c30BEBCC349300A3454301fF6, 0x9c3b5E49059754E7cA84813Fb076432e61148a63, 0x6151Aa2C3A3869a3eb810A7bf234b60b6e1e822A, 0x744D260d7cB764594277840c98118e9EbEE1E55A]
    │   └─ ← [Return] [0x7B001C3773d95a1213848260430C090676917d39, 0x9728e2D20f191fC1A35e6742B494b3c4566A9485, 0xf46E91F4331Ff52c30BEBCC349300A3454301fF6, 0x9c3b5E49059754E7cA84813Fb076432e61148a63, 0x6151Aa2C3A3869a3eb810A7bf234b60b6e1e822A, 0x744D260d7cB764594277840c98118e9EbEE1E55A]
    ├─ [89384] 0x107fBe971A1457A7a442A7fE3e2124d689a66E92::facetAddresses() [staticcall]
    │   ├─ [86981] CVStrategy::fallback() [delegatecall]
    │   │   ├─ [82963] DiamondLoupeFacet::facetAddresses() [delegatecall]
    │   │   │   └─ ← [Return] [0x7B001C3773d95a1213848260430C090676917d39, 0x9728e2D20f191fC1A35e6742B494b3c4566A9485, 0xf46E91F4331Ff52c30BEBCC349300A3454301fF6, 0x9c3b5E49059754E7cA84813Fb076432e61148a63, 0x6151Aa2C3A3869a3eb810A7bf234b60b6e1e822A, 0x744D260d7cB764594277840c98118e9EbEE1E55A]
    │   │   └─ ← [Return] [0x7B001C3773d95a1213848260430C090676917d39, 0x9728e2D20f191fC1A35e6742B494b3c4566A9485, 0xf46E91F4331Ff52c30BEBCC349300A3454301fF6, 0x9c3b5E49059754E7cA84813Fb076432e61148a63, 0x6151Aa2C3A3869a3eb810A7bf234b60b6e1e822A, 0x744D260d7cB764594277840c98118e9EbEE1E55A]
    │   └─ ← [Return] [0x7B001C3773d95a1213848260430C090676917d39, 0x9728e2D20f191fC1A35e6742B494b3c4566A9485, 0xf46E91F4331Ff52c30BEBCC349300A3454301fF6, 0x9c3b5E49059754E7cA84813Fb076432e61148a63, 0x6151Aa2C3A3869a3eb810A7bf234b60b6e1e822A, 0x744D260d7cB764594277840c98118e9EbEE1E55A]
    ├─ [89384] 0x149e1D84858993B6ec3A41e11488C86C289620Ef::facetAddresses() [staticcall]
    │   ├─ [86981] CVStrategy::fallback() [delegatecall]
    │   │   ├─ [82963] DiamondLoupeFacet::facetAddresses() [delegatecall]
    │   │   │   └─ ← [Return] [0x7B001C3773d95a1213848260430C090676917d39, 0x9728e2D20f191fC1A35e6742B494b3c4566A9485, 0xf46E91F4331Ff52c30BEBCC349300A3454301fF6, 0x9c3b5E49059754E7cA84813Fb076432e61148a63, 0x6151Aa2C3A3869a3eb810A7bf234b60b6e1e822A, 0x744D260d7cB764594277840c98118e9EbEE1E55A]
    │   │   └─ ← [Return] [0x7B001C3773d95a1213848260430C090676917d39, 0x9728e2D20f191fC1A35e6742B494b3c4566A9485, 0xf46E91F4331Ff52c30BEBCC349300A3454301fF6, 0x9c3b5E49059754E7cA84813Fb076432e61148a63, 0x6151Aa2C3A3869a3eb810A7bf234b60b6e1e822A, 0x744D260d7cB764594277840c98118e9EbEE1E55A]
    │   └─ ← [Return] [0x7B001C3773d95a1213848260430C090676917d39, 0x9728e2D20f191fC1A35e6742B494b3c4566A9485, 0xf46E91F4331Ff52c30BEBCC349300A3454301fF6, 0x9c3b5E49059754E7cA84813Fb076432e61148a63, 0x6151Aa2C3A3869a3eb810A7bf234b60b6e1e822A, 0x744D260d7cB764594277840c98118e9EbEE1E55A]
    ├─ [89384] 0x1Bd2212C9aA332d22D61a0Be6bCc55b2A1de6C63::facetAddresses() [staticcall]
    │   ├─ [86981] CVStrategy::fallback() [delegatecall]
    │   │   ├─ [82963] DiamondLoupeFacet::facetAddresses() [delegatecall]
    │   │   │   └─ ← [Return] [0x7B001C3773d95a1213848260430C090676917d39, 0x9728e2D20f191fC1A35e6742B494b3c4566A9485, 0xf46E91F4331Ff52c30BEBCC349300A3454301fF6, 0x9c3b5E49059754E7cA84813Fb076432e61148a63, 0x6151Aa2C3A3869a3eb810A7bf234b60b6e1e822A, 0x744D260d7cB764594277840c98118e9EbEE1E55A]
    │   │   └─ ← [Return] [0x7B001C3773d95a1213848260430C090676917d39, 0x9728e2D20f191fC1A35e6742B494b3c4566A9485, 0xf46E91F4331Ff52c30BEBCC349300A3454301fF6, 0x9c3b5E49059754E7cA84813Fb076432e61148a63, 0x6151Aa2C3A3869a3eb810A7bf234b60b6e1e822A, 0x744D260d7cB764594277840c98118e9EbEE1E55A]
    │   └─ ← [Return] [0x7B001C3773d95a1213848260430C090676917d39, 0x9728e2D20f191fC1A35e6742B494b3c4566A9485, 0xf46E91F4331Ff52c30BEBCC349300A3454301fF6, 0x9c3b5E49059754E7cA84813Fb076432e61148a63, 0x6151Aa2C3A3869a3eb810A7bf234b60b6e1e822A, 0x744D260d7cB764594277840c98118e9EbEE1E55A]
    ├─ [89384] 0x1C265d5392dbfc0f43C85384C925F8D147E4d6Bc::facetAddresses() [staticcall]
    │   ├─ [86981] CVStrategy::fallback() [delegatecall]
    │   │   ├─ [82963] DiamondLoupeFacet::facetAddresses() [delegatecall]
    │   │   │   └─ ← [Return] [0x7B001C3773d95a1213848260430C090676917d39, 0x9728e2D20f191fC1A35e6742B494b3c4566A9485, 0xf46E91F4331Ff52c30BEBCC349300A3454301fF6, 0x9c3b5E49059754E7cA84813Fb076432e61148a63, 0x6151Aa2C3A3869a3eb810A7bf234b60b6e1e822A, 0x744D260d7cB764594277840c98118e9EbEE1E55A]
    │   │   └─ ← [Return] [0x7B001C3773d95a1213848260430C090676917d39, 0x9728e2D20f191fC1A35e6742B494b3c4566A9485, 0xf46E91F4331Ff52c30BEBCC349300A3454301fF6, 0x9c3b5E49059754E7cA84813Fb076432e61148a63, 0x6151Aa2C3A3869a3eb810A7bf234b60b6e1e822A, 0x744D260d7cB764594277840c98118e9EbEE1E55A]
    │   └─ ← [Return] [0x7B001C3773d95a1213848260430C090676917d39, 0x9728e2D20f191fC1A35e6742B494b3c4566A9485, 0xf46E91F4331Ff52c30BEBCC349300A3454301fF6, 0x9c3b5E49059754E7cA84813Fb076432e61148a63, 0x6151Aa2C3A3869a3eb810A7bf234b60b6e1e822A, 0x744D260d7cB764594277840c98118e9EbEE1E55A]
    ├─ [89384] 0x1E595cD639d9A835e3Cf5dCEF8e740E2BFe15494::facetAddresses() [staticcall]
    │   ├─ [86981] CVStrategy::fallback() [delegatecall]
    │   │   ├─ [82963] DiamondLoupeFacet::facetAddresses() [delegatecall]
    │   │   │   └─ ← [Return] [0x7B001C3773d95a1213848260430C090676917d39, 0x9728e2D20f191fC1A35e6742B494b3c4566A9485, 0xf46E91F4331Ff52c30BEBCC349300A3454301fF6, 0x9c3b5E49059754E7cA84813Fb076432e61148a63, 0x6151Aa2C3A3869a3eb810A7bf234b60b6e1e822A, 0x744D260d7cB764594277840c98118e9EbEE1E55A]
    │   │   └─ ← [Return] [0x7B001C3773d95a1213848260430C090676917d39, 0x9728e2D20f191fC1A35e6742B494b3c4566A9485, 0xf46E91F4331Ff52c30BEBCC349300A3454301fF6, 0x9c3b5E49059754E7cA84813Fb076432e61148a63, 0x6151Aa2C3A3869a3eb810A7bf234b60b6e1e822A, 0x744D260d7cB764594277840c98118e9EbEE1E55A]
    │   └─ ← [Return] [0x7B001C3773d95a1213848260430C090676917d39, 0x9728e2D20f191fC1A35e6742B494b3c4566A9485, 0xf46E91F4331Ff52c30BEBCC349300A3454301fF6, 0x9c3b5E49059754E7cA84813Fb076432e61148a63, 0x6151Aa2C3A3869a3eb810A7bf234b60b6e1e822A, 0x744D260d7cB764594277840c98118e9EbEE1E55A]
    ├─ [89384] 0x1f6fD908DB173f591Aa6eA4A037D157Ea4E31F68::facetAddresses() [staticcall]
    │   ├─ [86981] CVStrategy::fallback() [delegatecall]
    │   │   ├─ [82963] DiamondLoupeFacet::facetAddresses() [delegatecall]
    │   │   │   └─ ← [Return] [0x7B001C3773d95a1213848260430C090676917d39, 0x9728e2D20f191fC1A35e6742B494b3c4566A9485, 0xf46E91F4331Ff52c30BEBCC349300A3454301fF6, 0x9c3b5E49059754E7cA84813Fb076432e61148a63, 0x6151Aa2C3A3869a3eb810A7bf234b60b6e1e822A, 0x744D260d7cB764594277840c98118e9EbEE1E55A]
    │   │   └─ ← [Return] [0x7B001C3773d95a1213848260430C090676917d39, 0x9728e2D20f191fC1A35e6742B494b3c4566A9485, 0xf46E91F4331Ff52c30BEBCC349300A3454301fF6, 0x9c3b5E49059754E7cA84813Fb076432e61148a63, 0x6151Aa2C3A3869a3eb810A7bf234b60b6e1e822A, 0x744D260d7cB764594277840c98118e9EbEE1E55A]
    │   └─ ← [Return] [0x7B001C3773d95a1213848260430C090676917d39, 0x9728e2D20f191fC1A35e6742B494b3c4566A9485, 0xf46E91F4331Ff52c30BEBCC349300A3454301fF6, 0x9c3b5E49059754E7cA84813Fb076432e61148a63, 0x6151Aa2C3A3869a3eb810A7bf234b60b6e1e822A, 0x744D260d7cB764594277840c98118e9EbEE1E55A]
    ├─ [89384] 0x1f768f218F214339616d7F368114401d66ee2219::facetAddresses() [staticcall]
    │   ├─ [86981] CVStrategy::fallback() [delegatecall]
    │   │   ├─ [82963] DiamondLoupeFacet::facetAddresses() [delegatecall]
    │   │   │   └─ ← [Return] [0x7B001C3773d95a1213848260430C090676917d39, 0x9728e2D20f191fC1A35e6742B494b3c4566A9485, 0xf46E91F4331Ff52c30BEBCC349300A3454301fF6, 0x9c3b5E49059754E7cA84813Fb076432e61148a63, 0x6151Aa2C3A3869a3eb810A7bf234b60b6e1e822A, 0x744D260d7cB764594277840c98118e9EbEE1E55A]
    │   │   └─ ← [Return] [0x7B001C3773d95a1213848260430C090676917d39, 0x9728e2D20f191fC1A35e6742B494b3c4566A9485, 0xf46E91F4331Ff52c30BEBCC349300A3454301fF6, 0x9c3b5E49059754E7cA84813Fb076432e61148a63, 0x6151Aa2C3A3869a3eb810A7bf234b60b6e1e822A, 0x744D260d7cB764594277840c98118e9EbEE1E55A]
    │   └─ ← [Return] [0x7B001C3773d95a1213848260430C090676917d39, 0x9728e2D20f191fC1A35e6742B494b3c4566A9485, 0xf46E91F4331Ff52c30BEBCC349300A3454301fF6, 0x9c3b5E49059754E7cA84813Fb076432e61148a63, 0x6151Aa2C3A3869a3eb810A7bf234b60b6e1e822A, 0x744D260d7cB764594277840c98118e9EbEE1E55A]
    ├─ [89384] 0x2833d75F02aF58D3cD96E22685d2e4ae774e999D::facetAddresses() [staticcall]
    │   ├─ [86981] CVStrategy::fallback() [delegatecall]
    │   │   ├─ [82963] DiamondLoupeFacet::facetAddresses() [delegatecall]
    │   │   │   └─ ← [Return] [0x7B001C3773d95a1213848260430C090676917d39, 0x9728e2D20f191fC1A35e6742B494b3c4566A9485, 0xf46E91F4331Ff52c30BEBCC349300A3454301fF6, 0x9c3b5E49059754E7cA84813Fb076432e61148a63, 0x6151Aa2C3A3869a3eb810A7bf234b60b6e1e822A, 0x744D260d7cB764594277840c98118e9EbEE1E55A]
    │   │   └─ ← [Return] [0x7B001C3773d95a1213848260430C090676917d39, 0x9728e2D20f191fC1A35e6742B494b3c4566A9485, 0xf46E91F4331Ff52c30BEBCC349300A3454301fF6, 0x9c3b5E49059754E7cA84813Fb076432e61148a63, 0x6151Aa2C3A3869a3eb810A7bf234b60b6e1e822A, 0x744D260d7cB764594277840c98118e9EbEE1E55A]
    │   └─ ← [Return] [0x7B001C3773d95a1213848260430C090676917d39, 0x9728e2D20f191fC1A35e6742B494b3c4566A9485, 0xf46E91F4331Ff52c30BEBCC349300A3454301fF6, 0x9c3b5E49059754E7cA84813Fb076432e61148a63, 0x6151Aa2C3A3869a3eb810A7bf234b60b6e1e822A, 0x744D260d7cB764594277840c98118e9EbEE1E55A]
    ├─ [89384] 0x2945DAC39A380Bcf6D82334c75bfB15e569DD38e::facetAddresses() [staticcall]
    │   ├─ [86981] CVStrategy::fallback() [delegatecall]
    │   │   ├─ [82963] DiamondLoupeFacet::facetAddresses() [delegatecall]
    │   │   │   └─ ← [Return] [0x7B001C3773d95a1213848260430C090676917d39, 0x9728e2D20f191fC1A35e6742B494b3c4566A9485, 0xf46E91F4331Ff52c30BEBCC349300A3454301fF6, 0x9c3b5E49059754E7cA84813Fb076432e61148a63, 0x6151Aa2C3A3869a3eb810A7bf234b60b6e1e822A, 0x744D260d7cB764594277840c98118e9EbEE1E55A]
    │   │   └─ ← [Return] [0x7B001C3773d95a1213848260430C090676917d39, 0x9728e2D20f191fC1A35e6742B494b3c4566A9485, 0xf46E91F4331Ff52c30BEBCC349300A3454301fF6, 0x9c3b5E49059754E7cA84813Fb076432e61148a63, 0x6151Aa2C3A3869a3eb810A7bf234b60b6e1e822A, 0x744D260d7cB764594277840c98118e9EbEE1E55A]
    │   └─ ← [Return] [0x7B001C3773d95a1213848260430C090676917d39, 0x9728e2D20f191fC1A35e6742B494b3c4566A9485, 0xf46E91F4331Ff52c30BEBCC349300A3454301fF6, 0x9c3b5E49059754E7cA84813Fb076432e61148a63, 0x6151Aa2C3A3869a3eb810A7bf234b60b6e1e822A, 0x744D260d7cB764594277840c98118e9EbEE1E55A]
    ├─ [89384] 0x2B64e4838bb7E0f4794fE3E40AD5cB71C2BEDDb5::facetAddresses() [staticcall]
    │   ├─ [86981] CVStrategy::fallback() [delegatecall]
    │   │   ├─ [82963] DiamondLoupeFacet::facetAddresses() [delegatecall]
    │   │   │   └─ ← [Return] [0x7B001C3773d95a1213848260430C090676917d39, 0x9728e2D20f191fC1A35e6742B494b3c4566A9485, 0xf46E91F4331Ff52c30BEBCC349300A3454301fF6, 0x9c3b5E49059754E7cA84813Fb076432e61148a63, 0x6151Aa2C3A3869a3eb810A7bf234b60b6e1e822A, 0x744D260d7cB764594277840c98118e9EbEE1E55A]
    │   │   └─ ← [Return] [0x7B001C3773d95a1213848260430C090676917d39, 0x9728e2D20f191fC1A35e6742B494b3c4566A9485, 0xf46E91F4331Ff52c30BEBCC349300A3454301fF6, 0x9c3b5E49059754E7cA84813Fb076432e61148a63, 0x6151Aa2C3A3869a3eb810A7bf234b60b6e1e822A, 0x744D260d7cB764594277840c98118e9EbEE1E55A]
    │   └─ ← [Return] [0x7B001C3773d95a1213848260430C090676917d39, 0x9728e2D20f191fC1A35e6742B494b3c4566A9485, 0xf46E91F4331Ff52c30BEBCC349300A3454301fF6, 0x9c3b5E49059754E7cA84813Fb076432e61148a63, 0x6151Aa2C3A3869a3eb810A7bf234b60b6e1e822A, 0x744D260d7cB764594277840c98118e9EbEE1E55A]
    ├─ [89384] 0x2E3ab6F45e407283E719dA6Eeb7844a2f6bccD07::facetAddresses() [staticcall]
    │   ├─ [86981] CVStrategy::fallback() [delegatecall]
    │   │   ├─ [82963] DiamondLoupeFacet::facetAddresses() [delegatecall]
    │   │   │   └─ ← [Return] [0x7B001C3773d95a1213848260430C090676917d39, 0x9728e2D20f191fC1A35e6742B494b3c4566A9485, 0xf46E91F4331Ff52c30BEBCC349300A3454301fF6, 0x9c3b5E49059754E7cA84813Fb076432e61148a63, 0x6151Aa2C3A3869a3eb810A7bf234b60b6e1e822A, 0x744D260d7cB764594277840c98118e9EbEE1E55A]
    │   │   └─ ← [Return] [0x7B001C3773d95a1213848260430C090676917d39, 0x9728e2D20f191fC1A35e6742B494b3c4566A9485, 0xf46E91F4331Ff52c30BEBCC349300A3454301fF6, 0x9c3b5E49059754E7cA84813Fb076432e61148a63, 0x6151Aa2C3A3869a3eb810A7bf234b60b6e1e822A, 0x744D260d7cB764594277840c98118e9EbEE1E55A]
    │   └─ ← [Return] [0x7B001C3773d95a1213848260430C090676917d39, 0x9728e2D20f191fC1A35e6742B494b3c4566A9485, 0xf46E91F4331Ff52c30BEBCC349300A3454301fF6, 0x9c3b5E49059754E7cA84813Fb076432e61148a63, 0x6151Aa2C3A3869a3eb810A7bf234b60b6e1e822A, 0x744D260d7cB764594277840c98118e9EbEE1E55A]
    ├─ [89384] 0x36F9176031e7dE875659a3d1044Cb62D1C2A9D2d::facetAddresses() [staticcall]
    │   ├─ [86981] CVStrategy::fallback() [delegatecall]
    │   │   ├─ [82963] DiamondLoupeFacet::facetAddresses() [delegatecall]
    │   │   │   └─ ← [Return] [0x7B001C3773d95a1213848260430C090676917d39, 0x9728e2D20f191fC1A35e6742B494b3c4566A9485, 0xf46E91F4331Ff52c30BEBCC349300A3454301fF6, 0x9c3b5E49059754E7cA84813Fb076432e61148a63, 0x6151Aa2C3A3869a3eb810A7bf234b60b6e1e822A, 0x744D260d7cB764594277840c98118e9EbEE1E55A]
    │   │   └─ ← [Return] [0x7B001C3773d95a1213848260430C090676917d39, 0x9728e2D20f191fC1A35e6742B494b3c4566A9485, 0xf46E91F4331Ff52c30BEBCC349300A3454301fF6, 0x9c3b5E49059754E7cA84813Fb076432e61148a63, 0x6151Aa2C3A3869a3eb810A7bf234b60b6e1e822A, 0x744D260d7cB764594277840c98118e9EbEE1E55A]
    │   └─ ← [Return] [0x7B001C3773d95a1213848260430C090676917d39, 0x9728e2D20f191fC1A35e6742B494b3c4566A9485, 0xf46E91F4331Ff52c30BEBCC349300A3454301fF6, 0x9c3b5E49059754E7cA84813Fb076432e61148a63, 0x6151Aa2C3A3869a3eb810A7bf234b60b6e1e822A, 0x744D260d7cB764594277840c98118e9EbEE1E55A]
    ├─ [89384] 0x3D62928a1b27Cd21fbC2633020C5B7c53d8C123d::facetAddresses() [staticcall]
    │   ├─ [86981] CVStrategy::fallback() [delegatecall]
    │   │   ├─ [82963] DiamondLoupeFacet::facetAddresses() [delegatecall]
    │   │   │   └─ ← [Return] [0x7B001C3773d95a1213848260430C090676917d39, 0x9728e2D20f191fC1A35e6742B494b3c4566A9485, 0xf46E91F4331Ff52c30BEBCC349300A3454301fF6, 0x9c3b5E49059754E7cA84813Fb076432e61148a63, 0x6151Aa2C3A3869a3eb810A7bf234b60b6e1e822A, 0x744D260d7cB764594277840c98118e9EbEE1E55A]
    │   │   └─ ← [Return] [0x7B001C3773d95a1213848260430C090676917d39, 0x9728e2D20f191fC1A35e6742B494b3c4566A9485, 0xf46E91F4331Ff52c30BEBCC349300A3454301fF6, 0x9c3b5E49059754E7cA84813Fb076432e61148a63, 0x6151Aa2C3A3869a3eb810A7bf234b60b6e1e822A, 0x744D260d7cB764594277840c98118e9EbEE1E55A]
    │   └─ ← [Return] [0x7B001C3773d95a1213848260430C090676917d39, 0x9728e2D20f191fC1A35e6742B494b3c4566A9485, 0xf46E91F4331Ff52c30BEBCC349300A3454301fF6, 0x9c3b5E49059754E7cA84813Fb076432e61148a63, 0x6151Aa2C3A3869a3eb810A7bf234b60b6e1e822A, 0x744D260d7cB764594277840c98118e9EbEE1E55A]
    ├─ [6235] ERC1967Proxy::fallback() [staticcall]
    │   ├─ [3864] CVStrategy::fallback() [delegatecall]
    │   │   └─ ← [Revert] StrategyFunctionDoesNotExist(0x52ef6b2c)
    │   └─ ← [Revert] StrategyFunctionDoesNotExist(0x52ef6b2c)
    └─ ← [Revert] cv strategy loupe mismatch


Error: script failed: cv strategy loupe mismatch
task: Failed to run task "upgrade-gnosis": exit status 1
