=== celo (42220) ===
gas_price=280001400000
No files changed, compilation skipped
Script ran successfully.

== Logs ==
  Factory 0xA2e7637A6Ffd7576b7352ec7A34b9EE38E7E7E6C
  Factory implementation 0xb9792C4274d3f4Eb9021636B2015a825651EE15B
  Superfluid host 0xA4Ff07cF81C02CFD356184879D953970cA957585
  Escrow implementation 0x7A7f66D4F6f388434cF754FF1CF306e87C412977
  Escrows 17
  Existing escrow upgrades 17
  Deploy only false
  Safe payload true
  Safe payload written /home/corantin/Documents/GitHub/gardens-v2/pkg/contracts/transaction-builder/celo-streaming-escrow-upgrade-payload.json
  Existing escrows checked 17

## Setting up 1 EVM.

==========================

Chain 42220

Estimated gas price: 280.0014 gwei

Estimated total gas used for script: 5634189

Estimated amount required: 1.5775808078646 CELO

==========================


==========================

ONCHAIN EXECUTION COMPLETE & SUCCESSFUL.
##
Start verification for (2) contracts
Start verifying contract `0xF8d51b5b2aaDD3Ed531a4E4E20b956F3EA3b728c` deployed on celo
EVM version: prague
Compiler version: 0.8.23
Optimizations:    0

Submitting verification for [pkg/contracts/src/CVStrategy/StreamingEscrowFactory.sol:StreamingEscrowFactory] 0xF8d51b5b2aaDD3Ed531a4E4E20b956F3EA3b728c.
Warning: Could not detect deployment: Unable to locate ContractCode at 0xf8d51b5b2aadd3ed531a4e4e20b956f3ea3b728c; waiting 5 seconds before trying again (4 tries remaining)

Submitting verification for [pkg/contracts/src/CVStrategy/StreamingEscrowFactory.sol:StreamingEscrowFactory] 0xF8d51b5b2aaDD3Ed531a4E4E20b956F3EA3b728c.
Submitted contract for verification:
	Response: `OK`
	GUID: `ptpb7xg5fdutm9pdbkwhzk4gkgr9qr3z8cced7fb3jndx83wvy`
	URL: https://celoscan.io/address/0xf8d51b5b2aadd3ed531a4e4e20b956f3ea3b728c
Contract verification status:
Response: `NOTOK`
Details: `Pending in queue`
Warning: Verification is still pending...; waiting 15 seconds before trying again (7 tries remaining)
Contract verification status:
Response: `OK`
Details: `Pass - Verified`
Contract successfully verified
Start verifying contract `0x7A7f66D4F6f388434cF754FF1CF306e87C412977` deployed on celo
EVM version: prague
Compiler version: 0.8.23
Optimizations:    0

Submitting verification for [pkg/contracts/src/CVStrategy/StreamingEscrow.sol:StreamingEscrow] 0x7A7f66D4F6f388434cF754FF1CF306e87C412977.
Submitted contract for verification:
	Response: `OK`
	GUID: `pcrty2gkcdel6qwvyd4gqy2b2exukkbttuwttyauyyvjs6aupx`
	URL: https://celoscan.io/address/0x7a7f66d4f6f388434cf754ff1cf306e87c412977
Contract verification status:
Response: `NOTOK`
Details: `Pending in queue`
Warning: Verification is still pending...; waiting 15 seconds before trying again (7 tries remaining)
Contract verification status:
Response: `OK`
Details: `Pass - Verified`
Contract successfully verified
All (2) contracts were verified!

Transactions saved to: /home/corantin/Documents/GitHub/gardens-v2/broadcast/DeployOrUpgradeStreamingEscrows.s.sol/42220/run-latest.json

Sensitive values saved to: /home/corantin/Documents/GitHub/gardens-v2/pkg/contracts/cache/DeployOrUpgradeStreamingEscrows.s.sol/42220/run-latest.json

