=== regenerate ethereum (1) impl=0xc9d4e0dacd937364793278180551e59d93cd43f9 ===
Compiling 1 files with Solc 0.8.23
Solc 0.8.23 finished in 7.69s
Compiler run successful with warnings:
Warning (5740): Unreachable code.
   --> pkg/contracts/src/RegistryCommunity/RegistryCommunity.sol:231:36:
    |
231 |         if (!isMember(msg.sender)) {
    |                                    ^ (Relevant source part starts here and spans across multiple lines).

Warning (5740): Unreachable code.
   --> pkg/contracts/src/RegistryCommunity/RegistryCommunity.sol:237:33:
    |
237 |         if (!isMember(_sender)) {
    |                                 ^ (Relevant source part starts here and spans across multiple lines).

Warning (2072): Unused local variable.
   --> pkg/contracts/src/RegistryCommunity/RegistryCommunity.sol:338:9:
    |
338 |         address[] memory pool_initialMembers;
    |         ^^^^^^^^^^^^^^^^^^^^^^^^^^^^^^^^^^^^

Warning (5667): Unused function parameter. Remove or comment out the variable name to silence this warning.
   --> pkg/contracts/src/RegistryCommunity/RegistryCommunity.sol:368:25:
    |
368 |     function createPool(address _token, CVStrategyInitializeParamsV0_3 memory _params, Metadata memory _metadata)
    |                         ^^^^^^^^^^^^^^

Warning (5667): Unused function parameter. Remove or comment out the variable name to silence this warning.
   --> pkg/contracts/src/RegistryCommunity/RegistryCommunity.sol:368:41:
    |
368 |     function createPool(address _token, CVStrategyInitializeParamsV0_3 memory _params, Metadata memory _metadata)
    |                                         ^^^^^^^^^^^^^^^^^^^^^^^^^^^^^^^^^^^^^^^^^^^^^

Warning (5667): Unused function parameter. Remove or comment out the variable name to silence this warning.
   --> pkg/contracts/src/RegistryCommunity/RegistryCommunity.sol:368:88:
    |
368 |     function createPool(address _token, CVStrategyInitializeParamsV0_3 memory _params, Metadata memory _metadata)
    |                                                                                        ^^^^^^^^^^^^^^^^^^^^^^^^^

Warning (5667): Unused function parameter. Remove or comment out the variable name to silence this warning.
   --> pkg/contracts/src/RegistryCommunity/RegistryCommunity.sol:371:18:
    |
371 |         returns (uint256 poolId, address strategy)
    |                  ^^^^^^^^^^^^^^

Warning (5667): Unused function parameter. Remove or comment out the variable name to silence this warning.
   --> pkg/contracts/src/RegistryCommunity/RegistryCommunity.sol:371:34:
    |
371 |         returns (uint256 poolId, address strategy)
    |                                  ^^^^^^^^^^^^^^^^

Warning (5667): Unused function parameter. Remove or comment out the variable name to silence this warning.
   --> pkg/contracts/src/RegistryCommunity/RegistryCommunity.sol:380:9:
    |
380 |         address _strategy,
    |         ^^^^^^^^^^^^^^^^^

Warning (5667): Unused function parameter. Remove or comment out the variable name to silence this warning.
   --> pkg/contracts/src/RegistryCommunity/RegistryCommunity.sol:381:9:
    |
381 |         address _token,
    |         ^^^^^^^^^^^^^^

Warning (5667): Unused function parameter. Remove or comment out the variable name to silence this warning.
   --> pkg/contracts/src/RegistryCommunity/RegistryCommunity.sol:382:9:
    |
382 |         CVStrategyInitializeParamsV0_3 memory _params,
    |         ^^^^^^^^^^^^^^^^^^^^^^^^^^^^^^^^^^^^^^^^^^^^^

Warning (5667): Unused function parameter. Remove or comment out the variable name to silence this warning.
   --> pkg/contracts/src/RegistryCommunity/RegistryCommunity.sol:383:9:
    |
383 |         Metadata memory _metadata
    |         ^^^^^^^^^^^^^^^^^^^^^^^^^

Warning (5667): Unused function parameter. Remove or comment out the variable name to silence this warning.
   --> pkg/contracts/src/RegistryCommunity/RegistryCommunity.sol:384:31:
    |
384 |     ) public virtual returns (uint256 poolId, address strategy) {
    |                               ^^^^^^^^^^^^^^

Warning (5667): Unused function parameter. Remove or comment out the variable name to silence this warning.
   --> pkg/contracts/src/RegistryCommunity/RegistryCommunity.sol:384:47:
    |
384 |     ) public virtual returns (uint256 poolId, address strategy) {
    |                                               ^^^^^^^^^^^^^^^^

Warning (5667): Unused function parameter. Remove or comment out the variable name to silence this warning.
   --> pkg/contracts/src/CVStrategy/CVStrategy.sol:747:30:
    |
747 |     function disputeProposal(uint256 proposalId, string calldata context, bytes calldata _extraData)
    |                              ^^^^^^^^^^^^^^^^^^

Warning (5667): Unused function parameter. Remove or comment out the variable name to silence this warning.
   --> pkg/contracts/src/CVStrategy/CVStrategy.sol:747:50:
    |
747 |     function disputeProposal(uint256 proposalId, string calldata context, bytes calldata _extraData)
    |                                                  ^^^^^^^^^^^^^^^^^^^^^^^

Warning (5667): Unused function parameter. Remove or comment out the variable name to silence this warning.
   --> pkg/contracts/src/CVStrategy/CVStrategy.sol:747:75:
    |
747 |     function disputeProposal(uint256 proposalId, string calldata context, bytes calldata _extraData)
    |                                                                           ^^^^^^^^^^^^^^^^^^^^^^^^^

Warning (2018): Function state mutability can be restricted to view
  --> pkg/contracts/src/CVStrategy/PowerManagementUtils.sol:30:5:
   |
30 |     function increasePowerCapped(
   |     ^ (Relevant source part starts here and spans across multiple lines).

Warning (2018): Function state mutability can be restricted to view
  --> pkg/contracts/src/CVStrategy/PowerManagementUtils.sol:47:5:
   |
47 |     function increasePowerQuadratic(IVotingPowerRegistry _votingPowerRegistry, address _member, uint256 _amountToStake)
   |     ^ (Relevant source part starts here and spans across multiple lines).

Warning (2018): Function state mutability can be restricted to view
  --> pkg/contracts/src/CVStrategy/PowerManagementUtils.sol:93:5:
   |
93 |     function decreasePowerQuadratic(
   |     ^ (Relevant source part starts here and spans across multiple lines).

Warning (2018): Function state mutability can be restricted to view
   --> pkg/contracts/src/CVStrategy/CVStrategy.sol:298:5:
    |
298 |     function checkSenderIsMember(address _sender) internal {
    |     ^ (Relevant source part starts here and spans across multiple lines).

Warning (2018): Function state mutability can be restricted to pure
   --> pkg/contracts/src/SafeArbitrator.sol:165:5:
    |
165 |     function arbitrationCost(
    |     ^ (Relevant source part starts here and spans across multiple lines).

Script ran successfully.

== Logs ==
  Factory 0x87ad877E190a18fA4Da4F4CaBFd5C137353f5f57
  Factory implementation 0x099381D60A03ECe682F9b90af60238630D2D95e9
  Superfluid host 0x4E583d9390082B65Bef884b629DFA426114CED6d
  Escrow implementation 0xC9D4e0DACd937364793278180551E59d93CD43f9
  Escrows 0
  Existing escrow upgrades 0
  Deploy only false
  Upgrade factory false
  Safe payload true
  Safe payload written /home/corantin/Documents/GitHub/gardens-v2/pkg/contracts/transaction-builder/ethereum-streaming-escrow-upgrade-payload.json
  Existing escrows checked 0
